<?xml version="1.0" encoding="UTF-8"?>
<!-- Generated by org.testng.reporters.JUnitReportReporter -->
<testsuite hostname="LAPTOP-DUJVT34T" failures="0" tests="1" name="com.google.www.captcha" time="18.759" errors="1" timestamp="2024-07-29T21:06:20 IST" skipped="0">
  <testcase classname="com.google.www.captcha" name="captcha2" time="18.759">
    <error message="element click intercepted: Element &lt;img id=&quot;output&quot; style=&quot;width:auto;&quot; src=&quot;data:image/png;base64,iVBORw0KGgoAAAANSUhEUgAAASAAAABaCAIAAACXLxzEAAAACXBIWXMAAA7EAAAOxAGVKw4bAAAgAElEQVR4nDy7144lWZamt7UyfaSLcA+RoqqmqsX0ED2YvhiQAAGCGAIESYAgH4WPOLzhAKyq7urMyozwCPfjR5s225oXPuAL2MW2tfZa///9G/7b/+t/WC7X1bIchmEYOkKI9z5Jkrbtn593ZV6lWTaOU7msMIBd1wVvIYwYYy7o0E+MsV9//XWxWP3w429Pp1M/jZvNhmPQ9U0IIcbIOe+6Ls/Ky+WSZdk4jkIoxpgQommaz58/M8YIFX3fZ2kyjr2ehpubTZqmxjtCaVqUjLF5ni/H0+V0lpy+e3fnAJzn+cOHT9M0ffny5d27d5vN5nA4zPPIOeeCQggBiAAE55x12syTVIIyHgJwNngfnfPGGC4Ta63Wer1eEkJ2ry+IwKqq2mZomoYxVpS5s95YLbhUiWSMvby8OOfu728Xi8X5fL5er1VR/vn//WOapqvVap5nCPFqu5knfTqdKOXee+djVVXex8vlopRKkuT19TVJEko5wRQCUNfXpmkQAtUigzAWWfr09NQ0zadPn9I068beRlutikxlBMP6cp36IZFKa/3+4aFtm6bvlqvVy8sLYghAvF4tHm4358Px9XCKEAy9bqdRikRbVxTFer2+nM6bzeZ6vrRtG6y7u79Rmfz555+9A9Nkp9Hd3Nxwzuv68sMP30EU+r4lhGit9/t9mua3t1uZoN3rV4x43/fW+ru7O6VUjF4o+fLyjVIqhAoRj8O035/HcVytFpvNRgh2PB201qvVQgjmvY8xhhAo5SEEKVIAwOFwijEG5621t+tVURSX0/nPf/6z1vYf/uEfymq5O+z7vt1sNsD5pmm2i40qsmYafHR93QrGCCGQQIjh07evm9Xy/u4GRdA218vxNNs5KUofgXdQa0M51Vp3XbNeL1WmXl5eFmU5jiMCmFGBAOZcCCqMc79++azS5PZ2izHevb5orZUSMUalRNu2XTcopcqyNMZcr01w/sPjh4+Pj7vd7nw54t//z/8Ygg8xZll2up6rxYIgPM9Ga8uZzNJ8GMem6RBG3lqtNUZQCC4kSxJJCIkxXK91WVY3t3dN0wzjlCTJ0+dfV+sKY3S9XpbLFUKoKHIAI0ZEa22tmeeJEJwkCoAohIQIhxCWy0WSiCJPb2+3UgpMcISxudZfv3211nz8+PD9dx+rMieUAAS1dVzKtu+atkUYW+8iBAGAuq1f969N27rgffDjPA19512AACFIood9N5xP1+Px2tTDenHTtV3bDTe3t0qlz88v0cP1ajuMI0KYUha8R4gsl8ssK6ZpihEAAJMkZYy1bdf3Qwixa1vByN3d7Wq5GMcBxAgBOOwP0zhmeUYpQRgtFlWE4Hw5WedmPf/lX/7MGBdChhhiCDFGhABlOAT77uH+4f4OIVhV5fff/5DnmUoT622W59EDM2ujbZZmN9sbb9xqtf7555/SNFut1//5P//fQsqHx8fdy+5utR3HuesnKRMpU8J4UVQxQsElY9Q7n2XJ9XrEGJZFmiTKODuO02q5ZVQ4C/KsgBC9lRFCoOtaHyxCkBK2Wq0Zx8Z22+3m/fsPGDMQMcGiH2ZrI6UUAChFghHhQo7jdL022+22rq/H4/Fw2IfgGWPeuxA8RLHvO4SwEHKeZ2f9NE0vL7thGAhmznkEYNPU4zA4F6ZJQ0AWy5Wz7vbujlLS1u0866GbnI/VelV3bX2tOedCSoyRseZl99J3XfDu8PJ6OR5B9ItFud6srdPVouq7zlmzWi7u7m+KoiAYMUqVTAmmCGDnHAQwz7M8TREECGEz67ap+7bz1mVJuqjKLEkl54JxyWVZFEWeB+eDDWmSCCGsd4fT0bgZ/+Y//cPhcLheLozzNElvNjfjOL2+HvRsy7KkhP76+QshxBrbdW2MYb1elWWh9Xw6Hb/77tPz8zdM8I8//Dgb/brbO+uev31rmuvvf/c7q+2//vzzarlxIRDKnPNcCG20dW6eZkppIvk0DtYYH7xxer2qklRSjITkl+tlf3wty2qzXVfLEhMUvJ+nyTvDpbpeW+udUgnGkFJirdntXpyzQnBrLSG4KPM0VQgBhGCi1Gq5VCplVAAAtbbzZDChaZoyyrMsb5rr6+uhvpyt91Ve+hhDAFIKSuk0zTHGPM/mWf/5z38ihBBCsiwDEXR9xzmvqmqe9L/727/pmvbp85e6ad6//3BzczMMIxWcMS6l7Pr+crmcLydn/XK5wBhlRfLu/hYjtN/vD8eDNhNjNMlUmihjdNu3PoS7dw9lVV3rWmttjN7tXpqm/vjh42q5Ct5X1XK9Wf0//+W/JGm2WK3SNBn1vFqtIIAIQUrZOIzjOBdlmSQpxixJU++dFNxorfWkJH95ecnz7OOHR5XIadaUie8+/Ug5b9tOKpHnWZ6nh+MrxmgcB4hAlmWLZbVcLrWZ+75ZrVeJyg/Hy9BNAOF51pSyYRirqtLa/PLLr9Y6ABCE6O///u/zPHt8fEzTJIKYpulms4YQfPnylKYZ55wQer02etYhgHk2eVa5CAgm1rnD4ZBk2Q8//BACOJ5O+/3eWr1YVp9/+fnzl1+yNAvBW+f+/NM/X+sagCgEv9b18XTAGBGK8yxfLhdSyuVqKYUwzmJCjLV9N+5fdyH47WatlLpeTvM0lUVxOh2325vFYtl1Xd/1SiXeub/++kUI8fj4mKRqURQ//vgdiGH38o0SPPYDBIBRkqdpnqYYQcXZu7t7Y/Tu5ZkSXJQF3v6HDwTRPMu/fHlilFljj4dT23RlWSqlur6jlICIo4OX8+XD+8csz/f7XZKoGANC8Pn52XtvzJxn6XJRnU8n5+y6XG9XtzEiPbvj5Xw8X65tu9qsu6F3wSepWiwqxZmSvMgyH+w8D4zj42kfo5cJj8AXVS6UiMAXZbZYLvM844KH4K9Nt3vdew82q03X1JfLMU0ko5hRvKjKaRz0PPVdO08TZzTLkjxLsiwFEb3uDhAi55y1BkBwPh2GoVsui7JMN+vl/vWlKgsQA6NkGscIYt00QgilBKUEwHi9Xhmnf/d3f+u945y1bdPUbZ4XnHHFxe9/81tO2bVpIMbVYqWdm2aNCJlmAyAMIQAAhJTTNF7bermu8izJiywAjylcrEohGaV4uV5eLpfFckk5o4zHCH766ef9/rBcL50dz8eDYMwF9/q68zBgSq/dddRTN/ZazwBCSiljtCzLvmmLovARCClOp5PWc1kUZp4xhEWWDl27WlTTPFdV5ZzDhL7s9rO231528zxViwWhcJx6hAGAPgL/7fkb53SxWFhrEULzPH3+/Hmazfbmrm2GadaP7x+c9/vDK+PMBxsBqBYLY+wwDJvNWgjx9evT47uH9Wp1PO4F533XLRcL69zz80uW5RAS48I0266ffIDauL/8/IsH+NS0EeGb+zuVJtpqwpFImA/m9n4rOctytVxWzs8RWCbJh08fMQLeW21mHxzBCCGkpEySpB+6GKNQAlI66qmuuxiANy46DwFgFMMQhr4FMK7Xq3me+rYzWm9WN6vVur62v/z6dKnr1XbFJTufTxCDLFGMovWq4owoyaUQ1aI6nY5fn75IQVMlQHRm6inBhOLz6YxX//ihaRpK6c12mxfFfr8fx/nm5iZN05eXl8PxyBh31m83N1mebrfbLEsIQUmirtfL09NX791yuUySJE2zsiwYZWVWmMkSQsdp0kanWV5WpUoUIohQ6pyGADird8/P+9cdRmizXlNOy6qSiudFxjhHBOVFLiUfx2Ech6Zt+77r+6EbekRIVS0oedvgQ1UVeZ5P02CtyfMMQojQfy1ohCBEQOu56zo9m/ra9H2/2+3qui6K7PHx3W9+80OSqKapx7GXkv/N3/xhuagYo8PUAwiMNZjAru+a5hJjoBS/zW3v3X7/+vT0JU1TKUXTtHmaTH1f1/XpfJ1nAzAep6nrRwhRjPFwOMzzjBBSifj93/7h4eHd07cnM49azyG4JFXL5aosS5UoQvDxdJzmaZ61NkYbQyiRSsUQfvPjdzebpfP+erkAAAAE/dDNWkMIGWOr1QpA0Hetc85bDWDU1kcAAIKH47FrWkoJIyRRchyGrm2HcQAhvv/wYRzHEOL29qZuW60NJtg5WzcXAGOWKkKwdXq1WlJCtNZSSozx+Xyu22a5XBrjpml2zo3TNAy9c1brmXMeYySEDMMwTROE0DmLEMQI/+Uvf/n69amqyq7rYgxccEopxtgYO2szz1prgxBO06xaLAOEq836ZrslFI9jG0GQUnBGpOQ367WQ3FodgiUUUo6ppMfjdRwnznlZFW/iAoIYQrher2mWpFnWD/3+sNfGLhfL+/v76MLdzY1UYhw6CMGiWgjOurbt2+7u5i7P8sPpWJ8umBJv7G6/g5RwwRGCY98+f3tyzmzXqwgAIRRTXF+bl5eXoiiWy0V9vdTXa/QeE8SZoFzgf/w//jsIoTEmxsgEN8ZwLjjn0zxb5xBCxtgfvv9+1uP1esnzdJ6nn3/+eZ5mIYT34fHx8fHxQwhxmiYAgLPeGTdNc9d3bd8GCPKi2N5ui7II3tfXmnGaZxnBSBsDIZBSUkaOp3OIMfiYZamUMoLgnLtea4SwUolKMoRwCAAhDACYxglB2PeDtYYyEkIAIOZ5XpZlluVSKsY4IVgIWeRFkiSE0K5tCCFcsK5vrTWLRZUXGcJwmsbT6cgYXSwqQvH1evHBQQgiDFLyd/c3aaIQigTDGBwlyJoZwkgIEpzebLeU4JeX5/p6oQQBEG3wAAHMqQ8eYZRmaYgxSZPVsuKcAQiSLMUYnS8XTmmMXgjOGJ3maRj6vu8Ox32Wp967GIFz1ntXVWWSJJfzse/qRVU643wMHz9+ElK+7g56Nt55BNFmvYIAZEqtlktrTZZl/TD6GDBC3vssTfM8v14u3759k1KuVqvtzU1d1/04dF0XITifz9ViyRjlnDlnp2EEEUAIp2milNzd3V3r68tuV5WllHKaprzIl4v18XQGAAohu66fphlCVNfNdnvjnCeEIoQBgBgTIeRisYwAfHt+dt4t18u6qSECZZlTSu7v7xhjnFFGKQSRM1oWRVVVXd8uq7IoMjP349AlklVlJjjLlKIYXy/n6+UiBFsuFgTjaZoAZi4ESgjGROs5hJAolaZp29UQQoIwo5QSilCkGBFEMIarxQIgOAy9lHK1WjrrDvsDo2y73YQQnr48zdP0+Pju04cPq/VSKeW8A9HD6Kexl4Jned62rTHW2vD6ejheTo8PD5v1qm5aQnCe58aYvh9v79/hv/tf/wkhBAAYhoELAQBI0wxCOE5TkiSLxcJ7l6Xpfv/6un8BEPR9u9vtYgSMsiRJq2qJMWnaehgGAECMwDobY+z63sVAGAYIqkRwwad5OB4PaaoYJdqYPE8/fPigFH/d7yNEzrm+76VQRVlyxmMA1/rCGLu9vS2rxTiO0zRnWQYAeH5+Mdp47xgnIXhrdZqmUsq27du26/u+7/uu6+d5xhgjhGY9Df2Q50mapgB4zvl2uxJCXC7Htm3b9soYwxjsdrvTac8Yk4kc+o5yfHt3k6YKIYgxMsaE4KdpulzO2+327u4WYSQEBxHU10uWpIQQH4F2NgAQICCUSqW+fP6yWi0gAF3XOev2r7v94bBeLbJUcc4XiwWl9HI5G6OTRHHOkiRNkgQh+HZ3pFmi9Xw87GPwUvC26eZxSvPcWTfPerFYfPz40Vo7DP0vv/yCIVytVuM0pEn+9du3aZ6kEGmaVmUphBiHIcbIGGuapqxKrfW1qSGE1aL66aefIETjOIYQGGOMsrd6QAit1suqqrquG8exKksIYd/3lDHC2PV6JYTkee69996/jaMkSeq6nueZUooQCiFwztM07bpOCJFlqfPOGJPnWZIo7z2EUOs5xoAx5JyVZZHlCUYogig4RTAYPVo9YgQQiPMwgBgQwn3ft3VNEMrTlHMGEBJJHiLkjAIAuq533qWJEkLkeTYNPQDx7maTJqqpr8MwCsYAiHqe+rEnhJRlAQCo63ocJ4yxMaZp6r7vMYFpIotMFWUeARzHAQK/Wi7yRHnvnXMIoTQrZ2uMdQBAlabGua7tlFL3t7fGmLpuNze3OH5Szrn1zValSQih73sh5HK5BBC+1ahS6p//8ieV8iRNIAIqUe8/vC/Kcn84VIulse5NiCOEfYjazP0wEs4DjEWZyyTRWjtvYwhd23DGMILX6/VaX4SSq9UqgNh03bv7BwDg5XLRerbOGqMRQs56SlgMoBvGl5fd5XxllCmpIISTniijeVGkeUoZhQj1w/Dy+jrNepx0BDACqI31IWhrzpfLu3c3RZlDBI01lNGiLBhn1/qSpIk2etYzRDDEsNmuVaLGcXDO6nkGMfZdN40jY5hRkiYqTZR3NlHS6Pl8POl59s4RghFGHoRhmtq+HfTsowcQghgFY2majsPYtDXGCGGMIJSCU0pCcIxR52zbNgjBsiykFOfzuSwL7908T0WRIwTr+goBWJUlQYRxXhSFj/F0OjV1a42FAJyOp2t9OZ/PiZRZljXXZhiG4+nkvMuzDCHUd90wDGVV/uO///fGmn/5y1+GYVgul7f3d23bTvM0TROIYRoH712aKKXkPE9azyqRHz9+BADEGJVShNJ+6K/1ta5rCJExzjmPEGaMex8wJnd39+M4XS7XYRg5f/OTTIzAGPv8+lJUJWHkdD6XRaGU9N4Jyfq2NXqep7HvOxBjmkhn9bevT7Oex7GP0XMKEQwYRcGoYOxyuS7KQkk1j9M8jQgBJWVeLHbHs7auKMuyKr1zIQYE4TRN97e3AMRUqkTJoe+Oxz0l9Pb2dprGYZrGcSSECCHmWU/9gCGihCAABeOLqiiLHILY1tfT+XiqL5SRRAqKIYJwGjpj3f39PWPi+eUlAJAkmfNhmqcYQZ7lr7ud1rPzYbne4OzvbxaLhUqSvu+v12uapkVRhhCmaQoheO/HqacUvtlKeZ4XRZkkCYgo+CilMtr23SCEEEJO09i2zeGwB4gACPOiUEo5b0IIEMa3/2St0VpLKbIsm43uhoEJkWc5oyyEgDEx1nRd773TWud5vtvtumHgnFvrxnFECGVZlqZpiD7EoJSQks/z5D0oiyrPSynldnu73d4wxjHGCEJjdVXmGGPv3Rt/Y4xBCOu63mzWaZoihJIkIYQsFotxHC+X683NDYRQCBGChxCmScYYl1JkaVFVC2f96XSGEI3jtN/vy7JM0oQKjiA23oYIuBBKJQTjPM1AiJxRPevr5bLZrB4fH4a+m+Zpnqd5NsZoAJAQnBASQnh93SWJ8j4QQlarVYzRGLPdrvQ0W2PyothsNiHGYRiMseM49n0fQgjRY4wJJpQSJWUIIS9LhDGjzFo79P08z845pdTlctlsNkKIUc/39/e73e51/7pYLN7A19vZZlk2z7P3frVaKaWOx2PXdc65NyVZlmWWZSFEztk8a2Nmxvg0DcbY1WqBMcEYUsoWi1JKhRAQQhozG2uVEpRSY/TDu7thGNq22W43BBOEwBuTJATneeat3x/3MYAIQJ6KNFMgeO+doEwIEV2glI79OI4j50JJ5Zxtuu7aDcM4J0oJIcehD8ELznywjGKKISUYgIgwSKVilEzjEAFkgkUAZq2DDxDiCCGCyBgrpRBCYIwEo2kqKcPWO0RwVVUh2MP+VVCyWCycDxGCiMCXp+cIkEoUgDACCBHmnC7LUqUqQoQwwf/u//xv19vNfr8/nU7W2s1mgwk9HA593wMAQggxht/9mx9CdBBBIcQ8z7vd6zzrm5vb/f4QQjBGKyUZYyF4xqgHEUAMEQwx+uBj8AAAAjEjxMyaYiqkKotCKjUM4zTNXAiKCWeSMVpVVZZnlFIp1duKfz5fhJIPDw8Ek67rQgCEYExJhHGa5wiiSqTzPkSwWCx9iH0/Qoghwk3b9cOAMCIYH/av0zR576uqklJ67yll3nsIUVEUAEAppbWOEFLXNed8sVgBALMsx5gCACml3vsYQd8PwzDMsw4hFEXFuQghLhZLjJFKlFQywuiCl1ymScY5Px8O4zAE68Z+GPsuVclqsaSUDMMglUKIAADesDshNM+Ltu28DxjjsiwZY29bd1kW0Qdnbdf1dV3P2iqVrFar9Xr9+Ph4c3MzjpO15nq+hBD+8Pvfc84Rxj4EiKA2GhPChaiv1+fn57ZtP3786EH88uXLZrOJEEAI1+u1YEwKAQHgjBVlQSmhlG02m69fv3Zd13Vd3/cAwmqxWK5WWZ5P00gI9t5zTouieAP6GENjTJLIJEnyPMUYIwTSNDVmTvMEAJDnWYiuKsrL5WKMrspF3w/jOHobGGVZmhV5wQkHAG5uNkVV5FkKEbBah+DncTocDlVROee6foAQL1frJE3Gcb40Daai7foYo3PucjpFEIs8owSPXee9wwgpwdIkEZzO03g+n1wETEpKBYCIYIowBRBhTI6nc4TAOtsPvdYTJlgmQiVJuVjN2oxD33ddnqbv3t1paw7Hk0oShEiaZgARTKgL7nQ+O2sTJZy1bdcfjif8D//7f4wxPj09lWVZFMU8z5fLFSGEENrtdt77P/zhd+PUS8mUSpqmPZ3OznnOJee864Y0TSCEBJMQvfcuSdII4GKxhBj1Xd91nXfBe+eMBQDOs07TBGIyjqN1HkIEECKYzMM89P3xeAghEEoYY0qpt/MahiFJ0zzP52l2zkmpMEYvu5eyKhkjEMK3HXq/3x9PJwDQt6/PTdMOw/D6+jqOQ5aleZ4DHyjFACCl5DBMh8M+Rui98z5CCI7HM2OUc1mWhbV+tVo3ddc2nbO+vjZ1ffU+vBFSjPHnz59jhITQoZ8Y5ULIWU9d11JCMCHjNLZNZ72lkEYffvvDj5lKuqbFCH16/x5h1LV1VVVMqO32DiNS1/X5dP32/O10OscYkiSr6yshpCiKvu8Ph4P3Prigp4kSoo1xzhVlVRSF1vpNGiVJEmN8eHhUUkgpP336+OXp6cvTUwRACDEMg3euKAophJTy7u5uv9//+uWzMeaH3/xICIkxaq2rsszzHADgvWecaa3run6LbuR5zjkHAOR5LqWs63q32znnjNWUkPVmtV6v0ywhGPvg/vKXvxCKAQARhL7vZz1RStuuYYKOU1eWeds2CKBxHBnjhNDm2rRtH0JkjMeAhn5qrs21bharlY/eaj3r6c2CwgidjicAUZoVq8U6LXJMmLEWYVKulk3bNV1HCKEIdn0LY0iUMGb2ziAAsiRRSnZt/fLy4r29vb378vICERVSlsVCKDVrq61VUmFCpFJ5nhdFjggc59EHz6UcJ/316QsnVAoWfaCUgAB8jPvjcblcp1k+a5MkCQSo69uqyG836/u7u8Vydbxecfwu6bru7t298+54OvkQ2rZjjO0O+0t9/fT9d+M8CE5j9OM4f336Ns9aqcQYBwCw1gnB30Z/CN5aM01TmmfTNAuhiryQUlHCKKUIonGcuq5njAmZIIycC28L+vVSM0K22+16vUII7V53TdNACE+n01s0CVMCIcQIl2U5z3qaxizPueBSCmPm0+kEIVQq6fuBMSGFwphACLMskVJijITg6+WCC04J7/rucq6ttdOo53lu6k5rjSBBCCUqG8dxnoyz/uvXr9M0Oee6rivK/Pb2Vut5HEcIYYxRa/OmOdM0JYScz6fVYkEpGfphmuckSTlj3gUAwMeHx+A8jPHx4WFZVd57COL+cEqyfJrmP/7xT0olRVEe9oft9ub9h/evu8PNzQ0hVAiJMWnbLkag52lRFu8fH5umRQgtV+u7u7tvL7uuH0KMm+22LIqu64o8W61WT1++7F5fuZIPj491Xdd1/f133282G28dpbSu6+PxCCAEAAzjWFUVoRQhxBm7XE8Iw/P5VF+bpy9fVKIQgm8XLmWsLEvngtYGABhjQBimqSrKUkr+/Px8Oh3SLOv79sff/KZt67quq6oIIRwOr4yxPE8xDstF0TYNBLEqyiIr9KyHfhJCEULrSwcB1rP7/PmrNj4vS230bObovUokwXieZojxdrMJAVkX0jSPABpju65/3R+EVAChPE37tsUIFnnOKKmqMlOKIIQxVlJO08g5q6pqmkaECSAsLxYYkxBA1w8//fTXy7XebLa3d/fWu19/+fV0OpVVKZUMMcgkI4Q+Pz9fL5eyyPM0izE45/t+dM5RLrp+mLXZ7/eXy+Xd3W1R5N7oX3/5q7Hu43ff4d/+T/9NjNF533Xdm9kdQiSEGGcRQsvlsu/6+noCAEIIh34UQq7XGwig954xSgiBEHBB0zQFIBozOx/GcaqqBef8dDrtX/fO+URJKd+iVaBp27bpQgScixjiNI3BWQTh9XoZhgETzDmHELZta60FAECMzudzjKAoitPp/M///Oft7aYsc0LI5XI2xmy32zwvpmk8Hk+U0qIolJLW2mHsIIRKiO9++MFb1zRd13UxQqVUUVRpklLKMcLWeuecc2HohxBAmibPz89JKjebNRcMYxyjb9vWGF2W5TiOMQYpBRecc5akqsjyPE2+/Prr8XhaLZdluTDGGWM5ZYf9/s0sSaSy1pwvl2EYu777+rxzPo7jdHNzs9lsYgRSKu+DlDL4eDofEUJKKQghhNAa8+P3383zfDgcAgTjMCGCh2F0zkkpY4xd2/Z9P0/j8Xg8n04hhDTPQ4yMUsbYOIxN0+hpnqbp48ePTdMABMuyZJy3bXut6zzPLpej1jpNU2MMxgRjvFqvnXN13XRd94ZwQohvmrBtGwDix48fdruXw+Fwe3tjra3r63a7HcdBSkkIjjEiBKuq4pz99NNfpCQIQs4phgghlKTJPNl//defFtWqqfu26cpyKaXq+4EzuVwvGac++qHv8iJTUgzjCAAYhjmRiZSKEH6u61lriNA4T9qaPM/maZrGsSpzKcXUd3oau76pyvJw2I/DQAimmHZ9q7W5e3jkIp20fvm2m6apqpaMsdfX/U8//0wJcTQRfuAAACAASURBVM5GAFUq0zybra3rep4NpSx48PDu/rtP30Xn/vrXn5umXSxX1rkYYd20XT/AGG+2681m01wuwdlx6Lt+DADiv/nf/kkbY611zj08PKRp2g7DMI5aa6XUzc1NjKFclM5HiDATUiWZNqZpO5UmTHDrnXWOC66SBCDggkMIU8LKoqjKMlESQhCCx4SoJDlfLuM09X1vjOGMJUpRQmL0MfgiT9+c4qIsMMbW6nmenLPb7SbJsr7vIYCcc+cs51wKMQ4DRni1XHJO26Y+7g9DP5R5lahUSoEg8M5yRrfb9e3d7bdv346nc9v2hNHVelNUVYxw0poxYb3r+3GYxnGctTVcyHJRjWNbVcVqtaQUh+CstcMwzHosirKua2sNYwwAYK0hBBd5pudZay1VShkfxtk776z79u3bNE4Ek+C9dbZumq5rpZRcJcaFoqjGcfLeW+u6rjXGXC6X29ubN/DorB/G/nK5WGsZJV3fvb7stNZ5UTw/v1zra9f1LvhZ6y9PX56fv0GEuODWO0ro+uYmL4rD8RhDAAC8PL9orZMs1cZwKYSUZVnO86yNIYQ47521aaJQDFVZ6HkyzkIEsiw/nU4hBOcshIgxxqRkggcQtdUIwhiDMSbLMkrpWwe2bdv3fVVVb43aNI0xxnvf1OfVssQYFHkBAHh92VtjsyRnlA3jtNlsCWXGWErZZrNdrtb90FPJEELXy6WqCgTBbrdDAF8ul0/ffc+4uFzrn376qe/7JEuFFIyxPEuu11PXNUWaZklCCSrLcrtZY4zTNEUQns8n62yeF5wLAHDT9efz5Xq5UkLKvAzeW2MSpfKykEoCCJ13zvtpnqz1lLFxnPMswwjW12v0LsvyJM0JpX/95ZdZW4yIlNxbW+TF48MjhMHMc6LkME7GOXz7H3+Y5zmE8GZZxhi7fnDOvaUEyrKklGFMYozBw7pu5nl+C0xUVXk6Ha/Xy1sY1Fg9jqP3jhCcqeRyPg19l2QJhOD1dXe9XgCMSskkUVmWSiUQws7MXdt1TYNgWK/X3nuMUbWoYvQhBCnlZrNJ09S8MYc0s9YSQn744YeqKqdp7vtuHIfz5VTXNWN8u73JskxrPQz9PE8heKkE59QY/e7dQ/Dxer22beecM8b2fT/P2nsPInDODf1grVVSFUUhpXBWY4wwxgjBt3cDlJIYIyZoGHrrDKEYY4IQxJgQTP70xz8eDgeIMGUMYbLebvIsv16v59MZYTwMY9u1l+t1mrVIEkiwtT5Js77vm7aepglCUBQFpaTv+2matNYReACA95ZzsaiqrmvbrrPe3dzdQoQJo2/hbKVU0zRGz4vFYrVYIQRDjAiha10fDgeMcVEUSsqqqgghLy8v4zhKKdM07YY+hJBlWQQAQZjn2fV8RghZaxEhnPP1ajPreZ5niNEb3wcQQQhDCCHERVUwRglhaZoY46ZppJRrPd/fP1hr3pKcIYC6vgKA7u9u18vCzROMiFEWQ9DGKZne3t69vu5vbm5DiOM0csar5YJx+no8KM7yPG3bJk8T70NTX6ty0ff9oqis86fT+Xw+EYKzPEuSREm+XlQwek5RmipKcQgegAghjDGUZRlDeHN9y2XFKO/6PlWpmU1wTnBh9HzYv0IQHz88ZmlCGdNmGoZh1sY5ByDEhAz9xBlvrvX5dBJCJEr2w1Bfr4vFmlFaLRar5WocBme1oHS/21GEVpu1dUEbi5O/v/HehxAwxm3fG2tjBEmS/P83E6X0j3/8M0JUa/Pzz3+d5+nh4WGxWAjJ6uYKEVCJVEoAEEPwjAnFueCku16GcYAAGGeGoYcY5kWWZgkXXAoupZCMQxC8NlbP1tkkUcMwUEqXqyWlBGMsJFsuF3V9/fL0RAjebrcARGsNwihYXxaF4Ox0PEzD8P7h8f3jexCD5CJ4TwlRUkrBlGIx2NPxqJJMa9P3fYwxTdM3S1oI0ff9G6S21kIIl8tlmqbjOBxPJ21nACETHGJEGU/SDCLMhSSUYUK5kGmeS6V8AMaYIs2fn18CgB8+fMqqahiny+Xath3lIs9zSqlUinCOKCacjfM0zTrNEsYoAABCKKV4k3PWWm0mhGBRZHd3t1mWjOPYD916vZ7m+fX1kKbZYrEqynKapiTLEMaYkOVyud6spJQRQOvMOE0hxrevjeMopKgWFaOMEDJN0zAM1juMsZRy1toY8/DuXSLYYb+DEDBGy7xw3hFKhqHnXORFIYX0IAIAEUKYMCnFoix/85vf7F8Pu90uS/PL5dJ3w+9+97sP7z9+/fbtdDyXVbVZbwGE3oX1epFwGpzp20Gp5Mcffsyz4ng47A8nTGjfd8fzKcuzNEvO1/MwtZRiBKIUoqlrRrEUMlPq/u7WGXe9nK2xMYTlolqvlhAF7wzw1uiRU7xerdJEYQSD901dX84nQmnf93XTCinTLBvn2VovhFBUBGvNNNl5QjAmkqtEUoLHoRvGXpuZECqlBBFO49x1Y31px2GmBD88PORZ8uXzl9PxtNluKWbWuWADBJEg9Pju7ma1evn2ddaTVKrrh3Ge8fv//g+U0rcJRiiFEFrr3lj1G2guy2oc5rbtrHFpmmw2W4zRNA9ZlozjkOfJdrtN0zSEACEkhAbn5qFblPl2u+GCUYoXq2q1WUolYvR6nq3RnJIiS4s05ZRxTvI8ZZxP06QSsVwuCEUxhmEYnp+fp2nSxiqlOBdvWQRjjJn1m7GRZkpKxRh1zg/DQCkLwQvBCcEhujRVq9Uyy7JZG0r/a1OlaTqO4/Pz8/F4LIoiy7IkSQAAGOM8zyGEp/Op7ztKeKKSNMmGcWjbDkLYdf3d3f1bcyKECGbzpI/H8/l4BiEwxm7v7kWaXOumbhqIkErUZnuj0tRYgynBjHoIKGcuRMlZkqSU0hDcPE/GaO99iA4ikCTy4eHddrtWSk7zeDi8WmeddUIIxvhqs/YhjPN8reskSfb7vZRyu9lIqYyeY4yE4BCCMWa9XmOMx3H8r6wlhKqqpmmSUgII67qGCCmlvPeUEEZQ1zZSyiRJFotlfb324ziOo1JJmqUBwnEcrXUAAAAgITT6MPRj07QQoK7rT6cL5wJE2DTt6+vBWhcC8D5M49w0LQKRY7isKhDhNM2pShCix9PpdX/ACHHBrDOIIsoIwIELBkGchqHvmq5rKEJFnq4WC864s8ZpDRHy1hVlnqbJNPYxeEZxezkRBIssAzEiCBKVYoSFFOM0lWVJCIUYQQRjBJgQa8z5cCpUmijhjEkS9d33H29vt967aRrGcbDOpmmapRkmLEaAMZVCpVmaZqnkDAFIMC7LcrVcghjvbu/SJG27pm3qPFGMkr/+9WfGOUTocqlnZ/Ef/pf/ACGc51kIgQkhhHgf3lqLc045k1KVxfJ8rmOMDw8P798/+GBOpwMhqK6vmCBKyDgOl8vVWuucr6+XqW+Wi7KqKghBAJFLDiDoxx4i+FYEknNBKQjBOxdDWKyWCGMfrFIKYaz1bIw5n4/H40EpWZRlWRbTNE3TmGV5jPFmsz2dTn3fM06madrtXkLwNzfb3euu61vn7DD01+uZMbpaL6SQT1+fh2HY7V7q+kopIQRjghfLBYDAOQshwARHEN8yvn3f50VFCAMIEcqbpm27AUB8Pl8ZE23bd93gA3Ae7A+n0+kKEVosFh8+fSqr5e5w+Osvv16axtrgQ8SEdH1/PJ99BC76Qc+IEIAgRugN7yAEAYgQRSF4liWvrztCUFWVPriua/u+DcG/f/94OV8Wi+X9u4ebm5vD4WidI4RwKZx3QkohpLG26xpjrdHz5XI5nk5pkd/e3KxWK4Lx6XQ6HU/zPKdput1uMSGn00kptdlsmr57fd2NXR28lVJBAIqyGoYBEVIURV03AMKm7S6XizbWeT/PepqmeZz+9V9/4ly8e/ew3x+Msev15vPnL+fz5Q3odV3fdb21bhwnRmiZiixRGJOmbg/Ho3VBSCmk6vv+8f0j5bQbmgBCXmVJppr2asapb9qyyPMs5YzC6Ju6ydKEMwYBaOoLoYgz4p1RSkhOUyUxAIIz520MHkI4TSNldNbmw4cPhNFhGObJIEpVkk7DmBCyKsoizxhFGEHOqLVz19VVVY3TEANIkpRQ5qwnlBV5+fj4WBal1fbl69eh7+/v78o8//b8bb8/CCkwxhiiGEIMnmIMAaCUEsa0tgAh/P3/+G/HcazrWkp5Oh4Z51IqIcRqtaqqata6adr6en17W9X3/WK5+PHH3wIQd7udlEIqSSmZ5mmepjTNsiwP3q1WlVQiAGC88967YEOMEIAvn78AEBOlsiTBEHvnCMYqTS5NY5yNwRNK+6Ft2xbCOE3Tw8MDQghEkGaZmXTbdwTC6/n65qElieKM++AwJkxIH+IwjiHGVGWMUwBimqaMsqZpnj5/DT68PZV7d3fPKG3rZhwGiFHTNM45xlgIYTbaOudD2KxupnGumxpC4JzFGJd5MfTD09dvu91r2/SMCUJo3/UUk08fPgjBn56e/vTnP43jlBcFRIhgut3eHg5H5zyl7N27+/VmwwhRSSIoQzE6a/Ms2W7WRZ5hQgAIlFIhhNbz0HeH/WEcOhi9sybPCkp5201N18/a/fr5S1FVKkkvl3Oe51rreZpmPQbnGSPO2sPx+OnT9wQR78M4Tt+evu33ByHkzfZ2uVg5540zSZLc399753795Vc9TZyixbJK07zrBsZYXbcRgizJEUZZnkEQo495kRdFTgjCGHZ9zyV3xlBKiqKEECIAlcqKokyTTHCpzVwUxXa7RQhJybfLxeVST9oBgGbjuVRlWQKIAohSynGaAAKIwGnsjTPAexoxsP4P/+Y36+XCO9u23eVy+fTp0/XauBi6tpdJUlUlIYQwOusJRtj1PWWccUEZ11q/vr6OkxacB++v1ytnDMR4Ph45pzer9WqxvF4u1+sVM0Y5rfvu9Xg81fVyvWqbHiKU5QWAqG5bM88Y42mavn792lxOzlrvNCUEAtB2nVLJrPUwjDc3N8tFeT6fjq/7umuJklylECOMCF7/08eu6yRX0zh9+fxU5OXt9ibPMut827ZGG4RgWciqyhKpBOdm8k+fvx0PZ28DZ2y1XCAYvbWMMj1pMzul0tnMv3z+stpsVJI+PT8TQgRXTd0wyiihwXprHeNECH6pL//y878eTqfVdlPkOaIEQCCkTBPlnHPOYYwpJZzRLElj9ASjP/z+95IrPVsIAMJ4nk1EOMlyTCiAqB96QnmZFyAia1wMMQYwTfN+t8/SFMTIGVtUi/Pp5Kw7HY+//d3vhBBfn79FAFSSmOAhgAQRyak28+V8ylJ1d7fFEFKC67pVKhUqARB65yjB/x9lbxZ7z5adB+2patc8nvE3/cc79O2+7tvujk07smPj4JiARWxCItlCCHjgjSB4QEiJRJAQIJBIxGCJJGR4IwEpRk5CEmMZ2+2hbfd0u2933//4m89c87BnHs51u+M4cHs9naOzV9WuVXvX2bXX931rmobzSXJ/ezewwQ+85cnJcrFMolSM8ub69u72jlo0T3NoQFu3Y993dduWlY307eWrMAjiMOz7saqq/aHQ2uT5xKUOZ8yCKAkCC0ILAKPhvhxHabJsen1zm6Z5EARf+r0vGQCoZSEIlRbjOM6nE23U/er+E29/wrG9+7v7D77xgdGAUs8YOJlMLNv+0pe/Ytk0CsK2bjFGJ8ulBWHXN7PFfLFc/toXfkMZrQH88le+ZtvOcrmUQg5dJxifTrOTxRwBBY3I89iPnCD2LRtBYFxqh4Hvu95sNnNcqo2SRkktIIYAaQRMkiX9wD/49sswyfPZsmy7qmlXm+31zY2U6v33v2YRMpnk++2ejyzyAsH4+WKZJWEaJ9vNerPZzmZz2/c++PD5KDUTJssmeT5FmEilmBLEptpgZaA0sBvY7f19XTXUcbXRD84vyqLwqB24LjHm8cX5NImur68ub67dIEjTjCu1rdtd3dSMCQ2AwRCT07MH1KX3261DSZ4m1eGgjZbj6FL77GQxn021VsSyHj165Hq+F0ZK68NuP5tOGBsDz9/sDyNxN0XN+/FiscSPfuL7lFJGK8bGN998az6fQoTX6/Vqs0YIxXFCqbXd3kJotAZSKAgwAEgrjTBkbIwifzqdzWZTSp2yrPa7ijEutIIIQISGcaTU0cYUu71j0zRJjNJSSq31OA5FWQopwygaR0Ysa38oqqo84tx8z+dc7PcHpfR8On9w8dC27b4bpFRa6zcfv3F9c73ZbLQxGkAAIURIaaWNGUd2KA5CyNl0FkehGPnQDfPp4vGjR594+202jl3bQgC2m03dNJZtIYJd1/V8H2Fsu47rewCi7e0dIYRgiDB0XAtjxPuhH8b5dDFfLjGxDmWpJM/SeJmnge/Zjo0woo6DIOgHJhhnTFRlGSfpfD6fTXJqU6WE0cbGyHdo4Fi+504mk5GNddM4rkssyxgzn88JxtNJNp9P4sCbTyd5loyMPXj8RjuwcRwZY1LyfugwQm88fXJxcfHy1XPXdafTvG0a27aiKKqq+tmHzz/5iU89fvJUSqWkfvzo8Xy5fH155fsBY2Pb1JzzOAiobfdda1vEcR0NQBCGvh8hSCzLsm3qOA4hpGkaLblgY3k4YASSONRGSiO7vi2LQnLhUgdBxDkbGfvmB9/cbDeORwkhAOgkiY0W9/erh4+elnWrNNgd9je3d0IK1/Mm0+mTJ08AMFJKNjJgzNnp+cOLh5Hnsb4d+j4NA8/3McJK682hOJSVRR2MLMuiWsm6bvblfhiZhtChntRGaiOUwgjFSRKFAYRoPp91bR0H/mI+A0aLcbQwdByHa133Xd+Pdd0UfR9nmR+n6+1+ms/CICrL4u5+BTHECImhD3yfYEI9x7WpMkJJCRAwwHR97/jhdrdbbzbXNzeH/Z4J9s4n3pmdnlxt9t0wAsET38Xv/swPOg61LaK1iqKoaSouOCFYG40xGkd2v7ohCHuubwzsu2EcuZTCGIMJDKMAGDOycb8vVqtVcag9z3vy5GnT1bZtJ0nqeb7repyx7eaodjI57qBACDGCx0yA4/paG9t2+36UQiKILcv2HP8IjHIdTxtwc3v37NnzoWdxlHie//zF86IoPM8NwkBqJZUchmGzXWGC/MBTUhqtsiTBBHZdizA5PTuHCI+MXV3fcCGyPCeW7fu+NmYYRtdxbZtud7uiLIdh3KzXfdUEge/5FCCDENRGaqkggg8ePMS21bR1N7RR4M1nkzyOPN8xBgxsQBhpbcqqAhBSx+aCl3VhWRhjwMXIxYgwjEI/TUOMse+5ru8JITGx4iSybAtg6Dp0t9tQ246jUHJOMLZtqyorbUzblQSC2SR1bQKNyPMkCn3Bx2998IHr0DRJ9mUhpMTEqsoaGJAmKSZ4GIYjF8b3/XEcOR8ty6K23TRNU1d93wvOsyzfHfa77W4+mxtj+n4Iw3AYBs65ZEwwnk8yx6HF/mBZOAqjums2+51lWWEQeY6HIdba+H5wdnFWFqVlW/PlQghxOOx936e2VdfNZr/rhn6SZ7PZbDKZeJ7LGQPAOLYNjNFKay3DIMjz3MZoHEcEwHq1aqqqH4eu67gU1PfPzs9XqzWCGBgw9N1utzuUe6U1JsRzPKWUEEII5lJnOp1GQaC1DsPAsgiC4O7u7u7uLojCLM96xtb7Q9XUcRS7ob87FKMUSpu7u7s0ijGAbBi6vofA2JikfrCYLZ5fvrZdx3EdDRUm2HEcLsT9Zj0KWVSl47lhHHu+a1HbdZ3b1YozsZhky8mEEog//Wf/pTAMMEYG6DiKLy8vD8XBsoiBRmkJAJBK5GkaBJHWpmm6YRykEhACyyL90CmlXMdVUkuhEMJaG4QgwoRxNp3OMCbr9QZC6NjOMPbz+RxjbNuW7/tJEnue1/f9ZrXJ80WSZsenptaGM4YRklLt98XJySnG1s3NbV01hFhCqMNh3zQNdR3q0O1hfyiLPM/zaSaE8DzPcRwEIYDQ8xzPdbXSnItxZNfX17vdruu6Y7oPIZRPJ5vNRiqFLcKlKOpKKUUsCwDgEJKmseWQozYLIcSlbhiGCOPVZn0o9kEYnJzMqU2QMZ7n9sO4Lw6YEMeh/TAYY1zfgwhACFzXgVBzPkrJEAKWBREASRJJpUbGAMau746cbw/7tq1D31+t77uuMUAP/dD3ndISIXhzfek5NE+TxWJqYejYVpanu83W9dw0TbI09YOA2NZ2u1+vN67jPHn8tDiUh6I4biFyzkfGGGN1VSZJ4jp0u92OQx+GgW1ZlmV5jgcxDILAsiyCraOGlJDMaBWE/snJiee5Td1wzizLQsQCAM6X88V07rkeZ7xuKmOg53p13Tiu4wV+WR7qunIcJwz86XT26vXlMPRKqmHoEIJSieJwQAghCIPQC8PAtSkEYLfdXl9eHvYHKXjbtK7nzmYz1/dGxsqmKasaQmQRCwLA2cg5hxh4vucHLmMMAigl55zblhUlIcKYjQMEZhiGuqnXq1VVVUEQ2La1LwqNMJMijuIkTblSI2cGQGOMhfDQ9ZNJHgXh/f0d1OZ8sUQIr4o9prbRmrEBAWBTWyrVjYPgkkvRD702OoyCIAqN0owzxcUkTSKX1tUBP/3T71o2EZwBYLquk0pEURhFIcTQtq3jWMQQA4A4k79PrUOEYNd1r6+uDTBJkgEAHMc9OTkhBAshm7YFACKIb65vN5ttGIVpkiZxwjmrqkprned5En/E1XNd3/MiC1M2cKMNZ6LveqPhMAxt281nCyV1XTeu5xsAm6ZDCCVpAo+v3sBEcfTo0UM/CIqimEyyojh0bYMxCoNwNp8TAi+vLr/94QuEyHQ6cxx3GFlRlGVVcy6yLF8sTxzXHRmDEAd+6Adhlia+bSVpRCxiIHAc6rrUc1zPD66vr7uhNxiEUeDYdBx6I6XnuePIyrqijpNlmTKKM44wtCxrOstcl0KoIDKuR8PQp5Qoo4pD2Xbd/f2qHwbP97RWbd/2fe/6nus4WsmubWxMPNchBHuuS22SJZHn2BjormkwNKEfHAkvnu8zxpUyxHKKQ8mYXMyWEBglhef7WmutdRzHnPMXL15MJ7lSijNmjHn44OLJk8cIwqNwnQHw7u6eUieJgqHvfM/1PSeJojDwjdaccaVU1/VK6mw6HdigDGA9k1ISbBmp2rorq6rtGmIRqWXXdVHgQwDKw8EPPNfzIQTDONRtjRE0xrRNSwiybWIhjCGyCYYA1FWppZzkOWMjte0w8NM0dVxHQaAMGMYxzycWsY3WwGjbtv3Q83yfWKQ4lMTCRhvOOcHQsizBedd3EIKb6xuE4OOnT8Io2u/2bd/6URTmObHsvu3btg2iaH564gUhte2L07MoCE6XyyAM2DhQ257GCYDIj2MFTNc049gDbSAEGGPqOpzLLM+apum6LgwDCOH67j4I3LP5zAhmBPMoxec//hYhRHBOKX3+/Nnp6cnJySkAQBvjOA4hWGtTV03XDuM4ep6XZallWRDCowADhMi26Gq96vsuz3MIIcbo9m59cnKqlNlut9PpzPO84lAkSQIB3O93SukkSaRQd3e3xpgnj5/2PSvL+urqsm07qYSUCiHIuciyVEq5Wm2OsNdxZK7rv/nmm3VdtkMXRvHp+elRd7FuGimllKqqSoIxpVQrTSkFEJVVtdpsp7OpFwR1XQz96PkOwVbZlCenZ37oaQCGodMGIAwwsRxqU9sKfMeybWIRx6GEWBBChPD13V2aJWEcc86buhyHARuAMKmqqh9GTIjneZgQbRQhVhh5CEEh2dD3UjLbtqhDjFbD0Bdl7YfhvjiUdeUHke97ECEhxDiO88UCQ7zdbiEE+SSzbDoOwyTLjNYYIamU1gpjog3wPf/u9n6z2ZZlDQEe+tFAtFgsbWLd3t7WVen5vjGm6zrHcWxKLcuaTnIhhO95J6eLs9MTAEBVHlzX2+8PQqntdkepTTBqmsr3PcexKbWVkm3bGWNc12WMNU1ntFltNpwzJRUEAEGspBRCQoTiKAqCQCstlZzPZo7jdG0TxTG1LQ207/lRHEzySRB4R4gmgWgYBqNkGIZxGFqEWJbl+/75+ZnjulVVllXZDwOxreXp2eLkpG07KT5KpWKMbWoprbu+08pQSrVSUkpqWwghzkYhBMEIIpRPsizNlFJciiAMprP5zWqdJCk0cLvdSmOCOFLalEUxyyeOTcuiKKvK9z2LENEPNnUGKeq6FiMLAjeNE2rZCEJCSNePT588obZtEZLGEdD6+vXlfDI5Wc77uozj6PT0BL/xr33aGFOVFQAgCKIwjPb7/W63wxaxbdtxvNPT07ps67ruus4P3DAKGOPD0GOMKXUgRPP5QisthIAQXF9frtebNJt4nj/0TCo5n8+lFPd3d45DT06WGCPbto9M2/3uMAw95xIiq67b/X4PISQEAwCCwHccRwhe1zWltu97XCk/DCaT2chHTMjAemIRY8Dl5dX1zS2lzunpyWq1otRxPQ9AKKUaxn5kI8LIcf04jUc2llWJMMomWZzEmKC6ru/Xd0IKx6FMMAhBFEeOQ43krkMRwdpopQ0fueQSIYwwJrY1Mj6Oo9FKCiGPS6+6IRYVUnZdbwCEEAGkj1v/UkkphFISAGCMHoex67rAj5cnZyPjBsAwjJu+q+tGCH5cw2AIGRsZ567jep6vFGBs0MaEUVRXrW25cZyv1jvOpE1dTKgfRHGUtk0rhQr8YLPZIgjWqxV1bIxRWVZSSj8Izs/P+75DCGVp6vuelnK73W43a8uy88nMaPPg4tyl9HDYY4wIQQYoo/U4DhBBBI+vcxIo0A6dF/qu59vEOiZRxmEY2QAgotR2PdcLPK0EITgMgzAIZvO5EKIfu2NiXXKBEUAQUGo71IbGBJ6XxDG1CIJQClEcDtPlHEA49h2l1Lbtduh7xvb7wzgyIaXkQitpWZZFiQGAM5YkMSGY8RFAE0YhlNtQeAAAIABJREFUdRyjNcJYG01tW2lzOBQjH9Msi5OEC3V9fSOVosQWnG8Ph34YpFBVVfVNu12vr2+uyrKURvVd39b1UZCnaVvDpefQyPNt29JKCcYd6oZBUOwPTVVpzrM0cS362c++t7q7aerK932AIP7kn/ncMAw319ddNywWi8PhsF6vl8vle9//WYxJWZZxlHqOV1VVWR1s27Ztu6rKpmmPihdt22ZZprVSWnoeNUDlWb48OX/96nq73XLBGBsZ4xjBKIrbtrUsCyMyDD3BZDLJEcKr1SqMUmOAMSaKA9u2tZZpmiZJBCFEGMwXM63MarN68uTxG2+8cXl1xQUbhsGybMeh2gBKbYxxU7dhGPm+17btOI5pkkKIDoeCMZ7nWRxHQeh7vicFr+sKIhCGgYZ6vV5lk/Ti4rztWilFFIdKCqi17dgAgGEcu67r+h5qQD13MpmsNuvbu3ub0kmWC8HrfTGOzCI0zbNh4Ov1SioFIez7gfGRC6G0QhA5Do2iKM2SLE2TJPvWt55DaBVlHUdpnGabzYYxPpvNnj59oynL4/4QGzmAeDk/yaeT9XqbZGmezb754TOhzGy+fPb8xWa7qesmTlLX8RDCTdPsttuhHw/73fnpKUJwvlgctYPCMLQpHcau7zopuZSsqipgDLFQWZSHQ6GUef369ac+9W7bNi9ePj85mVuWRamNEZZSOo7b992zZy+VUov5AhMriKOma3abrdF6lk2DIBBCdEMnpYii8Oz8jHN+ROEILtqm8QMPYnR6epInKUYQYyy4YIwZpbXSruMQQoDRSZLMplNK6d3qvqrrqiyCMLQcWlZVN4xN00JCCCIWJrZFfN+PQt9xHGLhNE2P/9UQwjzLXNeFR7AYl5fXl6v12nGcLJ8ACOqyORSH5fL0w299u9jsLctq+wFjHKeZRYhDrPJQZFk6Xcy7oQMQpnHU98NkNpNStlXd1KXgHAIADJBKeY7Phdjtdowxydkkz/kw+J5jgOKCaQTrtsWPfuLdOEreevMtKbTn+QhixkWW5a9eXympIUQ3NzcYYsdx4jg6Pz+fz6d1XXHBnzx5ijFRSnmee35+DoDZ77eEYAjR+1//ZhjGZ+cns9lMKbXb7RAEaZqenZ1uNuvVauV5btd2dV2HYVhVtVEm8F3Xsa+vX0dR8Nnv/zQX43pzP4z9OA7t0PXD4LqO6zqrzfrbH35LKaWM8Xw/CIOLswdsHF++eDmdTBfzxevXr8dhnM8WNnWEVABAIbk2yg+8uiq/9KXfC6PQsi2MkBCc8XGxmCMItVHb/db3PSVFHAZd0yKILy+vnj17bhE7TTNoQD+MnAmA0BGHPp/OCCJQmvnspG27NM8Zl+vVWgOQJLHruQhBAICUYhxGISSEyLIsCKCS4OXL6yyfzGZzY8Dd/X2aZp/+9HsIoavXl67rLhcn/dCPjLmet9vvb27v19tdN47fevaMukGcZvfrzchZ07ZplgMAi+Kw2+4cStMkUVIgCLWWSZIM49A0TZomlkX2h13TNIHvh2GgpKjreuh7pWTgB2maXF3fxmmqjTFQx1HouhQhdHd/q7QWUhptfN+fTucY46puRsbasdMAPH70WAk1dB1CqCj2YRQ6DmV8LMui69oj1cChzlERxLYwta3buxujtee5q/t7x6FxFKZpjBFummZ/OFxeXd3e3jEhAIKO49iEDMPAhTDAjFJS1+NclIcSARiFgUudLE8taq/WK0ppWZZZli2XS6W167ramK9+7auu656dX2RZfnt7x4V0PHe/LyBEWZLtV5vYD6MoCoIon036YdytNxYmDx88cAMPIMi1ZJylabI8OS3Lyg98wZhS4vTkJM9zKaXSyhiojHZdV2v99ptvMsZCP+jGTgO12e+TLBsGjt/+qc++ePGCDfz8/Pz+/t4YYwBaLJZHfabjypAQlKSx4zjDMAjBXdcNghAT1Hd9XVeMMcaHtq0JwY5LORNBmCCMjvpOxhhKrdl0en5+3nUtANBxaOCHnHHOeZZleZ4fioPrOo5DAdBZlqZpUjd11zWe5zqu5bhuGPqYoM123Q3dg4uLkXNK6ZHnr5UCAB6V2w67/VFQKY7jPM8t226a5v7+jnNWFHtK7SgOT06WhODZdBLH0fmD8/lipo1SUtRVZVO7KA6r+zvf9buuK+vGcdzpdKGUqaoWQogtywANEPQ8j1Jv7Me6rIdunC2Wm822rKo8nyRp0vcDRODs7Hy332ZZbhGyXq/runZdX0tzd79+6+1Pci5tm8ZxAhHs+55zlkQhpXS93tRVqbWxLWoMaKpGKj1bzjs2lk2T5Rmx7OvbGyb4bDbbF3uIQegHWZYcYZWe5xCCxpFxzt/7zGeCILi6uorj2PXcZ8+e5Vlq27brOnEchUEAEUAQBFH0iU9+Ukn97Pm37+5u8yy9uLiAENRNlaYpxpjalNquZRGMief5aZYRh3LJeT9CAEI/sCystUYQKqMRxo7rHlc6WZpOskkU+m1bCylevHhxOBzYyNq2jaM4DMPHDx9FUbReb7e7XZokcRxrY2zHSdIYEjybTZenJ67rup5LPa8fxsOh8FyvqequbSb5RGnx8tWrsiqWy6WU8gipvb29vbu7syzr4cOHUqn5dGpZNib44sFDAOF+X5wuTzf3KxuTT7/z7slyyZXSEByhzJM8V1proLUxu2KPEDo7PdFSU9/DhLBhBMi4jjOMQ1EWUsrdoRBScs73u51FcN3UbGQD64M48KJQaziMHC9++I1Xr14LLpbLZVnWSZL6gT+fz4/bBpZlRVGEoKnr6phRsW1bSimElFIW5UFrgRDo+2YchygOwjDgnCkNjrw916WOQ7XWgnPOx7OzMynlZrPdbnf73aGua4Sw57kWQtNpNp9N8iyeLWZR7GsjbYoVUNP5VErZdW02ydIs4Zw3bVs3dRwnkyzvu26zuhecUdu2iLXbbCzLStMEE3w4HOq6tm37qFYtpcizjFJqE0twfoT8EkzKori/u8MEAwBcx2XDaNu27/rGGG2MH0RZmmNMgAbUcQ7FgTpuNskppXVVV0UBJEAA9cNQ140f+CcnJ37oE0IABG1XV3UdBAHGeBhGjHESZ9R2uDDDwG/uVkarzWZTlYVtWWVRKCE447vthhBiWdY48rpumrYlNpnMp47n9sPQ98PARkTwYrlIkng6m1q25Xm249rGSMe1HdfinNk2ZWz8xDuf7Lru+fPneZ5ThwIA2DhWVVUWB6UkwRhA47nubD4/FGWcxWmWuZ4LEWz7tqobpfUwMj8I4yiVSu32u7ZrXc9N8wlA8HAoV3erSZ6dnZ5iCCEAZXXgggNoMEEAGKMNIYTaFsb48urSc53D/pAmaRxGgvPZbCaE6Afmu37X9/0wRFEilW7azgu8Q1XsdjuCkDFmtVoJo6M4UdpgTCb5xHe9MPCnkwmx0MgYwrBuO8f1uJD3q7VWJs8nGJP9oWjbTht9f78Z+TiZzA/lYb3anp6dLPPpJElnk9lmvfnWs2dSqzTLF/PF7c3NdrvVRtmuU3WN7/vzyeR+tS6qqhv6/eHQDs2RgTYy1g798uw8y3NiW4ey8AMPW2Q+n02n+fNXL3fF/nAohZT4jT/9mTRN0yTt+76qyiDw66Yty/LDZ8+OJHmIjO85VX0AAGRZ7jiOEKqu6/V6DaGZTvMsjxkfuWBZlkZRpLUO49hxbaVF2zZt2zA2upTmeb5YLLbb7evXr4/vSEEQIoQJIVIwjI+ivHJkY9c1jI8Qgn4cbNvinEkjp9PJbDbtuu7Vq1dRHLuu61AqpWAjs6nlWFbbNIyx05PlcrGQkq83K87Z4mTx5ptvGqPjOHIdf7vb2IQ6LqW2WxQHo+Ht3c1hX56enliYNm3dtcPDhxdN1XiBjxDu+kEKSQiBAEolh3FQWgKEhBB937nUTaPEJpbUqq4rxjljQz8MYeifnC2/oxlojInCJPBDxkTfDRDhoRd3q3vXoW1bU0rn81lTl65LtVaYwNlsalsUQnCsMkEsLKQAEAzdR9KFURTFScg4G7ru5ua6bVqlxThy6nyURA7DCADouN52u42iKE3Toizee++9LE1c1wXAEELC0HMcBxijtC6ramSjMUYpNYwDpU6aZp7n3d7epWnmel55KIqiAAAQgvtx+PDZC2rZSRy/9eYbfGTPPvwwCL0sT4a+s2yCMZFKcSaOOMlhGJq6StI4iZIszYIgcBwHY1wURVlWXd+PnFnUJpSOgiujqevuDnsumEWwkKLtOmyRMIod12vbTjCRJWkchXVVG6A832+7xrLtKIqOZJxJnkdRtF6vX758eSwSsFpvGGMWoVVTj0xEYYi15uMohbq+uVltt9T3AEJN0xyZ7VIJZcwoGLVs17bXq00/MmxbwBiM4fnp2cNHDz3fGwW3iO14LoBgfzi4nquMpjZVRnLObq5v4iRZzE/xk598N00Tz3Ofv3h2dnZ6fnE2jGPXtWVdTqZ5ksa2TTAys9ksz7O+H9u2Pwoz3dxcPXr0YHkyo9SqqkJKkeeTIAiEkF3fKyWPQtO2bXmem0RRlqXf+MYHNzc3UurpdHZ2ekapwxgnBCnJtZT90Hdduzvsq6rEhFgWqZumrA5+GJ6cnIzjuNqspJJBGJ6dnXEumqa2bCvPs1meOdTu2gYjGIZHMUrjB36SxMQinLOmaQixhn5smuaNp295rqeFVlL27WC0trC9WC45l23dHIFFjA9RErmObwAUUnLGpJDG6E+9+w7X/FDs2rbGiER+CDU47A/nF+eHYkcIPj1bWhTXTTmMgzFaabXfH5q6tohNiD0MTEnlut5sPru6vvI9bzabnixnRovN+u7BxRm1raauOWNSCIfaURgpLTnjEJj13apruwcXD9IkLg6HoR+UVPv9oW27MIqzLIOIEEIQwm03sJEhhLVR4zg8fvzE9/3Lq8vJZFIc9rZtU2q7rpNnaZIkGCHGWVFXAxvCKHBcWtUNMNC26f5wGEeWppkBsKxKi9qn5yeIoJvbe8umxhjB+WSSY4ikEFmeSiWjKPJD36a2RTDGWGslhTTGYIxsy55Pppvdtq7rLMvatudcLJanl5dXddOGYYQQsakTxPFRuzIMfAwBxjjLMmLbRV1XTTP0Ix85AhAYzRm3bAwgrOoyjKKuHfpuiKOEOu7l5VXfD59+7zNRnCCEqeN5ntd3I+M8jlIDwPZ+VZUFH9jmsB+ljLNUGVPW1SROHUoPh31VVZjgJIonaeJ5fjcM1HE+WoqHoZSy73tl9NXVDYCQUqqUmuRZ27aH3f76+vKTb70lhFguT+Ikwyc/+rgfOgRBWRbGAN93t7vdOA5Ciul04roeACrwXdezjUFt01dVfdiXIxuCwH/0+MJ17bYrd/vNR7Egdtd1x4ohnDFCcJLEvh9opbqu2253Sqmzs/Msy5q6Xq1Wfd9HUeQ5tuNQAA1CSIgRQDid5p7nNX1NCAmjWCm12W0RQnEUA2COQC0lhWNbNkFcMM910jSyLBxFAUJASm6AYWJs2rptGiF023Z9NxBCHj18cnd39+rF67qqm6bLsgxCLLko9iWxLYRIFAUIQSE5xiQIA6X0Zrvp2obYOMtjLgUXI1cCGWi0tqAVx9HA+iDwTs9P5/Op7dhcjOv16sWL53GScMHHYeza/ognioLIsm0hhVDCdSgAxnVtx7W1Oi7waFEeMEaEWOM4tl2rtJzPZ4EbYgS1NBjBvh8EF2EQQoh8z4/CaDKZUtupyqqoai4VgqhteiVV23V1XUuplFJt1x0Oh0me+4GrpKrrqu/apmn2u93+sHcD17ZpmqaU0q7r264tDofLyytjQJKkjkNHNhhtPM+1LEsbvVictm3fdS0E0MY4zSLf98uqjOMIYayURgg5jgsAUFIdGdFG6SzL9ttd33VxmlRVrYGxLbrebqI4zmaTsm4GxjAhVVOdLBYIgrIqBON+FCKEiqpqu84idhzFbd10bbNcLF3PKQ+FBnochBDiuFhgjNV1TQjJ8/zy8pr/PplwtV63bReEIRsYAsZ33Wk+1cBojFzfP3LdgNKO4xyFaP3A9xzHgnDshp4xrVTkB3me9F33/MMP66pO01Rp4FDHtmwIwHI24+MoGRdsSKIojROtTVU1+L0/93mtle95aZpqrZIkHtiQpLHne2maUEqjOHAc1PfddnuQQgJDttstY+P5+RlEGkA1jj0XA7Uppa4QchzHNE8JQW3bllUpBEcQeq4TR0mSpACAk5NTx3H2u0PfD47jzmazvqttmxCCHMeRSgAIozhijDmeM5lMlDabzYZY1unpKUL4/v6esXE2mxKCMEZA665pqEWiMHAoDeMIANM0zaEsinIPEZhMJlCjru2V1FwIo8zrl6+KfdHUzYOLB5N8UpV1UZZVVVOb9l2vhFBGlFXBGDMAcCb7vodGWza+vr5kctBGWbYVh7GFceD6Tx4/2mzXURQwPt7eXbd9a9vE9d0kiaMoCsPItmzGuFLasmygQd00XPDFcgGhruvCtsl8Os3TWAlOLctznYcXF55L276TUnm+d7o86dsu9iObUNYPVVE5Fp1MFlLqru0ZF3XV78u67caRSaUhpY5NiG1Zu/1uHMe+78qyiJPIdZ0wCOu6OurOJnEUxzG1bddz00nOlfjw2Yc3d3dJmsVJIrgglmVZNsRQCs74KJVUWkJkXNctypoQ+9Gjh+MwXL56pY0khARh0DRN1/dVUwkhLcvmnPddr5QKPM8iBGOMCVHKDCPTWjPO67ohFpnMFgbA7W43MmYAaLsuikM+DgQjYltSyuPOh2VTKZTneIJxwZlFyMiGuq6llnGcRnFMiN33A+fC83ytzc3N7Xq9VUofBT+0NkJI1/W0UgiaLEsfPHjoBJ7SZpB8XxRd11FiudRJ4ijLcwiMkUr2w/NvPUvSzLbt2Auohfu65WwMg2CS5a7jcca7ph3aLo+TceihMq5tWQbMZ7O6bTnn+I/93I9ACAEExLI444jg3W6PCKmqar/f73ZbpZXnOp7n11W73++iKMryBCFjgKzqHSHIcehRt0MoM45caWCAPmpveJ7ruh6ltud6YRis19vnz58fqelSSdezqeMQYsaxD0PX9/04jhHEiKAwCLu+W8wW2MJ9N1CHLheLcRg2681Rcn0+m7Z1gwE4WZz4rssY2+22juMYrfth4JxjQohlBWG0mJ92HRsGDhHerNd1VUEATs/OEMaPHj8GEF5dX0spbds65nPCJPA8x6a2ZdkQQsel56cnF+dnaRojDAhGbdt6jndx/gBoc393dzjsz87O+r4ryoI6NrXs65vrsihPT07qpgIGIIQBPD4hgVZaak5dApBar+6A0dSymqZBAGGCm6YllDqety+KtumDKBRC3q/uD5t9W9WObT949BBBdL9ajWzURhsDpJIjGzzXOVkugsBXUhil4ijO8nx3OKRZlmbZbr+fTmfvvPMJLsTd3e396i6M/CdPn/pBUBz269322bMXjx8/idOUYDuIwvu71Xqzefr4jcePH61X61cvXhpj5rNFEIZcqGZgaTbZ7Q9a6NV6hTB54623mq59/uIFJFbXD1XVaG2o5bCRd3UnhTx/+IjY1nazcxy3bdurm+s0TaWSSZp5YdB1/c3trRAiz3PXdYQQ11e3/Tien54naX57e7vfHxCCfdNN8gmGcDmbBZ672d5LKZMsBlrnk2zsBwiA57sEIwzxbDp99Pgx5+JYhyFL4rPTU9uyHGp7rpvGIYKg64cPnz179vJV23cYk0me7w87wVkUBXESj2xMkujh2fkwsoFxz3GV1qvVqqqrKE5czy/KKgijuq7HkUMEz87P+cikkgYAADSltG5ahCH8yf/h544yQBDj1e3K8Z00zeu2ubu7S9P05ORk7LvDbndysnz27FnTNG+98ebZ+ck49l//+tfiJDo7OwMQNUX74W98WG8qy3KkEq5jW4RAaCCEcZwKLg5FmSTxyISbBwerdxz75GRRNxWl1mySDV0rWjZcdkMzOK7T9f16vT49PcEYEUIYG6u6nk6mQRDuDrvgPP7k5z/VNA3GuGs6Smjg+7vdjrUj2OuubHb7Qz6ZFFX16vLy7PwiCMLV/ZZxQTByHZsQGFwkycUEISSlHIbhKFD36NEDx6br9T01+OqLL7qutW0az5LkUzMLk9PT0yM0+VAWZVnatu15ftv0TdPYxHJt9/1f/pKjLQThyIfP/PTnHMc+0ljffPPNIAh+63d+d78trD0SjfB9z/Xoy1fPXepKqfM0Z5w3dUupo7V2XAcQOP3UmTcJ4jR99fpFFiflF28UE03T+GHI+AgQbLsuCIOj8M7Q90dC+uLR4tEPPHUcr5fq5m5TFKXWeuhZV1b2waR+qJTs2obzMc9zjFFd18caAOPIfD8Mkyh/ewly+3DYIQCSKA5db7fZHra7IIiqZ/tm30KC2cgIJgQTKYRlkyiKGONlXUAA26Y5ffP8U3/y08X+0BzKwPd3v3tvDMTUYkI4tmW0GocxCHxKaVGWCOO6aZI0q0z75g9/8jPvvffrX/hVCLDnJ4eqPJ3P6u2hf1E0u8qmVrE/zCZ527aB5wWBX1Zl07SOY1PqOA7FDokfJ5OLmQGoG1kcpxAhrQFrxs37t/v7re+6Ssm727ssT5VSXd8pqX0/sG06jKOUIsjDh597GEz9OI7uVvdt28ZRIoXAyFJKuX5wdXWV53nXdX3fv/fee9fX169ev/Y87+233wl89+XLl0bJi4sLzyZNuZnkWRwltm2T/a6wLccgPPTjdDEfx7HveyGE7/tHjsNqtXnr6RuYwIuLizgKMIYvXnzbwujxkwcYW0KI1196/eW//puiY+Bj2OQTp9OfesNxbEJJakdRHERBsP7q1W/+/P+jmPzulvfg1Xd/ffZdn1/+8W997t/7vO+ESql27C9fXa3ev7n8Bx+Kgf+h030A7v7Ibjz60bfe+nOfWZ4uuq4bOVNKIQTaoaqL4uv/8283d9WxWfoo/6FP/bjS4nA47Pf7u7u7Yz0kyeWm2dV1DRB0s/wb//DLr/7PrwMDAADEtf6Nv/AzWkspJYRGCDaOBNXgxc9/jdfjP9+T139U9yD64hs//d6Dn3iHUvree9/33/1Hf481f4TvH7JvAJA/nPyJ//QnQOgR28ryXGtw+/L59d/5kv5nY/vyX3yQd/7171/81JPLV68fX1w0Rf300ePbzvrH/8Xf5+3Hur/mXjz8wTeVBI7jPnr4+Ff/0j8e6+HjOO5+6fLkr0xci3y0W2PQy1/99vt/49cVVx+n2wAAbOHv+9nve+cnv28xm33jW8+Wy+W3f+Vbv/e//Joc5f+n3x/Yl6zf+pG/8GM/+Oc/7zh205iRM8EkhCIIAqVEEIY2pUoDTB1hALTsp2+9fX9//+L1q/l8Pp3NKKVS8te3K8iHcRxc15Wc4fkPP4iiME1ii2ApOHVoksQOtdk4jsPQNvVut10u5xbGRhsjZVUWw9BNsvz87Nwmdlf3v/Jf/SPR/eGR/S8ybxqd/MBT13Ut23IcGoZhu63+6V/+he+O4/+v1dclcQhz5WazcWy32dXf+Nu/q/jHjSMAoHy9D1I/f3M6jB0hJI6DLM+UVr/5V36pelV8p5mTuiefv1BKkSOklXHPdSFCWmvLpmEYhlH08he/8ewXvvodF0Ktz/7s58uqRBgywZkUSuh/+hd/kVUfa5x9ZAbsv7mKH8bJaQyA+dr//jsfMz5D2a++fR+9OwUAQACbdfnVv/p/6+8lttsP76UWn/j8O3mWru5XUMN/+J/9vY85uwAA/jw6/6FHAJi+7ahNv/kPvvYx7wurxs0Ht+/+qU+N/cDYeLhcvf8/fUFL/fF7brRZv7/+oZ/546dPztbbnaz4L//lX1Tie7h2o83lb706/9x5kIcI4jAIsyTL8hwAMAyD47hSqaZpEYSM849K6tl25AeB5wOjm6YRgudJksVh4LiORVnfk/l0dixGyDk/Zma1/OiyKKW+70/zrKmqRkutNUIIIzCbzMMw7tt+GNj6q3cff3Yd7VgugHMOkW6a5hv/6Pe+p9l1tOvfvMw/ewIhpp4r75j5Xu7E0S5/7Xn+A8vVZg0RzrIMQPPFv/arxbd2393mWOWEc04xNcZQSsMw7Bnb7/dSCItYX/mbv37zhRf/7IHNq8uXbV0VRfHoyWOEyNVvX45l/712DwCw/q2rpz/0RtfU35NX8XxHGHBTqqTZf+Vafy8j7GjV1zbzfz979fJlFAff/JWvfZw/z+8YBMBo7di0s8i+OABjPr7v7fs3qNWx72hArp83Rn0Pvkcz2vzG3/1Ci/vHjx/+6l/7Za2+51FhtPnqL37lx/7DH7dtm40jhsSyLIIwY2w6TQ6HQ9M0QRAwKeI4DoKgbduh6yGEYeAppaqqVmycJNEsz9qmbauSxGHw6vJys1pxzj/96U+vNuurq0sIoe/7URwlSUIIEUN/dfkqSZI33niDIGuz2WzXO8YGxkS9rr7TuR/8T/6VdJ4xKcui2O93T54+PT056bqOC6EN8Dzv5naFCcYYAwCFAlqDvh/bXXt0Rxj9xH/9Z1frDefjG2+/OYyd67onp8umLNbrtUNdBNHv/M0v3H3pGgAwFv1bb70FAOr7cSg+Gr4Qw3/z5/9dqcXQj/tDud8XeTZJkwQTkOdpW1dlcXj+Cx/c/u4VAGA4dEmS9OMgleacf+X/+OLLf/LNPxRuhNBsNhvHsT7URVEcKypNJhOt9W6z++LP/9r2/T+8BNXaWBgtFgvOuWO7BoJ6XX7n1x/7z//M6aPTpiy0VNN8cn19FcURtSkfh+JQfelv/VZxdfhO4+HQDWN3sjz7k//NTw/9kOe51ur+fqWUOtZifffddw+Hg+c5xpgv/1+/8/7f+t2jY7nad7AXXLab4vcjg/7V//7PC8XX61WaRlmetnUjpbRth0kRTSZFWb7/N36jfH8DABjL4cWzDx8+fjQ8B0NwAAAgAElEQVQq0e7+YHr/W//jv9P2lQSg05xJadv2dJJDANerdd/3aRSXZfnW229ih7BhjKIIY/yz/+t/YBGrrSplBIZm7Fol+IPzszAMLm+upTJn5xdf+eWv/dJ/+0+Op+j2zfwTc4QJ5h/NDUTQv/3Xf84AwPngut5sMSsOVd215+cXBoLL19f90P7LP/Ijf/FH/9JQDACAclV0XXdiWdXvhx1i+Cf+yz9ltFwulq5rd11XlvWTJ29ARHa7LTCIEAQh/Pv/8f/W7VsAQHlfKC4119Whkr5mTACglZBhGCqlyqqxLIsr6bou5/w4SJRSxzQ3G8aBoOv7FaG2jTDxfdI0TeB5URBYlGKMoyCklg0QPBbjE0IEvpsncZ7ns9kMAHBMMti2vd/vh5513R88mxcPT8Is2u/3E2+GXIIcsi63fd87jiOU7uphUMxClhACIWDbjmUjIdj86YkoBkKI1LpXQzxLEULItbJker+6zXTGoYimse8G2+0W2fg7p5NSx3FYN4M18U4/+1BIKY10Mv/m+rLruzBP0klCqXt3d5fnKXFJSEJC4Y1PP/KHkA9jkqR5nt985erbf/crfzCvLHx88DPGN5sNAKAsy91uRyntug5gbJj+0l/9td3zNfjnDCEYuB5C6Ac/98fKsm7bvqnb7/w6eTSzU4f3ZnPYTC7m4TJJsoTzsX5dffnv/PZ3zy4AACFESfPixQuESLpI58v53c2t7WAA8OnF3JgZJMpyoALMAEMj+zuO89nEO4s5l+gdiRnUWiOMstPsgw++Ec8iN3ChDT/12Xcty/ra176+ud1yFwsk/cQ/DkkI4Dtvv+1F4b4uMf6DgJMAnS3PFTDP7q8X2ZxaNhsGaMzy/P/l7M1jJcvO+7Cz3n2/tb+qt/R7vcyQMxzNkBQlUSK10JSsJTHsBEEEG8iuIMgGGIEBJcgfMQLEsbM48hInsIMkSAwHEhI5EmxFKykuIw2HMz3TnF7f67fUXnX3e8/dT/6o7tdtRpGG+v56qFfnnFvn3PPt3/cbBEGwXCxkRd4/2g/DMI0TRDAmhOhiXVfHr9366P4HgLfO0ImjMK4TUPOWclGTGqFVHPV6iaIqsjzt9QY7lE0AAITQGVpZmsKiPbxxkGRpiWtBE1lbcgRlRyUFunv/bsufCWpN127fvp1kmSSK1zOYfUuTJdM0kziee6tebyBYMktY0jBFUGoKi4xx+Exg7jQ1SqmiKI7jQAjDJNzVjhiGscNPY4ztsG8URTFNkxBSlbmu6/1uR9O0jbe+nC9sw7RMnYiUjEaHkiQpivK1r31N1lTHcVRVTZJkvV43NZQkG8AWU8Q5v7y83G78g4ODbm9QNzxJ0rB9oVMhDDBFVBSqjAmC4Pv+ZrOxbavf73tBOJ1ONc3CGO8assuqUlUVY+y1n35Lu2NURSmKKoRQN0xN0/Iq30kPzvkO+q0oCgghJuT6eqxWqzAMOSBHX7jz2s++FaeJ72+3vocpQQh1Oh3bMJ88Oi3zIo2z+XQx2etb/cG3r5UWzufzhaCoIIZf+xv/lLfPPh//8A0eN9P3zgEAdV0vp0tZlnc4GLZtI4QuPzr7yn/5G8niBWu3Dxy9q1+8c747zsjbFkUlU0FAGFQNr18oaXVRszT3/VCU1bwsqqYOwvDJuw++8z99u4y/W9PGmEiSGoZxr6eriiBLxNCkrn2jzPOh62KMz86eqJIkSGIDeNd1rwc2TUUJAC0++JHjoy/eapqGpdnVxSWGqNftDga9zXJ1fnquaVrP6d2+8+r7j+4Hm5A/DyZggt/6/s/+2q/9Wn88UhT5etosKyRZillmmqbjOnVV+dsNArA7HquKnMVxXdeLxZwxpihyXpZbz4OU5DkrqtILA1mgpm24/V7dlA3GTr+LMPXiMGUveHTRVA1Eoqzwl3RLUVbqum0hYkV5fn4pq5qu67PZDAvUNE3P3xiyQqlQgBIAUJbl1ls3NRdF4fqC6bpeVRUrC1lRJpPJ2cVlDXnoR3GSTfYmikAZY9frCaJIRCFOGaJEVOQdyg9CaLvdapqmKEpd15qslHkxGo08z/Mr3zAMyzRc162K/PTpGUDQj6I4SYu6Sw4PDzVN88PA9/3BYJDneRRFTdPs+uBCCDlvNMO9d+/Dumodx6mrNk3TtoWj0V6aplPhhWsnzTK5UhVF2W49Q7e43mRZJggCpZQKRNM0yzIQIhBCxgpMUVEUURzujyc3bpw8vP8AIZQx1rTBrngWY3hweJBl6brmrEpbkQ/6w6fqo+td0zQtTjJZk0REq6ZO03TXvPb4+DhL0n6nT7HwXhjuj8esKNI01VXDda26uo7aNzdv3g7T5OqrZ73PHgAEJVEChA+/ePTh3/367juUkF3va2UHqh1FyTz6nb/669dKKQBg8gNHN/75G5e/fnbN/wii3VFvtVhPJgeaWmnKCw6NAdQVlXN+cHCQZcl8tYzve4/+0d22eqYRCaqIBbybP0mSq+nyU5963dsukiTCgOcsG3TcZZZeXZ4zxlRVHvS7oixFcYzRi5tZFAxCiAko8lIUZcuyZFFq26bX684XU8c0ut3u1dWsqipRkDebTVWWd27dfv9318+4QNN86/27bq979/0Pq5dMuDhLnL6jO9ZmcWlxe8d3vNVaQHhvOHr99dcvzp6uF0ss0BsnxxeXV08vL4q2FgRh63u6pgCM/TixTK0BMA1jLFC3q1ZRC9ELIVnWzfjgYO0FKXtm+HHAvSAMw7Ao8tVq1e33MSYNb/f2J5vN5vzywtBVzgGh5PlvL87Oznrdgec9U4855/fu3RsOh4PBAIB2uVkPRkPbcRAWdas+uXVLFMXFfHYtM3fcPAxDURQRInEc74ATdu3+NUW9Bp5O01TXddd1y7I8PT2dTqeKJC4Wi4a34/EYtBxjQpIk2Ww2i8WCUmo5tmVZFxcX0+0l5xxCaDr25eVlmsavvvbJNMkFWRKk/PT09PDgWFYUWVFEWbrenT/4W79DJaGua95yRVHbttnVwF3IHwIIqqqeC2LNG/O4+8pPvdmitigKWZYfPXpkaMrJycnVo+nlr94nhD6q39shg3yDYsA5hLBpmqZuKKX+6fbZm0pxnufD4XC+WgMEPd83HXPxdPHol999jxBVURFCdVm3bTuFj5qmBRBc/er9tm3Wj57pdYIkCoIAUnD4o6+8orwVxFGappJARJHuwFMAAJyDXVPxjuuGYXj2zuNv/tLvldcBCQg+/Rd/6PW/8GaZhYH+7O1EEO3v7zNWjEZjQRD2J4fv4nevt+hqeiEY4s3bJ3Ecrzbry99+svzdc/Cceao97cd+8We/9rd+a3fBOIeYKHc/vN/v6LZl5ix3ne5iscAIlVV169atp0+fRlEi1ZXneUHwwhjebrcH9FjXlcePTkUqubbz8On9e//rO2VZUkLW+kVR7Jh9ocgqhzAIwyeC4D18rvEi+M5773/px38UIuFrb//2i/P9m7/3viypuhaG4fsYiaJYVxVG6DS/ixHGmEii2CLeeWXAOfCj8M6dO4PhXtu2l7NLRTeD7erLX/7yV7/yu7PZ1Q/94A9++733AKasqIIovl6CiPI2CPOizZ/zQd7wd3/9bs6yg4MJY8y//yhjmSRJHD47movlE8s08yS/5g6WZV1enYsivb5gWiAtZtPwO54oikmWqrrutVtV0SGE7z15Jwojb7u5PlaWs5ZzTMlitYxixkEzm804bzTNqOu6rsodFE6apv1+3/O8LEkFQciSdH88SZLIMsxbd16Jw2h+NZUQITv0Xtu2y7IsimLX63MymeyqvwBGCCFMSd20uy55YRJjgWYshSHSdaNuX3C44OyFuhiA9fXf3+UF29ybevfmP/CXf1JVVZbDOAy0/sB13at7l9M/fAo+HhFNWCzXkApZznaIcpIk8bwO720AANuPMYPqanme7Uqw8rLoD4fDYT+JgjiOIXymLEEIMcac8yRJ3v+n777zP3zt2u0rqOKn/60f1m5anufpiojwMw7KAWg44AAVZe129OVy9bIjDRPa8BYhggm6+r8eLL9+fv2v8RuHX/wrfzYps7p5tkTdtKpmtbzEBGu6WQoSoJRVNW/axWw2X6373Z6s6Yv1IklTROn1VP3+gDGm62a/318tNk3Tbmbry2/+M3HFP4aoKdq9zsXVzDFMTX0hfpOLMAHhFvwRlufLNH33/OLt08/9lS8pmt40TZZljtMxDKPMsvff/wBjur9/eHZ6rihaWdRPn15l8QsbNQzjy+lyNl0K7rN1ecvf+btfBwB8CN77o9f7LuLcsizDMIJ3n0uwhn/1v/7tP37QyySKIofAsqwdapyuW3VZMMY456DlcRyHYahoar/f//znP3/v3r0/+ObbEMK6Koqi2Olr8+miLEuWZpgD5HlB2wIqSnlZaZqRZbnvh54XrLf+xgvCIC7LMoqS1car22brexljnW4XUVQ3ZRD4OftewjvPyX+y/M4//lbbtqIo7oIBqq5JkvQnj3xO4bnnPVjXLectSNMsy7Ikiggif/LI57R6uFi8dznaGwyGHVWVdVUWKZRkenA4bvkL9y5CGGPy7f/zD9/+O1+5vl3W2P7Zv/4vFHYZhf5oNJotF8lzZw/n7dqLkrxIi+LJ+fm7dz/Iq+p6NixiKpInDx79xn/8K5dff+Hf3/uho9f/nR+UDC0MU/DcFkIQUklsW5DldcbKIEqXay9IcirriuVyKiFR8RIWZzUgclG9eOaiKBljgCNdN6umPr+4Yvn3cEzpRZg9DJqmIQhf85rvifzH66e/8cD3wkePnty//3C72oZeOBmNWZojAB3LnV3OIEdxmAx7Q1XWrgeKRIyDGCIy/vyxZCl/iqUxxnVdjwaDwx86kC35Tx7w/yEEkb/1BEHQdb3MizxjbVXfPrn52muvaZomCMJkMjFN8/Ly8rd+67eiKJIk6fj4eDAYrFar7WrteV5Rli0EVJE4RmQ6nQIAOARBEIzHY0LIDrsIY9zpdEzTxJTcvftenueGpu08DYN+P47jui6323X10tsj9zVMCOecc76D19r5oJqmrpuG8xYhnC6iXfQweLhCPwtFUUIILFfzpq3iNJMddSeOIARN0xKCEUK7OqXd3gEAknW006nixx78caTqmihLdV2JlAJdVbv6TrndgVnxtoUItS1HELa8bZsGQliE+W6Gx9942Pm+vbwoZFnM88wPMozhsN+7dnjssrM/+tX3P/zlF2oeFsnh50+8j9Y8rvw0+Nq938lytjpd7f7bVO37//hdjLE+sECXrn0Pty9dV4rDqf/uX/vdwn/+xkPw2X/lC+ZnBlfTmazoOStfyE+E8jxr2xohMWG5F0YQwjRjml5XLcirquDtxaNHk8lE1tQL8EIYlmWtKJrnBRiTk+Nbvu+v2Vzvm23btm3DOUcQIoTqpuYcUEKbptklTKabeLczD37zrnGsw6rZ4bPsSB/bLeB1UxOEJEkEHFR1jXZocRBWVcVbni4jXnMAQPBg8+mf/2JRFKwol8vl5fmFrb4iCWJbQ4qw4ziw5QTj4WgcPnihcBCMe8O+bjrT2eLzv/hT7/zS7wbnH0cdeUEY4/Pzc0PTnL7z5f/0J7/2S7+/frL+k4e9RFVdRWHoWG7HcZu8TtMUU1yW5cXFxYMHD8qqeeONN2zXQQh99NFHJycnZVnuzLbtdns4GQ+tvaXvc84xgIahkCCMZEXFGNdVs1itMcaTg8PdfimKAjHKspQQAbQt5EggIoRcEYWS4YIVIsHKSzbYZ/69L3VGvTRlm+WKCliSREFEGENCcAN4WZZ5Xtz9O9+MTj0AAGyBruuccwDa6WI+n88bjj/xH/xwXTX9fn//aP/q6qIomKrJaRz7vu847uHBjbZq/+Ev/D22SQEAbdkyxhDCFBNFlqoir2X+c//Nv9TpuGma+lFkmmZT88ePTy23AwAQKA68beCtH/2997N1CgAo42KxWCBMFEVp2lpRFFkUoii6zs3lnBcsf/r7j18+gKao3/uHf/j/dzxt1Xz4v70DAOi/uf/WL3wBU2H25MXwzd357//v79b5M65EJPrD/+FPWne6jBXHRydZwjDG7XMVEfCWZUGv19uuV3lGsjzvdDpNzauGp6xIs0z0g+Vme3Rys2kaXdevV0GY+kGyWpwaunX79iuO02mOmy/85z9jGcZieUUp7fe7cRKmado2ALawYPVkvK+bxv/yr/338TwEADRpoUricj7d9cPa0Y/+Z/9cVKZXV1eOpt2+efIcno8ghCBAG9+LouSDX/r95NQHAFRZaRt2URQgCg1NT5Lo4cOH/Z476HWSKO51unlZUEl++vQ0SV7YYDlj/V4HQVIkgWiKf/Ef/JvTB+erqwUhpCoYQkg1dIFKZV1ijAVRTtM0jmJVVb76X/xmEeUAAFEUTdMghPR6PYzxz/1Xf27+aLGab6goOk6nLOuL6YUgEFmRHNv1PC9Jso7jAs6/8Td+u0pKAACC0NL1pirMXse6dTKdTlvON5tN2bS2bVd1GwSBJEkHk31JEDHGH6XpLha1t7c3HA5ZXR/ZdpQmVV5opkF2Lsgd4O9isdjpbDszTpKkoiqDILAMsyzrKEwkKiAE6qbUNaVpS13Vtvr8endUVRcEqaqa8XhcN2XT1HWTc851Q1F0rSzLOErxtbeL87ZtOW8AAHt7e6vVKslKCOEOl6yua4RQ24LtxmdZIoqSqui+74de2D4XLxDCMIkFTBGApqE3ZcWbZjqdAsAppXEcV1Vl6JakyFXbRmEy7HfH+wcIoWujCBN8cHCoakYY+r7vq6qqaarvh/ylJURR/FNpSaAsC0PTCSFP2ItMiA//wdvXf0u28sP/0Zftg97Tp08LVh4cHaZpKgrCrnEdAABhSGirKkIAeV0WTVUB2BJCTNugIqmqarVambYRxkGeMSq8sMFyVjR+qMiaYVhXVzNRFC3LWW/mqqpOJhNCEMJgucqOj491zVwv1lGQpnFEMeLPUx+6rot5K8uirL7QsrbrtWTIfdcd93t1VV1eXBwcHnLON57XthxiZNn2tS+uLIqzs7PNZjubzahEbt469tersiwppR+8/57rupZjN02zXq9fNg00XV3OZ21VZ5GPNA22ud4RvRRIEhaA+sorr4ZJLAqyIIl1w2fLRVTl9s1ez3WoRHcXDCF0eHjYNE2SJISQq9m0FKrBJ0aqqpuW03AoTdQ8z0SKdc2MYExEOrw9khXxHemruwsmCeKwP/DW29gLHKeDOGB5btu26bhlWS6X67KqfN8Pw1BRlJ3v2nXdnKW6rquS6C+XJctZWbVlgWyLOE5HVfXVdiPLsiiiOI79IGrbluUloSJG1NAtUZSasvI2m67rAM4Dzx8NB02rlHnFX8pG4U2TxRkE0HYslqcQthCpec6qqvJ9P47jo8Nj+twWb9sWQo4QzrKs7zqSJC1WnizLdCDmeb5er+u61jStqiihSJZlRVHyPOecQ/TsfW+ahhBq6EYaxrIgCqrSRc5iMWNZJto2QvDy8lKSPdPqPD6d1hy0LbAMjXN8fcHaFsiS3rYgCJI4TOqqSoK4aRry3GNBCbFtG8KXXOAfnzhgCWvqkr4Uq70m/cB67d/4nDm2dVWzTWeRLDarbVEwzdCvfZgEY9tSmyq7cbDfVvV664O6YmmCYE/V5CzjuqESgkPfd207yJOX53fdrmU5pmFfXl4GYdjrdQ4Pbszml4oqZHklCKQoirIsMpYoirRebiqW91yHPnd2S4KwWcyHk/2tuLqeUxSwaxrA0B3TopReXc4QIkmaMZYDiCHBmqGBF3sF87xoqlZV1TRPAACdbleWKAAtQJyKpCzzom729vbS6sWTI4w9f+Oo2tF40DRNvN3kWeYYWrffy6tSlqW8KgkmdV0XZV0UVcYK04JJkjXPxX5ZlnVdz6aXLEm/763P5GURhpFmmqqqB0EQRAmhaNjvsjSTJanX7SpSpsgyfYmJIoRUWUwoKfLc22y9zbaG3LLtPM3u3f9osViNx2NN03Ye8jAMbctq6np6cXlyckI01Tat1dazNSNPYthyomgGFWWWlwDCnedXUSVMKcIAIJRnadO2rjsEoPU2aw5BWRRRFDiOXRZ1nCTpSzo6y1hWlZqm3b17t+X1ZDw8vHFACCxKxhhDCCVhdG3BY4xc180z9of/8+/9ztvnCCGAwE/+tX/54ODganq5Xq9VVc7zzDA1QlGe53VTmqZpqAYlZCcRMEKDbtcyzd/6P7759h+cQwgRQX/uv/t5AHgQBAAAx3EQwaIo5kU26I8Qgp7ndRybPI9W76KHV1czxtLJZA8hFEa+pqiS/CwJgFCq6eqP/eJPhUHoum4QhnEcm5YpySIlqKqqIAg7HffGjZNf+av/6PSrDwEASMA/8p/8dLfbn69nZZlLsuC69nf574af3f/xv/zTZVVFUdQ2gFJqGBokiLE2z9i1EAAAGJpUsCJjrS7rhiaXZcnrEjdtlrPFbDoej8M4bqrq1Vdf/f3vvHCU7cKYT5+ern7vYvq1J03TfIOgL/31P79czJ2OLUvCeDzmnG+33mLxnX5v2O93KaISJdfh3TzP79y6vY1D8JK/59U7dwiF6+XKWy0/+clPjgd9AeIsTTVZERU1Ywzx9sX1QrCqSiqS/c5ksDeYXp4RUWjqGgDw1ltvDYfDd779LhWJ0zHvfji9XuLq8uK1gzuTQX/U7603y/V6rYjYHHRst3N+cbGYTxVVlxVxvfEgIqPRCGEqyFLT1NcXjBIiUkGikrlnZjmzLKtsGs65QKW69sMw7HSdHaq9aZrj0V6WZYoosji6Tpts6xpxMBz0ICJZlrWgcbudoq6qqjEMqyzanJXT6bwoCoRQGASj0UCTJYSALAlpkqxmszRh+kDIyzJPYrINo4Gs9Id7nr95fHaqaQoRqaxKmi5XTZkzmrMyYgmrC0lTk7wocpam8f0Hjw8PD/0gDl9SoB/++nuKqe3MO0Lww2+tH6K7kiQiBJumwQTnLA8un9msVCDTy4s0jmELyl2mOQRf/x//n49sSxCFqioIwWVVtm3b7rTJ9hkIw3X5A0RAk4Wmyqs8f5ZNC8HX//7vFVXBObcdB0EYhiEVRLHhwaPHLE3LslzLSh4+YwqIoMDbjkfDJItns5miSoZhmJZ1zTUg4Joi9CYuVlCW5/a4gyMxCIL+0cixjLMnj62OKigoyjwioOd3khy+fvTee++9+eabCIC7771bty/8QAAALOCmab7yN3+jqZuyLKkgYISqsm7bFiJUlmX06Fm0Q5Cov9lKksQRZBUDsOZ1/tM//qNBEPhVdTwYc44jL8CEvP/Bh9lLiqhp6JRAw1QTUcz9Zztz/5ffUxT5ovYC3//I+EBVlc1mAyGouuX9+J4iK3VVJttnwqSoS0lVOqJ4xp9eT/vbf/PXiIiTOJZl+ek/ecwBTNK0rhtMKMSIA5AkcbZ8FpShIukMHN8LE5Z4m1XP7YiErFeLxWw+GPU/evgAYqDrqiwR8yUt9GA00GUpi8Jvvn26fRIEYZCkiW3ZoiSVdZUkKaGUA8SKnANU1U3GmKppHPCGPbtgCCPMQafTefqtiz/41rc4ABRThHFRVHlR8qZdwqeKKiGEHrLv1GWla5qmKLxpqrR6fuhtxTLDsYM4ggI8uHlQNQ3Lq6vZggMiyVqW5a7uuoe2JJI0iWxDl0S8N+onkS8IwuFoKHB0uL9//+xxVjIy3BtRivOS7U1GjKVB6MuaaDn6ar3wPA8AnmXs+Mbtsq5CPyjSylAVx3V52z69vIrSDJgvPOPzb/zxBTv/DIl9RZblrutu9p47eThYfePp6o8d9TIJHbFgKRZo52Z/9pWz3QzXCbsz8EeHfV72Se19Yt92zF3TEffV2xCCjOWWZSryMwdx0zZt28qyPNyTvSB6/PjJ3mTcH4wG/W5dMgghB6AuqzxLrw0nznnT1HuTPUHAZVHImqweiy8/QFM2q29Nwceg/p3hpz7xqbW/Xq19WZYFLBMADU1HLQ+8cDlfGE5HojISSF23Zf3CG5HnRVVVGEP7hv3sIw4e/9qH11+Yv7TKOfiuagAAALj5mdtZUXrbwDpwrj/8zq/f+ziPvSN1YrIiIwJWVDONQgxaZzCsbTtN4yiKKt5gjM8vng77A9C+eHJFlCfjcVNW59+++s2//5WPv9w16WO91+tDik/fPb/3Kx/8KWZwDyzP27SIJ3lWtk0DuK6blEDbNilRwyCLYxb6QRwGZcVMXUaQ50U67HcNw7g8vzp9/Pgzr72Rs7RgGcctIrgpirhpmGNrg35HFgXe1IG/Xc4XAqF3bt157ROf1DSt2+2aps55I8vywcHBaDRACLiu+8kfeWP81tH3+htEQ9774kmUpHUL9n/wljqxvucZbOnTf+EHhsMhAGDv0wfGofMnDvku0vrG7Z94RaK0LIsoCgHgALSev931fN59h7H84ePToqgAR0VR3jg6sUynqprzp5f3P3q03YaO0/nc5z6nqSoCL3lCWu7azi7TcjgcfvILbxx8/vh7/oGW3PvceLFYLRfbJC0yVkVJvlhtruaLMMkFWTFdd7FZF1XNiiovCll6IQdEUSSE2KY1+syhe6v3vS5tjqxP//nvl2Q9yopbP/T6yefvfK8zEI26PzhK44QS1O+4h0dHSZ5dLeZBFCZZCjBSVZVDMBqNKKXtS2Upqqo+vbx6/8GDdkwn3z/5XtfVhvqNH7mxWq+Xy6V5bO597zN0D9xXvnwrz/OqapqqZWmOOCAQYMh1VbZNVaSQII5Am0TB3rDfcW3OW4owQXg+u9puVt1uNy7YdL3O29pwbDz80YPNZsVYClH74P4DKiDXdTjngKPhYKTrxnYb+J4PIKjKyvf9nDEqYAjgDs9mOBx+8ic+nSZpMNt+nMI+SJB50/3sv/sT1JSzLM/zqm7r4Wf2UQOydfxxCsOIREdv7t/5+TcOTg6Xy+n2QiUAACAASURBVOXW80zLFI/UtmjKoPg45X1YIt1P9j/xl95Sba1pGohRUTJKieM4AIK6ai6/frqLBAi6+PrPvCWI0mw2T1Jm2s526yVJpqgKpUKWpaIoTvbGLIq/85V73rkPAMAU939gL4rjLEuTJNolx/TeGBJC43l47aD/YwgJuPf6+LO/8IW0yRbzJaGiYVqSohGMPD8sq/rp+XmUphyRlOW6aUiyXDd1topm33i6m6H/mXEj8eFwhBDsf2bCizZeRh9nZ4hM9z598Jl/+/NBFuVlHcZx3TTOa33e8Gwdf5zSYCySg+8//sy//wWqEd62vK6JQG6cHF9cnUPOBZm2gHd7Hc3QGcuiIFIUudwUD37nwW74/ucOKrGpIeiPhq/9mU+lYRLPo7r4OE9OOp/qv/Wvf3awP8jL4mo2TXN28P2HGJBwGnyc90pQhDtfvP2v/rd/iUoUIWw5dl4UaZI6pi1SXBUFaDgmOIlTBOGg35NE+uabr7dtXZcMIVCWeRiGBJNur1vVzdr387oyHQv+2b/9L65WK9d1FUWezeb7+/uSJMVxCgGWZbWqqoRlcRwbhgYhDEM/zzJZli3DFASy3foHBwcA4jAMl5utruuT8f50Ol2uFuPxCAAAEO/3+4yxx48fR1F0+/YrLeBhGCZxRqmAECrLum2rw6ORbiioRWEYlhmTRLnb7brd3unpacqYrCpV1VxcXNR17ZoGQmgymVxdXcmyPJ/P9w8Pj4+P3377bQghEWiv1zNN8969e6vVajwel2U5m80sy9rf30cIxUlIEAYAtFUtSZLruo8fPxJ33cgAd12XMbZcLkfDSZaky/ncNPXbt28HQfTo0SNEBCpKfhAghF3HphhtVguM+J2T44FpEAzLiteQe2F6PruCGAyHQwj5xcVFmrNuv3d044QV1UcPHhR5tT88vLq4LMrcNPVu153s7zVN8+jhE1O3OOdFUbVtLQti3ZR1Xdpu9527dyVJGfQ6BMFBr392dkYEajluXpb9/pAIeDa9XC/mokA7linLcl7Wy+XyzquvtG278dadTidOWZpmacooETGECAFVkSBs26bSDWux9MIkLlPmuNbA7bRtG6VJlmVV0xR5FUThaNi3DMMwtXF/SGT6f//GPyGS6LrdpuGr5RohIstyniWiKBAMh71uzlhbN7Zht3UjqHLe1h989J0b+weGqlxdXZmWrqrqxvMMTRMIblhVJJmmqrpmFk3VcA4QLOqiKIoyzzqdDoTg9PQUIzAZH2CM67bJMmZbblmWT56cEVGQNXWyv+etNixJb90+gRA+vTzHGDdN27ZtFqYIIdPtFHXjRSEh5NXjm5dPzznio/EQYxjHcdvUBAHHsg1VyzPWNo1uGLPZbLVaHd04KEtWlmVVtYKoRmHcADgejssyb9ua5dkOGL5tGts2EcAPHj4eHx5dzWYJS13Xxnd+7o08ZwcH+7quTyZjRVE8L0jiDELs+0EcZV23CxAAgIsitSxLVZS2bdumIoTYtiOKoh+EnPOyKKMkJpikWWJZxng8jtNolyayc2rduHEjL0tV0duGV1WNEElixsrS7boY8aJgOcuiMM6SVJEVx+kIghT4McJ012J+s9lomjLo9QEAhJA0TTnnbdvajlPX9fn5uWEYpmWKolhV1WKx2AXKAQCKogiCJAgiABAC3FR1GESSKN28ecv3g3feebdq6k6n09RNxliapmmaJQm7/+ABxsixnSAIIcaD4V7D2+OTm6PRnmVZcRw3TT0Y9PdGo8neqIjjV+/ckSV163vb0M9S5rrOjeMblmXWda3KSrfXQ4SEcQgA6jidOGR1VQuCoBuaYegIwzAMPG/r2E4cJ4aht20bR1Gv2zdM4/JqVtdtmjGBUEmRdVOfLeZxkmZ5btpOVZeEEEWWNFka9LuGqgS+NxkfsLyI4mi1WsVJTCnNi2o2m3nbUJZlSkgcR5qqDAZDBCHnnLF8tVgB0PY6nYLlRckMXYuT1DRMWZV1Tb1z5w6CsCnLIs9YkaV5npcVAMixXUlSfN/ndTPZH7umVZVMJLhIM5GSUa/fVlVV1lSVN56nSCKHgLFEUZ510r15clIWZZ6xtuG9bt/p9Iq6bgEghC4Xi5zlkigpilpVZVEUVscdjfcePXmMCXW6nThNwzhCFGu6VpelKBBet5qu2La98b2UpYdHh5TQzXLVlvVkPDYtO2Vp3XJN00DdCJQeHR9JsnJ2dpZkiWWZnIP5fJakKYZol0xTtw1EqNtxfW+jyCLnQKBEECUEoCAQztvHTx4xxmzb6vW6cRyHYUAFkeVF1bY1bwkhgkDxwY+9wrJUU9WmbqIwWq/WaZKLgowgCf048KMwinRTS5KwYIwSQhCsnncjoJRQSgLfb3hT5EWRM8tx2rZN08Q0dVVRNVWzLQtwvlqvZ7OZLCllWdVVAzhqGt62QJVV2zJ1Qy7LnGJBVTXYoqKok5jNF8skSeM44QDUddU0zXA4GPT6VVVxznkLIURRGC9X6zhOVFUbjyfL1frqarpYLNuW27ZTVXWeFycnNyeTA001iqzIUtbWbcHKtgGiKL//3vtJku6PD9xOD0FCsCAIkm25AIC2bfcnY8M0oyR0nc7+/kFRFvPFkpVFWVXr1aqpK01Vi5wVLBMRxAg+OXt6dnm+3fp5kZuWpchyVZZplimKJEryZrXxNluRSpTQi6fTTqfTH3RVVarqYr1ehaEvisJ6tfK8jWVasixhDDVN9X3/7Om5KMt1WUmShDBUFDnNmWZolm2laTqfzxGApqYIBHVMUyDg4vycFbUky1fTqzAMTcuglBJEMEJhEJVFoaoqxohgpGlamiar1UqUJVmRdE1xHINlyXw+q+uqBc1g0BdFKc9zSRKm04siT5umrKpSEGUEEYGk47i6qntrr62qWycnBEDe1oNOBza1SMj+eGLren840CwjZikCsK1qglB/0BdEsaoqfxtwDlzb5RxuPH+6WG7D0HZcQ1UlUTg6PDJNI4yiLGVUlLr93mw+v5rPqCjIigwRUDVVkkVJFCxd365WZVF0XIcDvvU9iKCu62mSNmV1MBmPx3tZzqI0prJICK7yyttsVuuV5/tlWQiUsCy7vLzkDceIOJaTZcwLAkQoRLht2yDYOo7dNBwAKEnSrjF9UZUt54RSIhDbsYs8v5rOEMau21lttrbrmJouEIxf+dk3VVV3O44sSxDCPC8BgGVZRVEiipJpWmWZ9bqdvGBt01BKKSGCINi2PRgMkiTp9Xp5XqRJEsUJxrjb78dxWFVVGAbL+Xy5WuVZhgnBCKdZlkSZoioUi1fTqyhI7rxyZzyanJ6dZixZLZeyoOzt7auSXlU1Y3kUpYzlYRQTSmRFEgTiuJYsipvN+uLiknOg67okSZiS8Xjc7Xbn83lZlbtEyrZtbdveBdoFYdfkNF8ulr4faKpiWVaeF/P5fD5fvP76p958862qrJardZaxKE6qqv7Sl37C97dpkna6jm3bQeifPX269X1NU/0gDMMgSVNdlSxLRwA4pn7rxvHl5cW33n+vbhrVMGRZdlx3Bya4Wi6zLKWEAM41XadUuDy/SpNMFIUsS31/27Y1xtC09Ju3TqZXVwIVDEO3bPPo4IDzdjqd2Y5tmFan4x4dHSmqIshiHMeCKBJCWJZmadKxbdA09z/4IPQ3uqa2vH1y9vT1T31f0zaKouxPJltvu1gu0ySVZXk6nbmuu7c32nW3LssiTkLOoeNY3nYrCPTWzeO2bcqyGI6GiqLIslzXle2YLGO2rRNMkjipGy4JEm9a0HIMsL/dFHnR73byPKcI7o2Gge9dXV6WRc5ShgXy4YMHvudJVGBZtl2vsyzzfT+Oom6nFwaB54eb9bpsOCCoalrV0NabFedAt42N5z29eIoEIslSXpaeH+zvT2zbzvN8bzjq93qb9SaLoldu3mqrWpEkznnKsr39Sa/Xe/LkycMHDx3Teu0Tn0AIPXz8uKgr07GKokSAQwgwJYoiIYS87abIWK/T7dpOv9cbDUee513OZojgtChm8zmCsNPpMsaqupEkOUrjNMkAgoqsuK4b+CFjrN/rD4cDQRDmq4Uiy+PRiAAQhz7+xM98OvT9uiotw8xZNhoOXNt5evZku9mOhgNVkYsqH476u0Z/giAosqSqasdxAt8nGPd7vSTNGGOSrHQ6HYEI37n3Ycd1T45vYIgYy/rdnq5rLMsopePhuNvr3X33/aZpPvHqa5IkUUzbts0LZtsd07AIFigW8rz0vShjuaKoqq42bSPL4mDQ9wNvdnnpOLbn+YZuVlVVluV4MjFN8+Li4vz8HECoqmqn09mJIFEUIYScgziKN5ttr9sriiIMfEJI4PmA85snJ5IoFmWRpinEKI7jzXaj6+rp6eNXXr0FIT87O93Bo0znV1VVIoSCMKzriuWJJNLDg30Em0cP72/WS800Xn/jDSKIG8/v9Huapp2dnV1dnBu6enRw2NY1AlDXjDzLESIYkaIq1uul45qSRL/vzdcoJdPp1WuffHU4HDRNPb2arpZLALjjOK5jty0wDUMUKKV4tVqcPT0Lw6DTcQ1VrYuiyLK6KPpdp21Kx7F9zzedzmy+HA2HRzcONptNmiSdbm80HAEAdV3TVb3Ic8e2fM/DBJVVwRFRdTVLU4ThYrmABHh+oOoawjhjWVGWVV0VRZGxxHGcuqkRgMP+qGlalrH5bHHr5i1N1Z6cPrpxfHj6+HGSJuPJuKyrxWKBCGJluVyvEYSHk/2DvUm/14Ut98PAME3A4WI+J5i+/qlPNZwvVkvJNMI0jpJYNdW8KqeLuW5ZTqeb5TkmWFWUzWrjb7eaKBMA8jhuWF4kmUAohDwMfJYzw7JZka9XG0M3Dvb3HcvmTVOWZVNXQRJmeWaapm3aeZ7nRaHrmqkbiHNdVU+OjgxFMzTd9/zNdlM1bV5XRd1wAGRZVWVVkpSEsTyv3E5X1fRt4EMIy6qigsBY7vthCzgHEHFuaKouS6vl3NQ0PPz8SdvWVVUsllNKqSxLVVVYljmZjJu2iZOQCDhLU8PUd7n6LEt93w98/+zs7Orqqm3bummLoqirmgqCKEqCIIaBbxq6ZVmyJAmCoKmqYzuOY2dptlqsirIYj8ZhHC1mC13X6qoqqwJh0lRtEMSzy+lisayqRlEVCGFe5LZrdjpumiZVVWiKVFfNeDxZrzZ5nu/v74uS9PjxY8/zJpOJbuh1XadpWhRFp9Pp9Xp1XTdNHUVR27ZpEhuG3nEdRZE7rss513Rls1kXZUEIlmRJliVREhzHIhQWBdM0BWOwXq8t2zy+cVRVtR/4VCTD4dDUVNPQXdeqy7xg6Xg0NEyjbnnTNnana5rmrtEiJYhSClpeFoUoSJw329W2aRtBlHr9nqqJiiKXFYMQBIEHITh9ckapIAhiksZJHEEIRJFihKdXU0PXtpv147NHRCCD4cA0DUWUBUrLvABNQzDsdlyEgGkaZVULklrVNcIAcL6zRUVJStOkaZqyrKIwaJomioK6KZMkyosiSZkoyaIkTMZjTVMxoZvtJs3yo6Oji+mMAyDK8tXlhaIoJzdP4ii6eXyzKsrp9MoyLMs0WMFWq+XeZMx5KyrCYDCo2vrRw4eL9YqIAiECFcW6rpui3K43JWOmZY1He3defeWDux9MJhPLNBVFNUyj5qABrSCKLIt5W1uWqZsmwriqq5a3vW5PEgWCCa/aLE2KlLVV7VrWrZs3kzhEACIAW87zokyytG05pTSOoixN26qmlAqiyDGs2iYvckJpp+MqisyyRCR42O9rkhz5QZYkZ6envW53cnAQJLGiaZbrPnpyamjGzVu3Hjx6HASRKIlnF+dlVcmyvN5uwjgKPL/fH5iGkaXMtq2e6z6+/5GpaZIgyIKArbcGlm1gDKbTq6OjQ9e1oyi0bbM/6Pr+FoDGsk3G2HC4p6lKkRcsyUALBIFCCE+Ob2UZa2teNY1AJUM3RUk+Pr4hClQR5aaqoiAMg6AFnHMehaFt2U3dIoxMy/Q229l0iiCIkmgHQChQQRRk0IK25YQgQRRc107S2LItjMHZ0yeU0qOD/aZuEYJhGEIEDENP0mSzWWua2u125ot5XVeKIquqoqpKUeSz2TTL0igILcsAkI/HI1mmRcmOj480XQGAb7cbWRF0Q+WwpRRTijECEIHJ/p5AaRIGGCFCSVHkGGOAoGkY/W5PECklWKA4CoI4DNqmqatqsdokWSorWhhHi+VcoHQ0HIiiyHmDMRkOR4TSMIgty9YMQ1bkomAIAVmWFEVO04QxJkuKrhtlWcVxjCDsdt1Ox23aput00iSJk0iSJV3XCYF1VbKMDftDTVZURREJcVw7jkOAAKK0LJuqqOq2ruuSQ25ZpmmaCGFv6yEEg8AfDgd1VR3dOGzK0u11JVXL69oLgiRNN94WAqSomt3pKpr+5MlZGEYQoqKqTNsSRfGj79yXRJFl7Go6K4uKI8ghmM3nmOKMpaquyKoSp3GaM8O2+qO9Z1APNScAKpI07Pcty7qaXr37zrdUSTo6OBAFmsZJEAdpzqqmDsPgztGhgCEGIPD87WbN0qStWk1Rz88vRIFKsmwYmm4YbcuznHHQ8LZGO2AdSSiKAiJsO46mabP5PIyiPM0IpbKmUEKKqsxYJkliU1dZlhZ5zpumZKwpK0Wgh5MxxShKkiRLqSTldXUxna433snx7W5n8O333ocIUVE4v7g0LQsi9Pprb4iilESJaRmSKMZhWBVF4HkKobqiCITWVYm7nxsfHIxd16mbyjRNRZGDIBBFsW3b7XajqkrdNoIoYUySOImiEEMkyzIlAhVIkqTr9brfH3RcFxPqed6jx48BgAIR4ig8PT3b+FvXcQzTjKJotVrpuqEZWhgGWcY0XZMVkRBCBSpKct00ecbynDVlqWrSYNDvdO2W11ESE4rznC2XC03Tuk43iqJer6eqmqqqoigGYZgkCYRwvV6znGGMLctSFEUQhB3QhiRJGCHHsXVdowLKkgRC0HEdURSm0yuWp/v7+7qup3GsGXqv11M1OWPMsS34LI1DYlm6XW+btqZUrOqqbuo8Y5Io2IYGOKcEF3lOCWlaABHkAGSMcd5ats1yBgFgLMsLZplO3dTLxVpUZIhRGIec7/BKiKoqlApxnECAIcRFUWC869yD2rZerVa9bn+5XFm2uX9wkLE0jKK6rBazRRJGbd0QiJIkRQRdzaZ5VRiOncYpAECSRUJI3dScc1GUdtgovV4fAvDqq68URXZ4uH9+dkoEoWp4EEW8qhGCdVUCzpuGx2lCBQljTKkgioLr2BijzXIZhZEsC23bYow1y4AAmpaZZGldlxvfK8rSD/w4jTVD73YHAMIgihEkoigSTBDgsiSLAs0Z83xfFMUkifKUJVF4cXGuqMqtWzfbMlcw1kUhi5L55ZWha3ujsSSJlmnJsizLShD6nudz3qQ5C8KwLstevwdhq8gKxTjNGIIAE+qHASFkVxxIKKGUIgIxwaIo5BmDHEiiaJmGRGiaRE1dWYapaxrn3A+jJEs5ggnLGs5v3DimSJrNFovFSjc0TIjrOrdu3coZMw2LQCTL8na9zpJYU+S6LAgCk71RmiRVU4qSiA//zCuD4ch2HUEUPT/cbLdl1TgdN4oTL/AUVU3TTFGM5XJ5cXGR54Vt2RCC+Wy2WW+mV3PTMF959ZN5Xjx+cjqfz8Mw1g1tPptRkWY5UzX9+958Q1aV2XwGIHA7btXUcRpDjBRNESRJkiVBoKquIQxlkVKK27rAGMqyhDAIwi0HLRXoDtTDNK26rJbL5Q7zsihy27ZkVW7aWpYlDlpVV6u6rKqyritNUy3LlGWp1+/KkogxcixzMZt7m61h6GmWlmWhKLIoint7e6zIZvOprqmGZeyKSh8+fCCL4nhvL4oiiFCv10/S1LIcwAEEqKpKURRkSairShFF17I0RVU1HWNcVLUoCIZpYoy3242kiBDAJGdUlPOqXKw2AKO8LMIw3NvbMwzd94KclYZhZVn+9OxSoGKv2z8+PkEQLhbzosiTJL7/0SPbsvuDflaknu9zABDEVVkqgiQLsihKRVUaprXyvawsVV2DEBGMdMNwHKvlredt4zhuqgZBJIoCY1mn09lu1pZlPrh/TxRFQVKbutYkSaRUorSuiqZp4jDs93qGaYwGI1WS67yoq1LCZDjo9Tqd1Wph287+4cF2u2V5EYQhAFwzdEkSRVFQZFVTVN4A3/NXmy2HUFYVgnGZ53EYZVkqCoJlaP1uFwGAABAFWlelQKmuaSyOIEsn3Y4kUFkQP/Xa65ZhzGcLSsn+wQHC2A88PwzKqizrumoqCIGuSFkct1XFG85b8P/S9B7PliRZfp7r8NDixpVPZmZlluqaRvcoMyxA7ggjzTjkkkv+jTRyRywIIwcYTGPQolRWVubLp66+N7RwycWz2cXKV+ER7r9zzvc5nAul19vNfLV0Pc91OSHEaKOtdigL/ODDT++zJEmiCAGDMCQYN1X9cH/3tF7/9P79arWcL1d//sv3x/Pp6uaKUY4ALYradXnbtcaom5trYE3bNg93d0Pfvbq62jw9t3W5mOZj37x7+1aM42a7IQ6dLRf4m3/4a8aY0VYIRQh5eHji3EuT9Hwuh2GM43QxX7iuv9sdtpu1MWa5WHie39QVYyyK4tvbW8qcX3/9dbc/pGmapJnRthu612/eeH7AuZPl2Xa/3223q8vLMIo+ffrked7qcnU+nfpxSJJIGT2KwXWdm+uL+SIHVgOgHIdAZH3f9UMPEfSCpAv8yGprLTgc9ovFYhzHuq6V1lprIcSHDx8IJdZaSuk4jlJKKWXTNAghJaW19mJ1eTjs18/P1tiqqn3Pv7y86od+GIb7z/dPT2vmUCnNZrv2PE+NUo4CY+R5HsHYAhjGiUMdh/MoiigmDGMtVVOVDiEXi4XLHAjxKIQ2xvU8hFFRnCilQeAz7oxSQERGJY9FCSCIoriqqiiKALBaa6UMY856vWWEQ4iNAdNpbrSq6yoMA2NMXXW3r15ZBNu+JYzudoeqLL/7+jdvv/gSQUwI1cBOV/NeynrsrYUOJXIUmKIkSRhlTduUZdV17X6/L8uqbVshhnHsoyhom/r29S1nLtAKWjPUZeh5nJKLxfLq4iIIgvtPn6zWYuj2m+c0Ci7mc6tVFPpVU2VpNvT9H/7lvzLHGfrhsN9dXV1EQbhaLtIkGbpx6AUlzOUeYQ6ESEsdR1EchdZopVRdlW1T+9yFUk/i5ObqCiMIjJmmsY9xEgSUUu5yz/d+/Pnnf/ov/2QAHEYhhAgCP40Tz3N9z4v8gFIym2ScMUaZQ6nvh34QKG3rvuWeCzBCEAgh+r4Z+85oDYxmmACj27o2ShOE+76tqlJZM58vvMCfzeeTfOKHYZqkQRAQTLfbcxQmrsc/ffrgOHQ6m6yf157DXYf3TedyDq1dLaZJHB52myxNpDajkmGaEofir//hr9t2OJ2L07kIw6Sq6+l0PgyiKGvmeMbAxfLyRaoNAWLUWS7mWZYhiJfLlVJKSnn/8MA5v7m9DcO46/sffvjh6voyTGIh5TAOUsn98SDkMFvMNtv1dr8N4zCIgq5vHc6jKJRaUIYhsr7nWKubqqQULVeLfJZaoA2wL1tISWMMwAADAD9++vj69avT6bTb7ZjjvKTJQgipVBAESZK8AHzGcTydTn3fI0CU0ghgz/MwIlIqx+GOw4WQHz582O32VVlBhNIkJYxRQo3U1zdXxfm03e7m+axpuk93n4MwLIuqf5lJAyDwPYKRGAffdakBnusKqcU4up5vIej6njHKHGcYe22MNFoa2/Z91XaE0dAP+r4fx6Gum/l8gRDWCvSdmOaLrhseHx+FEG1dKyWm03wYhtev3w3D0IkhjGOtzfPzMyX07Zt3XSN++vn9bn84FKXr+/U4dGKECPnUsVppJZWVL4p3pTVCGCFsrUmTuKqqwHUhsKMYVsvl50+fCLSJ7/ucfvXmDSPI524YeENTP91/RkYhaxiGl8u5S0lXl17gWQh9Pzidjof98Tff/MZ1mAU2SxMlJQW4b7r9ek8RTqNUCDW7vGj69nQ8JnGUpSlBKI7jNIk5IfNJHnpuEkVWqfXzY9/3GNrJJCrr86hEr+SpKo/nYpDCD0KjrRTC45xCLJo2DcJXl1eTJHE4yScTj3GtFABoFKJsGmG0F/hSqb7r2q7VUiIIrLVayGmWIwCBBX7gep5rIIij+O27N1VVWWA/f37YbDZxnFhr18/rrh8/frj3PF/KUchhkiV5nnGHEYwC1xfD8Hh3N5tkb1/fiKFnBDqcjdrwIHDD8GHzjN/9j7+rqqYoyqqqm6YlhN3e3G7W22EQYRh/vrsXozwe94yRSTZxOM3S1HGc0/kMIJjm+dP6+cOHX69vby8vL0/ngjHmhd7F1YUxqu87jDFjtB/bc1GcTicAwHQ69TyvrmvOeRQGZVHtttuub4e+83w3jiKELGXUAnA4HA/n8+l0AhBhTMqiapq26/vDfv/dd9/MZtPNZpskyWw+f3p6kkJf31ytlivuOGIc26bJ0vTq8pJgDCyY57Pj/vTTTz+9fv3qm2++Y8zx/eD+6YkxutnuIEJhFCdJ7Hk+wSiJYyGEVhoAoKU4nU5D3wulHh/XWTZp2rZvW6t06PsYoOPxKIW4u/vke37Tt0XTYIr3x/3xsJ/PZsvFomla5DA/ijh3EWWE4mk++/T5s8McBGFdVlfLVVs3GIKriwslpO+6COMwDNq+NRbc3twiRDBGP7z/kVHCHefT3cckSb/75ttTcQbAfPr0qZdj0zWE0qquRiEpxsv51HGYkOJcnKqykUoTQhhnlFKM4Wq5Kk/HySQdRa+UStP0dDyHYRj6nlbqYjGry0oqTSj5+PHjfD57+8UXaRotp1PXYV3bLC5W/Sg+PXzu+tHzgsCLZtNZ3/VvX7/5+t07Mfbj0Nd11Q/tVcaJXAAAIABJREFUfDb3ff/j54+H06HtGoLgPJ80Vf3TTz+OY89dJ59OlRZhGLo+f//hfVGcL68vHU4Xq0XZNMwPIMZS2cXqYjqbjUJShLSSSRR5jHZt6zqO5/PT6fDnP/3JWNC03fZw6EfRS6URSCZZnGdKybqqxNhzlyVJ4nIHQ/CH//xP1xdXq8vlMI5Cq8k0T7JUW5BmWd028+VyOp89Pj0KMcZRfDqcCHMdlyMAri5XDiMOwdMs++Mf/sUolU+yu48fp9MJhvCHH76/vLz0guDD5zs/CqnLfv30CYvXfLW64q4XhNHl9SVE6OPd3eXVdZLk//yHf2nakVBWnPdxEsxms/X2uetaTPCpKLJ8EkfJ/ngKo8gPg7KqejFILaUSs1mmRO97vB87rVWaJNoYa22SJBBChBAjlDsOgkiKEQI7ny/7frDAbrbbquzCMNEaQEjuPj923ZjEqRhlnueXlxf7w467NEqC4/kYxXE6mTRlczwcEcCr5bJv2/PpuJxN//5v/zrynNN+g4EOXX+eL97/8mHo2yAJRiGKuqy62mCQz+ZV20Zx8tvf/TYOQ9fli3zy8PlutVg+3j8QBGfT/LA/PD4+A0Rc399sNlpJzgjF+O/+5vdSKm3RqFTfd9TnvzzcLW8vkjTebtZXqxUB+Jf3H4qqDpPszz/+xDgfxxEb8Pr25qePH69f3X54//PtxdWXr97Ipp5nWRqESo6n4nQ8nwlzhlF+/PQwDubVq9dibFarnBFCMZxOp+X5dH9/Fyfhj+9/zOYp5fT29fXz89Of/tufLucX16sL7rKma1zPgwhJZcZxKJqaMjaKMc8nnDlGSa2Uy3nTttv90RJ2rhsIIHthgyPc9qOFtB8HgODT0z3njCB0d3c3Kq0s/LReF33X96qsWi0N526eT8+HAwT69e3Nw9N9WZcWmNXNCjKgrMgmMWdYDm3f1Kf9jlJyeXOtgHk+bkng7MvDn9//iB1y+8VriODpfMbMkdZW3fC42a5ubk9FYTWIglCM46ura4LgZrs2WlJODFDM4a4XBmE6atNJpQkW0EqrAYJFWVRVMZ1OrNFd23quC6yBFsRB1HbNKDV2nFHK7f6wPRyarn9cr3shAAZBHA5ikOM4zxMI4Gy5FEL88P2fQ8/DwG6eHiPPt1o3RYkhePPmtTbmw8fPFpEgzngYco9KNVRV5boOfvU/fCeE7Lru8mq13W67roMQUkq3211dt/P5Ioqii9XspT2iOJf7/QEA6Lpu343//Ic/DMMQJTGldL3bbrcbxvmr1zfFcf9Sli2r6mVBhNELrY4xhgBU0mihhn4Y+1EJBSEcxhEAqJQOwjjNJl0vyqoZBhEE0Wq1klI1Tf0iLnv1+rY4H8IwUNI8PDw0VZfnU9/z9rvd/ee7q6vVxXJ+Ou6fHh4BMBDYw/5QnEtrTJanBONDcTTARGnseX5Zl0EYIQSHvm/rsirPRkuKcdv2QgjfdT2XQwSDIFysVvPlUgiRJMl333wzdM0PP/zQNO18tdrtD/dPD1+8extNkm7o67aJgtClzo8//hSF6WS6ODV1Op1O5/Nf3/+6yqcQIaXh83rz5uY2cL3/8p/+M3ed5WL2z//8T57Hf/nlvevySZ5pYybTPMmS7e7Z42Q+yx1CqqJQUlKMlRRFVXz59bswDoa+79uuOJ6naf53v/sbitF//Mf/N01jl/NhGOMwGkZxOB2ur68BAPlkwgjp29ZlFAJQVhX3/CCZCKkIxhgC7nBEadm0nRDpJOOOA6yaZGkUBUqoQYi6bYXRVzevQj88n85KG891xThWTdU2FUS2G9rV5SqIfUJRUZZ9V6c+v5rPmtNZj+Lbr769urgU41BWlTYqyRJEkDLK9zyHsLHrhm48l2XZNNoCbaHv+9vtVksdBsHm6ZkQ5DDKKJFqPJenUYkojh4fd+eiarqBeg73PAOBUtpA29WNUoIQYrRmjIVBgBEO/GA1X7iuiyjVwI5KDsPQNl1d1b7nTbJsFLLrWowQAIZT5gf+3d29MoYiFPqeQ1CaJKvlgiL4r0lS5nhuP46DUIx7rucOfc0Zk2IEBuAv/+e/meSZBYZznue56zqOw7quf7h/tBZMJnnXtV1bF0XRNC2EaLfZK2VWy4v1em2MMcZ0fQ8ASLMsigLqMMdhfTMYA6XRbdsZY5nLXn5cYRgihIZB9sNYlu25qMSghFDUYb7nOczRSnmuzx1eV03bNNxxrLEE43EYXmpNdVW/uMMxRuMo+753vWA2XzJKzuWZEnxzewsR+vT54/l8ppRx7gZhCCw01vhB4PkeZ8xxnLqq7j59+vH7Hy+XSwKRkcJxnLZttBpn0znnHoRwHHqlZJqlaTYR1hxOJ0zI8XR0uRMEAUTIWIAYO55Oi+WFAYBxrrXu2wFoIAcBISbY4b5fVpWQcuiH+8+fCQBN2bTtSABNs+zz42PZ1TzwH9ZPxuov3rzCCPzmmy9dTgbV+RF7Pj1tds8+wb7DtVRDN4ZumGe553oMEc5YHER90wFjJ0m2mMzn+QxAsN1vg9CzSmulL5erKIrqpgLWDn3vUMYJRcaGgc8Y09bMZwsLsRSCAquUNForrau2NRZsdpu2a5UafdfljqOEUlINo0jiZOiHpm5ms/livnx6ft4d9jevrxzuWGibtk7TWA2iLquubmdxMouTlPuqHWIvfHv9OvJ8aKxLmRnFajZzEDajDByXGiS7kTtOGIZxElOMpZSz6TxLEoTR8XCoyzKJoyQOuUOBNUpJgrDneS7zy7IdB8Eo1doMQ/8ChH7BXFNCEYCcOVrqrusppqOQzdAfy0Io6Tpe5IdZEIXMnSWTN7e3Xds2dZXPppwxIaUfhpT7aZau5nOMgcPobDYdx2G72757+7btaiEkQFBK1Q993/diHMA4ho6rlQYG4uhvVldXVxjj5+dnQpDWWkopxOhwZzKZYEyapvE933F4341BEI2DVFqtVhe73fZl4sPzfUox40xrCSDMsgwAZJRpu8EYEyVJGIZDP263GwDAOMiyrIVQfTv0veCMM4dFcbhcLhzHaZpGSmWMEUIihF50nRACQshLq+Q4jq7LPd89nc5a2cV8FYZR23ZiGHwvcBiTShwOewjgdDZ3uTuZ5L///e/bpv98/9loNV9MJ5MMQlAUpZLS5TyOkvJ8ZJRcXV1Aq6uq7LuWUE4IUS9xfxhQ163bvqzrq6srYO2vv7xfb9aBHzRd97TZ+kGQZtn33/9gAXK5hzH2HBcDcnNzuz+eBjEmk/zjx09NXb++vbVC52nW9/1sljdd04v+zZdvy7b++OnXr775mhHsu14ch/v9LoxDFrg///p+sZjPs4kaZVO3GGPH4W3X1U1NCHG4O53mVd1giPN8etgdHx4fAQTz5bztagoxhggYm2UZ46wqq6au+7aLXd+hTEuJMHYY45736e4BQTifTjzPhcAobdp+QBiezmfOnUkaZ0lMMIYAEuL4rosx/vThQ9s0b794O83zp/WTUOLVm1eMs0EO5fnkOs7Y9UYpZOD1comVOe/2k3Ty9vXboR+enp6FEAgihmkSJ1rKoesRoEYbDGk+m7q+q7Ss68ZoRRkdhSyKc1PXANjlYu57fBg6TFCSJIyRtukwYk3TWGMBtE3dtF3z0tDz0gpnjYEGYASbpumblhDSjoM0uihLrbVDHEZIyD2HUN91wyA8nc5t383nM8/z+6YR0pyKojidGSXD2OXT/N27N8PYGW1uX9/UTUOZwz3XGCu1QpjM8twj1GEOQrhtO4y/jl+AIYfDYb/fEYKkFFqbxWJJCdvvDwihq4sr7vL3738xxsZRghFO0rhtG0qJ4zijGEbRY4IhshYASomWth/GqqohhFEcep6rjC7KahTSWDP0I+cuQQwAlE9nYRSFvhsGbtu0x8Nh7EeKicc9BOFxf2CE+p5LCQHWWGPSJHr31Zen06EfBoe7lDmH/WG73SltmMP6vmOMYoJczw/C0FqojWUON8YeDoc4jj3Oq7Ks6pIg/PbN25vL6+N+/+GXD1mSvH516zhEKVHVzTioxWJ5sbrAGJ+LYrPbDkKGUfLx46eLywsl1fF8ggBaBM9FhTCVyjZNG2eTpmq0MperVVt3D/dPzGEAEcp4U1dayWmaiWHgDr26XrZdqaz48uuvDLTn4rxcrcZRDP1YlY1Q6nA8U8+XUt893F8uLzzHO53O56q0ECsLznXVDSNhhAd+2w+7/b4dhn4UTT9YjCFGGmiMwDyfSiH327XSyvW8aZ5TQseun2YJwWiz2UAAXdft+uHDx4+Owy7mi8j3KSUWwqbrtDGTPPd9niYRZ8woI4UYulEKCY3xHDef5ELIp/WGuTzLJ8ficCyOQ98Da+fTPHLdaZLoYeQYD23bdV0QJUEc1123Puye1tvtYRcmkTam6/tRKQOQ0BoQwn3faFmVxSCGJEmLsvjw64d+6L788l3ftVkWI4iGrkUQMkqt0Vrq07ninE+n0ySNfd8LgoA7jrF6Nploqbq2BVYDAKzSnDme7zVt7zi8aVoAIIKoq1sKMYGIYHI6nw7H49B1DqO+643tUJwKLwj7sXe5Mww9BFBJ8f0P35+Ls9LqeDolaUIpKcuy7zvG2M31jeewcRjdIKibDn/9D387jqPW2hiV59l8PjfG7Pc7AMCLaeXiYsUdDqC9v7+P4/ibr7/m3BFirOsKACDk0PWNMcb1eRRFlBEp1flcWGPHcYQYYowQwq7nU8o8zw/DyBoQRwlGZBj6MIwgNNyhdVNut7sXkGgYhmEYFUWRpqnjOFKKvu+Vlgghz3ODKCzORTbJ4yjbbve/fvj04qfpurapq+Vy6Xn+09Pjer2GkECEd9uDsVYoOV8spBirqvI9H0EIASzORds0YRC8ffsWY/S0WVtoojgpzzXnbhSGFtrdbrc7nBSwhPO6aYZxiKPwm2+/oYxx11fWNu3gB5FRVmm93+2MUr7rVUV5OB65FwRh8PD08PrVa87ZeX+Ifc9YhSlox1YJ6Qdu27QIovl0sX5e100nlJ6vLil3Hx+e7+7ujbSrxep8OnVDJ5RW1iBCwjhOssz1g8PpcP/woLQmhA1SLFcXq8vL7X7LOVsuZq7D67KklGhrurZbXV7kaQaszbPMaFMXZZwmSZooYwahCCEI6OJ0bJoGWDOOo4UwTeOyOENjMIQYIUqYkNIam8Xxcj6fzqaH4/HDr79CitzAO56PUkmX08B3J2HsEJwEUXkstBRBEARxtDsdfvn4yU+TKEuPZQkwHpXcH/bKWM8PFbCj0sKYpmvDwE/iEEIilDyXRZqlvh9ABD2Pc4cjaCkhEKK+7YAF2WQyjGI2n/uBB4HlLnc5J5REoW+M7fpmHHrGmFUaIZBmmTGmrmrO3aZtOOeE0rqsHM4934+T5FyUSittrFHawViOY9d2vRDSaNdxrLXW6rbv+q6f5JP7+4fNdk0w7fpBKuV5waikMWZ/3O2O+3y+QJTgf/e//3vPdcXYM0InWcodR0mx2+6MVlEQcsfJJ5kxxnEo587l5XI+z9u22u93w9Afj8csS1+9vg2CYH/cd10XhGEUhefjOYoCzDDnDoRQasUY08r6XvDy5eCuq7Uqq8L3XG2UMeJ8PgkhkyQhhHLOXZc/Pj4kSfyyAkLo5WEch6IsPc/XxiCEtTZdPxBKwyCw1nR9J7Vs++50Lsqq5q4XhIm1YLfft22bZlk/DJjQy6vrvu03m+1ut1suLm5fv5nk+Wa3+9Nf/tj1fRDG283hfDohAFzPHcdRGROlSRDFv/3tbz99+lhV5XK13G63EGPKnReQUdf35+MBQpDGMbTAdfjV1VXXD5TRruvevXtDCXE5m8/yNE/Xhy13XWTA5nHjMTcJ08PuRJn78fNTks94ECltq7JpzuUim3315l3dNY7LHce1CEFEuOsijIZxGMaBOU4Ux3GSBlEMINrs96fz6d27L4QcqvLcD10Sxdxzh2FAAAKrHUIcx+nalnEnydJBDIMUbhB4vudz1nXN0HXGmH4cEUBpHJ9PR89hURhwxyGMGQD9wMfQYggBRJAQgFA/DEqpKPbjKEzCkBMCjGqr2iWsq5s4DMM0BgQdivP9ZoNd7kRBJ4UXhWXTPK2fCePZfD5q1RszWrDd7z1KGcanomqGYRDi+vaVkPL+4eHm5goToqSSUmCEAIQQIcKYhYA4bLvb7g47CEHT1GVV+L7btm3XNRCAIPBHMTKHTvL8fDpyysIgbNouTBPXDQ7nM3W44/sW2m4cvNAnGBOMGMR2GH0vkMaEcfxCbkcQa6O456aTiVQaQDjJ8rrrpNJxko2jGOV4Kk/nrvLTWEOIv/1f/p5S2jS167rjOEgpKKVCjI7D83xSV/XHj78+Pz9W9RlCq43abTcPDw/D2KZZ4gceQuhFzWSACcMQQHB3dzfJkkmeMudFI4RHIZQ0+/3BGDOO4263IwQbI4ehy/OEMVJXxTAMcZxcXFwIIZVSjLH7+/vtdjufz1+9ejVfTDHGfd8boykmnu///P7ncVA3Nzecu6fTyWidZenFxWq9eZZSXV5eep5fnKuqavphjNIUYjSdztumKcoSWLDZ7suqhhYnk0nTtFVTj+NYtTWmJIyTvukRhLc3N6vVcn84HE7nII7z6ezPf/nL4XRQQmCMNtvtYnXBHOdYlJzx5XJJMPI4z+IYQQAgkFpNJpNRjLNp3vXd8+P9dJL9+ukDQujy+qYqq4v5RVs2ctTTZLrbnVzP74bx4vrqp59/3mzWr65vXEqRUmkcjeMgpLAWYISNtmIch74f+95odX11ZbTGGL26fX33+e77H376zXe/YQ7+8Yfvx3GgmLR957puEARSyqfHB9f3jNLF+RxFEYDgp1/e707HMErm8/k3X73Ls4wirJUqz9XQD5N8Up+LOAopI6fzebfbb3Y7pdTpcCAESWUwwfP5nDFHqDEMfAwh/VcdQd+2gesZpVcXq37oN4d9mCTM9zen4+F4LMqq7TrXdZ+fN2EQzBeLfpRSW4DJYb8PGNust+0wfP31t5ixbuiatrl9dQsAxBhWRb0/7BEicZJKpdfbrReFmOKyqijDV5dXUouqqtM0Wa83XddS5kRxKIXww3A2nx92ey0swfhYFFk+ibK0bps4TSZ5/l//9C9CSi/wKSGu41CEzSgWy1XRNF4U1nUthGCUEUx9L4AA1XUzmUxfvX7z/LT+4fsfm6YZhiFKotlqLo3SxhyOBzz9t7cQwp9++lEIkWUpACBJEkqxELLve2DhF29fL5dT5uDJJMnzlBKUpvHt7c1iMR/H4Ycfvu/6Pk3TPJ8BCx8eHq3Vb95cAyCttV3fhUEIAfx0d88Yl1J5nluXlec5SRQK0XmBE4Re4Pmn02k6zbVWx9Nxt99eXFwWRSGEmM1mb9+9wRg/PT35vpvn+dPTkx8EYhyhRQRjgqnLueNQjDFCMAj86XyWT3NjwHQ23x9OhNJ+GBGmj4+PFkII8fF4DIKIcxdjtt5sXc/fHQ+UOzevXh3PRZpmRum3b76IwvA//If/u2nbb7/77lgUT89rjDEmKPT9MAwuLy/rpr1/eNgfDghAh5KL1SwNgqo87/c7a80LL0BI8fz8/MMPf86SeLmaM0YIoT//+JERV4+2rQYlzee7h+PpfPPq1Xa/ffv2TeDzqjxdX8xkX39xc3l7fTH0fdc0L7egb7/6pjydm7L8zbuvLufzf/yP/091PL26vq2KpizKSZIKNQ5ikGqcTaffffubF0328bQv26ooiuJcOJS6nnt5ddl0DaKkG4Zm7PN88vR4//6H77G1oReEQZSmCWcOY8T3eD90WmuAkDBmkud5nricK2OrumGcU0bkKJbLRRpG//SP/xi4LkY4cP26qpN0cjgdPY8brQkhZVmfzyV3vCzL5/l8bNu//v3vr6+uHh8ehJCOw7e7PUXI447R6uL6mjpss9+fi4I5vCjKMAjFOEqhIQDc9bJs4vuBthZRGkRxVbeYkDCINLBK28/3934Q3dzeGgsp4xDg7f44jLJt+75tgzCAlGwP++3h4Pk+hPCPf/zjcrXkrtuPwySb9G3b1s1vf/MtZc7zfn88n8Zh7Lt+sViu15vD6TgKUdV1EIajEGVVDePoet5ivoDAGi2pg6224zDid//Tv+n77nw+T/L0+voKIcC586LhgBBBCMIw0Ea8fn3rea4xeppPALBlWbguf3p6fvXq1XyxWK/X291OKQURXixnGFsh+7ZpivNJjHIcR6X0bDbzPFcpZa05HLbGyNXFAmOLLGjqrut6pRQAYLFYIoSkVJ8/f764uEjT9Icfvv/ll18gtC+2LsZY17ajEGVRjqMIglApUZalMeqbb79SSm13Wyk0xtRx3PvPD0LIMIrKpnl6fOqGHgCIMXG9QGuQTiZCSubwfhiLqoAQur6Xpdnj46OWinNHKslcTig+l1UYxQBCMQ5KCmgtBMAYbS10GB+GfrN+bM8Fo9ih2GGYMqa1et48Ka08z42iYDrNjFHb/VZJef/xsS4aLU1RFKfiDAmdLWaXV6vFcv7Lzz+qsbdK3P3yC9Dqd//mrz5+/HW7381nizTJfv34UUmFEPAcTjCUfee77iRNx3E47I/GWovA8XwMY2+SZ4vpDCL0UlA2Vu/2+5ura6PNMPSH/YFxB2IcJBGixAuCw/GwfX7imEzixCFsOZ//3d/8XXE+A2CjOOSuI6Q8lWU7ijhNCILDMFgIhZTb3f7zpztt9G+++ebHH37smxYBWJxPy8UiySYQIaWEw1kQBF4QNV1HMcsmue/6cRQNfQcA2Dw9SyWzdDKMoioLY8xXb94+Pj+tN9tByLbrm7ZxXXe1Wo3D8PLWtl2vtCGMAYSksaei3Gx3p+PJ84Ku7//yl++32x0AKM+nGJMoiqqqOhwLZWxZ1dbCxWL+vFn3UiwuVm3Xb7fbNIqX80VdnDFEjBCEkRSjVFKKsaiKduzz6fRitXQ9f7VaQQgp5QDAN2++aJq2rhrX9ebz2XQ6jcLIdZ3jbuMSaoUmEGL/38yMMZ7nzeczz3PrupJqxBi5LkcQCSGNURAa3/fKstjtdkpJKYUU0nGcPJ/GcVxV7flcYEKLolxvdp7r+B6B0DiUWQAo5RZaKVQcxdvNRin55tW11iLwnG+++rJty/1+X9eN0eZwOAghVqsLhJBS0hh9eXWhtPzjH/9ICMnzyTAMEILtdrvb7cIgABZIMTqUiWEchyFN4t1hV1XlYX8QoxxGQSkbh3E+X/pB4Hsu55xRNo6i7wdKHc/3fvr5fd20lDl+6I+jsNYGnlvX9dD1LnfSLDZAA2ClNVXdUIeGcYggIBBwh3LuOIwz6jicQautUdcXy+vVoqnKsjwTjAEChFDmOoHnxXEcRWHbt+vdFhgTUI6tdQPXUqCxmV3MlpcL6pD90xMnOOY8C8Obq0sAwLk6746HYRDGWOZ5iODbV7dK6916s1k/U4yWi1kcR23XGwTzxSxOU8odRNH+uD8fj2M/VOX5eDhIJcMg8DgPgiBL06ZuRiHarnMDHxNMGEUQeBRDqzEALudDP36+f0AY7w/7tmmHcWzatu5awvh0NvM953w+j0IOo2jbXilltIbAIgCzSUYJ6fphuVpJrZ7WW4QxxUgbXVbN/cPzKCWhtCyrqqomk4xzPsqBc3e73Wx3u+ksl1JQwnoxMted5JMoiSEESkkIgJKSM4cSZq01xg5C7E7HzWZ/PJ21tQjRYZTbzR4hcjG/cCjfb0/FqXK9cP28q+redYP1805IRTnpxDCZ5nmeH/Z7NY7XiyU2tq1qh1A/8PthQBRxzymq0mBojfZ9HwK72WwoYwAAhEnbtlLqcRS+74VhqKRo6noYBivlUJXTKETaOpji6b+9vb29/fqbL9M04ZwdT/v1+qnrWggRY/RFQdv1zePjQ1lWUqrj4TgOI0LkeDw9Pz+v19vdfu953u2rN7PZPJtky8UUAgOMpYRCgLjDCaFGK89zlRJh6KdpVFVl29STSZalKaP06vp2Op0Nw0uDriiKQikFIZxOp7vdrm3b3/3udy9JaJomd3d3Vtskjn0vwAQTihmjDmeEoLoqued6nu+5flGWvhcSwowxfddTgsMgdLijlBJCQIQwIXXTcO63XSOlsNYSjKb5lDFaVlUURZ7HjqdD2/XUoUKpru8n+YRg7Lk09j3P9QhCShujlFbC5ezbL9+tFrO2qigmi4slD1zKXUrp0PVa6yDwCaeYkjiKplGchhH1HEiRF/tu6LZN8/hwzyn5/V/9FccUWnh5dXM6n5+3+7/67e92u/32cGj7/nA+QYT2x50YhzD0J5M08AOttbLa9T1AUDP0yuooieqi0FJ53MUAWGuTOLlYXTw/P0dBcLm6eBG4DUJAgo+nkxwFRWiWZZyQwPNXy1XT9T+//4VyZ7vfVnWltUIYudznnmet9X3eD4My5nQqRynz2ZRx51yUkzRFGEGEIIIY481mtz8clhcXEILH9dP5XNVNCyxyA18MoigLCAFl2PP9fJofDvssSf/7f/fvttvd/niczRfc4/vDrqoqaK0SoiyKPE4ZZUbJfhiU0aOSVd3WXZNlU0Ko4zh93/fd8Prm1ZdffuU4fOyFtbBruqfntVZmNp/PF4vLq4vTae9whzEmhDjs9laqPE6BNhRizh3P9/anPcbQDf3z6ex7vhh6RrFW6v7+vu/7/eE4jH1dN0VxDsMgy7J+aDfrzTgOjDFkbezy5WTKHUeMEn/3v/59FIa+55ZFsV4/KykC31utFlEYAgsQermy2uJcAYAmk6nnBcMgiqIsihJCdHV5c3F5ZS0oq8r3/SSNz8fTJIm6vu/7oW17ACx1GEQgCFxrVZpGYzc4jFgNpJB5mpdVc3v7GmA0jCPC+HA6WGjDKBZSYkLariMMv/nijZDyXBTT2dRhzPc9l7EkjhzH0UpGYeC57m6/y/M8ivw4SSb5pGuHy4srl7t3nz48gl0XAAAb1ElEQVSVRXnY7+qqNtZ4vu/5fJSybts4TpcXSzGOGKPbm+so8KzVwBo/8F2PIwyEGiljk+kkDCOHu2IcETAEAYYRQshao4QaR5kkIYEgcj0CADR2sZxTx3n/6wfKXeawtu3HvgcYK6O1scaaJAgurlaQQEBAmqfaquJ8UnL84tVrJWTkR74f/vTLh+OpDuI0SrO6qZer+ZfffD3IUVvNuPPmiy+++vJdU1dt1x6Oh37oIae9FJvj8XA+YASzJFpOZ5xS3+HXV1eTLGvrRorxZUCjbVo/cLnPqcO2ux0w9vC8IdC4jPheQJlTti12qIKAcRZFYRgFHnejKHKoc9jts0nm+V42ycuqXq83o1AAQMZomqVt1ymtpdLb7baq6q7vCaFV13y8+8QcHsUxxMT3I8dxlFbr3QZieDgfCaOu5/qeCyH4L//5nyDB8+WSc6ftGkbwi5vquNu+vro2Sm43m+PxCCFyfc+Poul0+sUXb7bbjZIyDkNOGWOUYmyNPmx309lUCMk9l1IipMhnuRJiNsuQ1c/PT33bQm3rsgy4+8XrV01TY0IIo+fyjBAklJbnk8ud5WKeREE+mTBGs0mmjOLcpZTESUQZkUoMQ+8wdnWxXMxnDiOhy5MoCcOoblr8t//bf/f8/Lzf77bb7Xa7SdNodbGczWZa6dPpOAxD07SUckpZUw8QoVk+b9u+qpqbm1dJkiEEu77r+76oSiEG7vJx6CdpJgfhUM4YdTknGDRV2Q+d41DOWV2VeT71Pf98KsUoP376fDqfPt3dnc/nOI6HYbi4uJjPF03T1HUdRZHnu57ncc7rum6aOoljo3USxVdX1wjCz3d3Xd97vquUOBUnSinF1OH88eEZWAghqus6CXwEgOe5GENMEESo6wdrbds2zKHjMAJjXt1eB577+PmuqWvisO1+ezodhqHv+66um7btu35ACBEICQRAawgsxZRSh1LCHcYo8TAem65tagPserf9w7/8saxrh7lGawSRBbCq61aIUQglVJpknRBaG5d7XdtBABezuct4cS66caza9k/f/zhKBQCmBLsOPZ+PhDEhhBjHp8fHvq6NGLMogkZrKZRRhDEv8DWEVV1TjLUQBCJOGCOEUcooxRgjCBGAHuen47GsyrZtoyTGGDOLQs9fTCZKCoQwdd3d8diOA/f9MIlchxut6qqmiGZpZrT581/+VFYVpg6m1PMD1/cdl19cXiljejEYY/qhPx7Py9XKYbyuK2kkguj65lUSp9BC1+EIQQvMdDF98/ZNUZy0VtcXF0Pbn/b7PM8JdaSSxqo0jhbzWei7VkrRd9MkBca8GH/iNPWCAGHkeNxq3bdtGPgUIYxhnqVGqd12Y7S+ubmilMZx1NTV5/s7QnBdFRf5ZJpm4zgapdIkS5IkTRLH4c/rtYXGYogJ4pxzRgPXy+KYQvPzzz+9//nn/fE4neaUUKX1drebTDKtFWM0TaI4CDCGUox91wAAEcLc83ohSRiGWmsAYBB688UkjsPz+bzdbvtusNbOZgtrcNMKBDmwrCx6As99J6Mwu7q6QQg9Pt5/+PAhjuM0jeu6vr+/R8AeHVcImU8znyEL5CB6pUc5jhfLd1IqBO1xf8CAaGH3myIJs8+PjxBDrXUOc0Sw43ILgQEWINgNfZrF/Ti4Ls/y7P7+HgDALHQos9q0bfti6xNCZFn2Inqsq1op3TTNZv1n1/UX09l8khXlGVM6ysFAiDCkFDtOYIwpy6Jvu8N+5zno1c01ssD1XS9wiTt1MILQjuNIqUMZb/pB9ANECCMMjbbGQAsIAgaTu48f59MJ5p4x1mjdVrW19vb29v3Hz2Fwppjkaea5QS9GTInnBQ+fnjrxWbS97/Gx0dW5AhicxzOeUxLxj3f32+2+KM+zybTvqldXf/3Fq6v/8//6P07rrdTawZhowBFJ/fDL2zen477xw6przn0Ppc6jyIgxCLzqdB7HMfNCYOxxfxgDP4qivu04Y5M0a6r67v7TsSziLI08H1GQhsEsz56eHhzPYZxqCLwkakWvOmWkhEK0TYMtmk+mLnOWyyX718N2nCZSmc+fH47FmTJsrX4ZlUjSyevXXwztIOU4jO1kkjrY2T5vIs9P08nuuIu9oGjL9f3jeX84n4/t4egQBxuwur4JI/j9h5/7tkvT2HNI4DiB672+vkJGR0FA8DwRkvtB3Q/n8kwb2ndVEsfTWXLc7THSkzQYupES+5u/+S3ECCFzOJ8sGJPUczm5Xl0dn57D68tlMqkYJ67juBwD8unpQWGDgFFdG4a+lkr2w83ywqWYULDfelpLZWwUBgDjUKhxHJu2iuM4z1JjVHUuhBy0lHVd5/l0MOYshqEX+It//1dlWYZhEIURpZRS3DQ1pTSf5mmaUcoen9cIEjHqJElc7u12+1GKbJJZYHf7fTpJm6bWWs4Wcz/0jNFd39dlU5QNwkRK2Q/i5cSfJMlms5VSXl/eYswc6iJEP39+CpNMajWZ5BCCKIr6vk/TlHOHUsYY+/DhQ+CHUqq6qefzOSF4HMYsS4xW9w8Pz8/rIErmiyVj3Fj79u3bMIx//PEnhEgUZ+MohkF+8eaLsiruPn3aHbbD2OXTdLlaGKOANXEUdW2zWiwJglEYLJezw37bjd390wN3Hdd1ur7ruz5KEtePjoezGAXFhGKiDdDaKm26QdR1XdeV77kudx2Hcs/DjoMdHiXxfLGYZJkeVRzH3HMPp1MnhDXA4WFdNk3TpklKEZZCAKvvHx7LslDW+Ek8nc2NNfl0iiGeptl2/di11cXlpTEWE5amyeVqhSHwPe/x6UEKiSk5l5XUejqbTWezzWadxUkWxUPXn08nLeRxf/jTf/ujhbAf5GQ6Q4QiwoTRPPDbtr5arfbrTVGcu3HU2r7/9eP7Dx+++ubrp/V67Adr7CTLXeoAa43WH+8+hUkUZ1nTtD///DMAcDafMsqSJHlePwFjMIKzdIKhdRmrq2I2nx2rYjqff/r08f/7T/8pjZI8n+y2W6nEuy/fFkXpBR7GhGH63XffvSSlAprj6RiE0SSfvAzmOYyqUUZxEsaJxVQaYACsurbtOs6doW+tUXEQUMqwBeM49t04m82f18+fH+7TLHU9b5pl8zw/7rbYWGLs48N9WdVZPhlHuVlvtdZKqThKEIZN2zBCjvttcTwupzOt5OfHpyiZfPubv6LcO52Ln37+ua3bbuimeT6bTjEA9/efiuK8nM/TLG67lnK3E2K92xd1g9nXGfe8tu6ElA6lURBkaTIOHXMYIeR5/ey6HqVOFMcQgWNxCCLfD93n9XPT1gDZjx/eG6PTLI7iSBnR9u3rN18Ipbjvl3W7O5y7XigNx1Gfzv9/SfexLEmSWGfYRXh46IjMSC3urVuya7obMwDHCJtZkDAjFzRyjwUXfE8SL4DBAD0CrGJ3l7widYZW7uEiuOj3OP93yjzNA38EEVIKLJcb03T3h8vlkpiW47neKBpVZUUMFIUhRuh6vSTX1KKO5wbEMHePu+V8gRBMswsE8pKcu77v5eB5keeN87yuW37/9fH+ace4yPKKmpZSQ1k0YTSqu2aymCIDbG7Ws3l8Ou6kYFHoX07nqih9z3v27MYPvaqpmWLUodubZdOVA9Cu70MAudCsE03TXpPkV2+/dYPo/nGHqYWp9bDbQwNPJ+OqLk/n83yz7qT4sntyPDfPMt4133/7TZKcm7p2fDdJM6DBOBrXRcm6Noy8F6/uprP4D3/858DzxlHIGaOmbdsuNWkwiqUCCJGiLCDoe8mhgY7n66f7R9NxJBgaxi5pIiHIqsqwLT8Ms7JKsqrIczCoaRxXefnw+QEC6Npu3wsu9GK1ZQrsjmnTa0UIMK1OMmKSkecgNMyXm8Vi/fB02O8P29vNfDY1oVFl9bdvf33Yn9u283yX2Ij6dqfkx89fLMt68/q1EJxzvl6tHMcus+LFs9s3dzc3yxkQ/cPXT+MwsBx7nyU5a8LxaL5aHk7Hx8f7eBbfPb87no6Mc4gw68Vis8XE/Mu7/0cDPxiFDevC8VgNoO0Etey2ZS3vITbsIPrrT5/e/fSpaDrG5XQ622y359PZdlxK7dPxhCGBwHj//sM5KaSCAGHLsRbzOZDistuv4+l//Lu/e/b87g8//NC03f3D4+3ts9Vi+U//+/88f3b35tXr0A8j3y/zrOf8Zrs1MLzf7//tL+8P11ICIxxN/uVf//Ts5tl6vZK9MAzYNtWrly8ch4JBp2kSBF6a5ZbtAoiyopyvV/i3//MfMMan86kua0LJfrfTWjDW5UURjcaT2dJA5uV8baqaWhRihAmaL+aWTZu2NQnBBl7OF37gCSmrpmrblljWKArni0UvBO/7OJ5pPRR56di2Talh4GEYqEldx398fPr08XM0HtvUllpqrbSWSgkAtVaDUmq/OzDGo2gUBMHj4wNjnZRiuZz3khNqxtMZpW4vdF6U1zQDAK036zTLiqK0LCsMgzRNy7K4u7vdHw8DHHzfpRbpeVvXpQHherXyXT9NroxzAIBUggs2AD2KQ6V71ncIYSlVUdRSKos6GGOlhl5IxmXLeoARQLhlHYSAGvjh/utkvqgYY1IvVpvT8dg0LTGMYQA//vgj48wPAqE0NsggZZak2AB5me+Pe6F623W+fftGSfXL5DfJc857oXXHGO85gnqzmjDWFGXFhJyv1tFonJelkJKJ3rSIVlrBoWX9JcsZ423XurYlRE+wgQFCelgsFrPZjAvuhyNEzFOSPRxOeVWdrteOs9Vqnl+OSipsWHXXVVXj+d5qOXcc59//+q4q24eve8tyAi942j1ubxdMcC+M665rqgrBQUr1+PiQ5+VkMkmuyXG3821Li16JPvC9LEmveYE9V2idZZlFKQSw7VrXdeumOV+veVnsTyfXCym1HnfHquvqpu26pus5xObT7rjfHSzHdhwHIAAAvmZF3fWr7c14OtWDNjDqGdve3BZ50TatTW3X9Q2TDoAIqaFhfPz8aT6LP3z4MU/S7795k5+Tvu+BgW3fw5gQQsIgJCYxsMk5y7LMtm2MoRJCSXG9Xqq6mi+W17x586vv07w87A+jKHrx8pWScjweFVnGGdNaX85XpSWEkFp2WdYIwu+++xvbDY7HM/7NP/4961maZa7rBFHAe2ZSkwuhlA7DCCLKO/7hp0/DMAgpBghubreO41zPZ4ta4zAs87xtmmtyKcrSNKlBTDhopWTTVD1jlBqmaWjdI6SohW2LBIHrurZhYIzR8XgoiuLNN28eHr6WVUEtsr1ZrdZzSknbtWVZcS60HjzP9Tz3er0aBCIE43hs23bTtJzJqqybtvtF4DBNjDAMAi+OI89zFovZdDpWSjDe+kFwPB4IRqZpLGaz7WbTtp2UOgwipXQURsQ0IQQGIUoqpWXXdYMCNnUQwG3dSaHggKRQBiL7pz3rOgQhAsDAGENITdMyEQA6jKLj+Xo8XSAyyrrtpZrNVhjhqm79KAyjMUTQpLRpm6LIX75+OZrEXAo1KErpfDnvGKO2dbickjwbMIIIMN4p2RtooAQOg5RKG8QcxRPe90VRxONxVZW2ZaIB2I7tON4AIUJYyj4eR5KL1Ww1Ho217Bfz6SgOHnf3j08Plu3oQVu2vV5vIBiS63WQAg3awAY2TM5E1bRdzyGCgwan0zkIR13L67oeT+Ig8hbz6eN+/+7Hn2/Wd6MoFL2wTYuYpu3469VNkmSH3W69XEEAHNdbb7YPT4em41XVaqlY2VqUmth0HGe13gCMVjdb23GOp4thkq7jvJffvv3WdiytQRCOonAilbapvd1sKDGul7NJjGuSKD3Yrl3VFWOt59pgUIEffP365XI5LxcLx3aEkGEYCSFfvn6V5RmhOL1eAs//m++/47zvOk4oIYaR5cWLFy9c3ztdzsvlEmE4gAFhUDdN3/NRFI5GkYmxUCoIxwgBJXuMQFEUGA4AaM45Y3wAQ9O2WZ47XmBa9oCIUoNN7SIr/+WP/9a2DH//j79lgkuppvOpQfB8NsUEVVUdRtGg8ceP93XZpkly3D+ZJp3NJqZp9oKLXhBCmroaBrBaLibxNIrCOJ5IKdMsWSznh+NuNptub7Zpdh2AjuMwSS5K9uM4opaZpmldNU3TDgPYbDfbmy0mGABFiIENBCGQUnVdG0URQgiAwTAwIcbz53dKybqpbNvpe2EYZte1TdMSgolJbMe+Xs9h6MeTkZTCsswwCsoqP50O1ySp6+abN69N02ibuu/56XQKw6jIS0qtKBpVZdmyNh6PiWl0bbtarjzf8xwfAKyENgi1qAUhGoUjxvmgtFQ9AnAAuufcNDEEYr1a1YyN46lJ7axsPT+8//oIBtByhgwjCKKWtUVR9EKmaToaRaZlZUUutPJcxyAG69rD8SiVallHXTueTHzf8z03jsKR50jeGgam1LYdDxMqlSDEHI+ieDyyTNq0jWlSatNeCIyxQYhWmrWMEqKlZF0zncTjSdh2jWnScBTyXneM+aE/jmPLMoHWknc9F2BA1LY1gHXVQDjMFvPb2+cA4MVydTmfF8vF7e3mdNz1Ujw8nlerjQHh9ZoqoQxiMaaSLDseTnAYTGK0beM6LgDw/nE3QIQh8W1vs1zzrsvznFq2ELJXYgBAgcEgJhhQ27I4jsej0f3X+xcvX3WM50XVC+m5Xhj6BoJSitAPonHkB2HL2mt6hUD7nm2aJMuypq6bsppOJwii6zWxbFfq4Vfffes49tPT/WQyvtlu8yI3IBFS5HWVZHlZluNJ3HFWVNVkNlaD0oPmguVpmpeZ53l3d88ooV++3FNqlWUVheH2Zo3A0Lat57nr9RohFM9mekBMSNvxul6mWQkhOB+PGEElVBBE+Lf/6/fYMDgXAAIppWEaWg9N3WBkSjkcj2nP+3HoPT7ev3rzerlefPz00aJ0s1qdjoe2buaz2avXLzHGeV50jDPOKCUWJWmS+H5g29b5eNJKuZ7Tde1sMSOUgGFo2w5ASAiFCHmup7UkBnYdaiCkVY8hGJTums6xHCl6rWTge45txeNRUaRAD2lWjkfx27dvKaVFmQGgLUp9353PZwAAhKHWSkjOWCMVm8+nZV5b1H7+/JnSSvYSYdRUzWw6DcNISVU3zcPDQ5ZnlkWVEqxjUoiqaoqsStNC9tL3gzia+L5fl6VpEi1l3ZSe43i+iwBYLKa3mzWE4Gl/gogY1IaITCYzTMxeKmSQ8Wg8jscAAELMURSYxCAY+77XsU70vO5aMADf9W9ubhGGpmlSkyrJ2qZCg0RKlGmy3a6klANAhkmU0pZNfdfLi9SiZts0aXKFEEoli7JyHHe+WCCIbGLVVX3Y7TjrqEUA0BqoeDYhtiXVkBV5WTXj8TgKgyJPLdPE2JBCY0J9PwQISKmxSaPx5N37HxmXWg8Gwf/+f//8+eunxXK5WNyejpf9fgfUoPXAhWRc5HnBGH/27HlyTRjr5stV07GW9ZblerbX1u2rF6+6ti2r2iD409cvJrWk1o+7vesFWZGXRTmbzVjXV1U5aH05n/texnHcM/7ju/dPDw+yZ+Px2HYdTAzec4igELzIEyWla7txHHPGDANjhKuqhhADiBhvsQGzPHVc23PdDz//9PC0HyBouo6L3vXcp/3ucD4sN0uIht1+9/nLp8k0BmBo6poYRlM3aZL4QYAM8uz2hrOuLqubm5vDYff+/XtCSNeLMIwYF1IPABmsF3XL4jg2gPoPf/u3y+WqqCr8/H+8tX2X96JpOy/wq7L2PG8YQJbmFnUcN5S9XMwnv/n193E8OhwOlJqO515OJ6WE63ie73DOv3z5khcFwQbCKJ7GTdO6rgcAqOsGAogQxMiYTCbL5fJwOLC2RwgPA9QaMMYZ7/705x+oZS4WM8s2+55rrbQeGOsYZ30vTNOM4/EvCmKaJbc3d1lWSql+OSipqtJ1Hc93HccOgtCyLNt2sjyrmyoIXNuhCCGLerZtS6nqugw8z3Hspm5M01wslvf3X9M0RQi7vmsYBusYIcbxcFFCK6W10hgbJjGlEk1dcc5s20IY9pyFYRiGHoDDOPQDz3l8egqDUZLl16RAGF/S/O7Fi+vl0rZtzzvGurqphRA9Y1mavn71arlYcsaarhO9jIIIDdAkRjyOe86rqkqulzJPfYv6ltWzxvd8qSSEeIDwdD6XVY0wTK9JnmcGxpZjjcZjCGGRZ3oYMDIIoZN4gsAgpYhGoWHCJEuKqkjynDFhUEvKoaxKQgyE4OV8DoPAsd2iaqq6Ho1j2/OuSfr4+JQmuZSqqmrP9znr/vTnH75583o8jg+HS1u3cTSyLJrnpW17k+m06wUmZLNZn447pfVmvR0QUgPUGgae9/Tw6PketUzTthDBRVGs1usBgM+fPhFMeMeUFJ7jSSmWy+XxeNRK+2G0XCzSNH3/7p1rW7/59fcIwfPlkhelSel0MgFQ95wtF4swiFzHb5taiN73fGrZA8LUMj98+MB7dnOzaepKKYUN8vOHD47r3b14VZa1PwrLqtQATGeT6/UCgE7T5FffvAUAmIQ8v7vb7w77w/F3v/v949Mur8rr+XI4HMIw9DwXY/z5/qvWg0ntvKqElJyLXsi6ZeNR9PJm3bM2TVMpJZ78541lex0Xbdu5rguGIfA9IUXbMcf1KXUMhCdj/9mz7TW5Pu2fXrx4Dofh06ePN7cbjJDv2EoIocSzu9vZbFrVNQLIsdxpPHNsd9DAwMQwTAMTy7LTtLj/+mgQqxfq8X7ftp3o1eV8nU5Go1FACEmT5LDfS9k7tuXarpLCdRyTGCYxy7IUQjR1u1iuEDY/f/16Sc4d6wCSjmcbhoEw/vzlq5BK6eHh4aEoi9liprT++OnL+ZjM5wutddc1g1K7p31ZlFE0enx8/Pz5M7Ws7XYTTyeUUsMgi8Uy9IKb7c1sMqXEhAPQSnVt2zXNfDoFg/Rcx7aISbCBUVvXVVmkl3PbtIvlwnJdQi0h9cPjA2PtdDoxCbaoaVHTtiyLWkoo0Ytff/9dnmb//Ic/NnUzHU+3m+3Hnz789Ye/bFabIs+h1rZputTcLpdvX77YrjdP+/0vPhQyDN6LNEnAMPySk8+XC9txCSbDoDnnvZDXa5JlOUAQImzZ9mw2cT2nFz0XAmDSdP01Kc7XtGkapZRpkkk8bpuGmLSsG6n1bLaECF+uSdt2HWOUOtFo5LoWMQzXtX/3+78nhPz08+f5bPH87tmg1PlycVzPC4I0z4UQTduAQXPWDhCYlF6zLMmyb16+JoRkeS4H1bEuyZIgCLQWTw8PvOssky7ms8D3es5Fz1nXjqIQwCFNs65tmrpyLPpf/+E//ff/8t8uyfl0OhGTBtHIsmzXc6IgXC6WTdVdr1cDI4yxQQxq0bppldIdY1qLeDISsmeMh2FADBMgY7pY7s4XCCBC2HVtCEFR5LPJbL1amoZR5pXreLPZvO+lHtAonrh+UDftdDoDCAglbdedTGfv3r1/+eK17diX61Vr3TStkPJ0vijJA5t8+fwzJmS9Xv5/xF9kFEAZhPAAAAAASUVORK5CYIIJCQoKCg==&quot;&gt; is not clickable at point (595, 633). Other element would receive the click: &lt;iframe id=&quot;aswift_4&quot; name=&quot;aswift_4&quot; browsingtopics=&quot;true&quot; style=&quot;width: 1005px !important; height: 124px !important; display: block; margin: 0px auto;&quot; sandbox=&quot;allow-forms allow-popups allow-popups-to-escape-sandbox allow-same-origin allow-scripts allow-top-navigation-by-user-activation&quot; width=&quot;1005&quot; height=&quot;124&quot; frameborder=&quot;0&quot; marginwidth=&quot;0&quot; marginheight=&quot;0&quot; vspace=&quot;0&quot; hspace=&quot;0&quot; allowtransparency=&quot;true&quot; scrolling=&quot;no&quot; allow=&quot;attribution-reporting&quot; src=&quot;https://googleads.g.doubleclick.net/pagead/html/r20240724/r20110914/zrt_lookup_fy2021.html#RS-1-&amp;amp;adk=1812271801&amp;amp;client=ca-pub-9752183866255290&amp;amp;fa=1&amp;amp;ifi=5&amp;amp;uci=a!5&amp;amp;btvi=2&quot; data-google-container-id=&quot;a!5&quot; tabindex=&quot;0&quot; title=&quot;Advertisement&quot; aria-label=&quot;Advertisement&quot; data-google-query-id=&quot;COTig_fJzIcDFVZbnQkdjNoVBw&quot; data-load-complete=&quot;true&quot;&gt;&lt;/iframe&gt;
  (Session info: chrome=127.0.6533.72)
Build info: version: &#039;4.8.3&#039;, revision: &#039;e5e76298c3&#039;
System info: os.name: &#039;Windows 10&#039;, os.arch: &#039;amd64&#039;, os.version: &#039;10.0&#039;, java.version: &#039;17.0.1&#039;
Driver info: org.openqa.selenium.chrome.ChromeDriver
Command: [96fd4348cf6985fdd144b08560c4f4b2, clickElement {id=f.1D380D97F0BE1FE31600AF6B2BB1B3D5.d.BC97C8F3B481557BEE7B0D1EB58DF8C0.e.43}]
Capabilities {acceptInsecureCerts: false, browserName: chrome, browserVersion: 127.0.6533.72, chrome: {chromedriverVersion: 126.0.6478.126 (d36ace6122e..., userDataDir: C:\Users\uppad\AppData\Loca...}, fedcm:accounts: true, goog:chromeOptions: {debuggerAddress: localhost:51050}, networkConnectionEnabled: false, pageLoadStrategy: normal, platformName: WINDOWS, proxy: Proxy(), se:cdp: ws://localhost:51050/devtoo..., se:cdpVersion: 127.0.6533.72, setWindowRect: true, strictFileInteractability: false, timeouts: {implicit: 0, pageLoad: 300000, script: 30000}, unhandledPromptBehavior: dismiss and notify, webauthn:extension:credBlob: true, webauthn:extension:largeBlob: true, webauthn:extension:minPinLength: true, webauthn:extension:prf: true, webauthn:virtualAuthenticators: true}
Element: [[ChromeDriver: chrome on WINDOWS (96fd4348cf6985fdd144b08560c4f4b2)] -&gt; xpath: //fieldset[@class=&#039;firststep-14928&#039;]//img[@id=&#039;output&#039;]]
Session ID: 96fd4348cf6985fdd144b08560c4f4b2" type="org.openqa.selenium.ElementClickInterceptedException">
      <![CDATA[org.openqa.selenium.ElementClickInterceptedException: element click intercepted: Element <img id="output" style="width:auto;" src="data:image/png;base64,iVBORw0KGgoAAAANSUhEUgAAASAAAABaCAIAAACXLxzEAAAACXBIWXMAAA7EAAAOxAGVKw4bAAAgAElEQVR4nDy7144lWZamt7UyfaSLcA+RoqqmqsX0ED2YvhiQAAGCGAIESYAgH4WPOLzhAKyq7urMyozwCPfjR5s225oXPuAL2MW2tfZa///9G/7b/+t/WC7X1bIchmEYOkKI9z5Jkrbtn593ZV6lWTaOU7msMIBd1wVvIYwYYy7o0E+MsV9//XWxWP3w429Pp1M/jZvNhmPQ9U0IIcbIOe+6Ls/Ky+WSZdk4jkIoxpgQommaz58/M8YIFX3fZ2kyjr2ehpubTZqmxjtCaVqUjLF5ni/H0+V0lpy+e3fnAJzn+cOHT9M0ffny5d27d5vN5nA4zPPIOeeCQggBiAAE55x12syTVIIyHgJwNngfnfPGGC4Ta63Wer1eEkJ2ry+IwKqq2mZomoYxVpS5s95YLbhUiWSMvby8OOfu728Xi8X5fL5er1VR/vn//WOapqvVap5nCPFqu5knfTqdKOXee+djVVXex8vlopRKkuT19TVJEko5wRQCUNfXpmkQAtUigzAWWfr09NQ0zadPn9I068beRlutikxlBMP6cp36IZFKa/3+4aFtm6bvlqvVy8sLYghAvF4tHm4358Px9XCKEAy9bqdRikRbVxTFer2+nM6bzeZ6vrRtG6y7u79Rmfz555+9A9Nkp9Hd3Nxwzuv68sMP30EU+r4lhGit9/t9mua3t1uZoN3rV4x43/fW+ru7O6VUjF4o+fLyjVIqhAoRj8O035/HcVytFpvNRgh2PB201qvVQgjmvY8xhhAo5SEEKVIAwOFwijEG5621t+tVURSX0/nPf/6z1vYf/uEfymq5O+z7vt1sNsD5pmm2i40qsmYafHR93QrGCCGQQIjh07evm9Xy/u4GRdA218vxNNs5KUofgXdQa0M51Vp3XbNeL1WmXl5eFmU5jiMCmFGBAOZcCCqMc79++azS5PZ2izHevb5orZUSMUalRNu2XTcopcqyNMZcr01w/sPjh4+Pj7vd7nw54t//z/8Ygg8xZll2up6rxYIgPM9Ga8uZzNJ8GMem6RBG3lqtNUZQCC4kSxJJCIkxXK91WVY3t3dN0wzjlCTJ0+dfV+sKY3S9XpbLFUKoKHIAI0ZEa22tmeeJEJwkCoAohIQIhxCWy0WSiCJPb2+3UgpMcISxudZfv3211nz8+PD9dx+rMieUAAS1dVzKtu+atkUYW+8iBAGAuq1f969N27rgffDjPA19512AACFIood9N5xP1+Px2tTDenHTtV3bDTe3t0qlz88v0cP1ajuMI0KYUha8R4gsl8ssK6ZpihEAAJMkZYy1bdf3Qwixa1vByN3d7Wq5GMcBxAgBOOwP0zhmeUYpQRgtFlWE4Hw5WedmPf/lX/7MGBdChhhiCDFGhABlOAT77uH+4f4OIVhV5fff/5DnmUoT622W59EDM2ujbZZmN9sbb9xqtf7555/SNFut1//5P//fQsqHx8fdy+5utR3HuesnKRMpU8J4UVQxQsElY9Q7n2XJ9XrEGJZFmiTKODuO02q5ZVQ4C/KsgBC9lRFCoOtaHyxCkBK2Wq0Zx8Z22+3m/fsPGDMQMcGiH2ZrI6UUAChFghHhQo7jdL022+22rq/H4/Fw2IfgGWPeuxA8RLHvO4SwEHKeZ2f9NE0vL7thGAhmznkEYNPU4zA4F6ZJQ0AWy5Wz7vbujlLS1u0866GbnI/VelV3bX2tOedCSoyRseZl99J3XfDu8PJ6OR5B9ItFud6srdPVouq7zlmzWi7u7m+KoiAYMUqVTAmmCGDnHAQwz7M8TREECGEz67ap+7bz1mVJuqjKLEkl54JxyWVZFEWeB+eDDWmSCCGsd4fT0bgZ/+Y//cPhcLheLozzNElvNjfjOL2+HvRsy7KkhP76+QshxBrbdW2MYb1elWWh9Xw6Hb/77tPz8zdM8I8//Dgb/brbO+uev31rmuvvf/c7q+2//vzzarlxIRDKnPNcCG20dW6eZkppIvk0DtYYH7xxer2qklRSjITkl+tlf3wty2qzXVfLEhMUvJ+nyTvDpbpeW+udUgnGkFJirdntXpyzQnBrLSG4KPM0VQgBhGCi1Gq5VCplVAAAtbbzZDChaZoyyrMsb5rr6+uhvpyt91Ve+hhDAFIKSuk0zTHGPM/mWf/5z38ihBBCsiwDEXR9xzmvqmqe9L/727/pmvbp85e6ad6//3BzczMMIxWcMS6l7Pr+crmcLydn/XK5wBhlRfLu/hYjtN/vD8eDNhNjNMlUmihjdNu3PoS7dw9lVV3rWmttjN7tXpqm/vjh42q5Ct5X1XK9Wf0//+W/JGm2WK3SNBn1vFqtIIAIQUrZOIzjOBdlmSQpxixJU++dFNxorfWkJH95ecnz7OOHR5XIadaUie8+/Ug5b9tOKpHnWZ6nh+MrxmgcB4hAlmWLZbVcLrWZ+75ZrVeJyg/Hy9BNAOF51pSyYRirqtLa/PLLr9Y6ABCE6O///u/zPHt8fEzTJIKYpulms4YQfPnylKYZ55wQer02etYhgHk2eVa5CAgm1rnD4ZBk2Q8//BACOJ5O+/3eWr1YVp9/+fnzl1+yNAvBW+f+/NM/X+sagCgEv9b18XTAGBGK8yxfLhdSyuVqKYUwzmJCjLV9N+5fdyH47WatlLpeTvM0lUVxOh2325vFYtl1Xd/1SiXeub/++kUI8fj4mKRqURQ//vgdiGH38o0SPPYDBIBRkqdpnqYYQcXZu7t7Y/Tu5ZkSXJQF3v6HDwTRPMu/fHlilFljj4dT23RlWSqlur6jlICIo4OX8+XD+8csz/f7XZKoGANC8Pn52XtvzJxn6XJRnU8n5+y6XG9XtzEiPbvj5Xw8X65tu9qsu6F3wSepWiwqxZmSvMgyH+w8D4zj42kfo5cJj8AXVS6UiMAXZbZYLvM844KH4K9Nt3vdew82q03X1JfLMU0ko5hRvKjKaRz0PPVdO08TZzTLkjxLsiwFEb3uDhAi55y1BkBwPh2GoVsui7JMN+vl/vWlKgsQA6NkGscIYt00QgilBKUEwHi9Xhmnf/d3f+u945y1bdPUbZ4XnHHFxe9/81tO2bVpIMbVYqWdm2aNCJlmAyAMIQAAhJTTNF7bermu8izJiywAjylcrEohGaV4uV5eLpfFckk5o4zHCH766ef9/rBcL50dz8eDYMwF9/q68zBgSq/dddRTN/ZazwBCSiljtCzLvmmLovARCClOp5PWc1kUZp4xhEWWDl27WlTTPFdV5ZzDhL7s9rO231528zxViwWhcJx6hAGAPgL/7fkb53SxWFhrEULzPH3+/Hmazfbmrm2GadaP7x+c9/vDK+PMBxsBqBYLY+wwDJvNWgjx9evT47uH9Wp1PO4F533XLRcL69zz80uW5RAS48I0266ffIDauL/8/IsH+NS0EeGb+zuVJtpqwpFImA/m9n4rOctytVxWzs8RWCbJh08fMQLeW21mHxzBCCGkpEySpB+6GKNQAlI66qmuuxiANy46DwFgFMMQhr4FMK7Xq3me+rYzWm9WN6vVur62v/z6dKnr1XbFJTufTxCDLFGMovWq4owoyaUQ1aI6nY5fn75IQVMlQHRm6inBhOLz6YxX//ihaRpK6c12mxfFfr8fx/nm5iZN05eXl8PxyBh31m83N1mebrfbLEsIQUmirtfL09NX791yuUySJE2zsiwYZWVWmMkSQsdp0kanWV5WpUoUIohQ6pyGADird8/P+9cdRmizXlNOy6qSiudFxjhHBOVFLiUfx2Ech6Zt+77r+6EbekRIVS0oedvgQ1UVeZ5P02CtyfMMQojQfy1ohCBEQOu56zo9m/ra9H2/2+3qui6K7PHx3W9+80OSqKapx7GXkv/N3/xhuagYo8PUAwiMNZjAru+a5hJjoBS/zW3v3X7/+vT0JU1TKUXTtHmaTH1f1/XpfJ1nAzAep6nrRwhRjPFwOMzzjBBSifj93/7h4eHd07cnM49azyG4JFXL5aosS5UoQvDxdJzmaZ61NkYbQyiRSsUQfvPjdzebpfP+erkAAAAE/dDNWkMIGWOr1QpA0Hetc85bDWDU1kcAAIKH47FrWkoJIyRRchyGrm2HcQAhvv/wYRzHEOL29qZuW60NJtg5WzcXAGOWKkKwdXq1WlJCtNZSSozx+Xyu22a5XBrjpml2zo3TNAy9c1brmXMeYySEDMMwTROE0DmLEMQI/+Uvf/n69amqyq7rYgxccEopxtgYO2szz1prgxBO06xaLAOEq836ZrslFI9jG0GQUnBGpOQ367WQ3FodgiUUUo6ppMfjdRwnznlZFW/iAoIYQrher2mWpFnWD/3+sNfGLhfL+/v76MLdzY1UYhw6CMGiWgjOurbt2+7u5i7P8sPpWJ8umBJv7G6/g5RwwRGCY98+f3tyzmzXqwgAIRRTXF+bl5eXoiiWy0V9vdTXa/QeE8SZoFzgf/w//jsIoTEmxsgEN8ZwLjjn0zxb5xBCxtgfvv9+1uP1esnzdJ6nn3/+eZ5mIYT34fHx8fHxQwhxmiYAgLPeGTdNc9d3bd8GCPKi2N5ui7II3tfXmnGaZxnBSBsDIZBSUkaOp3OIMfiYZamUMoLgnLtea4SwUolKMoRwCAAhDACYxglB2PeDtYYyEkIAIOZ5XpZlluVSKsY4IVgIWeRFkiSE0K5tCCFcsK5vrTWLRZUXGcJwmsbT6cgYXSwqQvH1evHBQQgiDFLyd/c3aaIQigTDGBwlyJoZwkgIEpzebLeU4JeX5/p6oQQBEG3wAAHMqQ8eYZRmaYgxSZPVsuKcAQiSLMUYnS8XTmmMXgjOGJ3maRj6vu8Ox32Wp967GIFz1ntXVWWSJJfzse/qRVU643wMHz9+ElK+7g56Nt55BNFmvYIAZEqtlktrTZZl/TD6GDBC3vssTfM8v14u3759k1KuVqvtzU1d1/04dF0XITifz9ViyRjlnDlnp2EEEUAIp2milNzd3V3r68tuV5WllHKaprzIl4v18XQGAAohu66fphlCVNfNdnvjnCeEIoQBgBgTIeRisYwAfHt+dt4t18u6qSECZZlTSu7v7xhjnFFGKQSRM1oWRVVVXd8uq7IoMjP349AlklVlJjjLlKIYXy/n6+UiBFsuFgTjaZoAZi4ESgjGROs5hJAolaZp29UQQoIwo5QSilCkGBFEMIarxQIgOAy9lHK1WjrrDvsDo2y73YQQnr48zdP0+Pju04cPq/VSKeW8A9HD6Kexl4Jned62rTHW2vD6ejheTo8PD5v1qm5aQnCe58aYvh9v79/hv/tf/wkhBAAYhoELAQBI0wxCOE5TkiSLxcJ7l6Xpfv/6un8BEPR9u9vtYgSMsiRJq2qJMWnaehgGAECMwDobY+z63sVAGAYIqkRwwad5OB4PaaoYJdqYPE8/fPigFH/d7yNEzrm+76VQRVlyxmMA1/rCGLu9vS2rxTiO0zRnWQYAeH5+Mdp47xgnIXhrdZqmUsq27du26/u+7/uu6+d5xhgjhGY9Df2Q50mapgB4zvl2uxJCXC7Htm3b9soYwxjsdrvTac8Yk4kc+o5yfHt3k6YKIYgxMsaE4KdpulzO2+327u4WYSQEBxHU10uWpIQQH4F2NgAQICCUSqW+fP6yWi0gAF3XOev2r7v94bBeLbJUcc4XiwWl9HI5G6OTRHHOkiRNkgQh+HZ3pFmi9Xw87GPwUvC26eZxSvPcWTfPerFYfPz40Vo7DP0vv/yCIVytVuM0pEn+9du3aZ6kEGmaVmUphBiHIcbIGGuapqxKrfW1qSGE1aL66aefIETjOIYQGGOMsrd6QAit1suqqrquG8exKksIYd/3lDHC2PV6JYTkee69996/jaMkSeq6nueZUooQCiFwztM07bpOCJFlqfPOGJPnWZIo7z2EUOs5xoAx5JyVZZHlCUYogig4RTAYPVo9YgQQiPMwgBgQwn3ft3VNEMrTlHMGEBJJHiLkjAIAuq533qWJEkLkeTYNPQDx7maTJqqpr8MwCsYAiHqe+rEnhJRlAQCo63ocJ4yxMaZp6r7vMYFpIotMFWUeARzHAQK/Wi7yRHnvnXMIoTQrZ2uMdQBAlabGua7tlFL3t7fGmLpuNze3OH5Szrn1zValSQih73sh5HK5BBC+1ahS6p//8ieV8iRNIAIqUe8/vC/Kcn84VIulse5NiCOEfYjazP0wEs4DjEWZyyTRWjtvYwhd23DGMILX6/VaX4SSq9UqgNh03bv7BwDg5XLRerbOGqMRQs56SlgMoBvGl5fd5XxllCmpIISTniijeVGkeUoZhQj1w/Dy+jrNepx0BDACqI31IWhrzpfLu3c3RZlDBI01lNGiLBhn1/qSpIk2etYzRDDEsNmuVaLGcXDO6nkGMfZdN40jY5hRkiYqTZR3NlHS6Pl8POl59s4RghFGHoRhmtq+HfTsowcQghgFY2majsPYtDXGCGGMIJSCU0pCcIxR52zbNgjBsiykFOfzuSwL7908T0WRIwTr+goBWJUlQYRxXhSFj/F0OjV1a42FAJyOp2t9OZ/PiZRZljXXZhiG4+nkvMuzDCHUd90wDGVV/uO///fGmn/5y1+GYVgul7f3d23bTvM0TROIYRoH712aKKXkPE9azyqRHz9+BADEGJVShNJ+6K/1ta5rCJExzjmPEGaMex8wJnd39+M4XS7XYRg5f/OTTIzAGPv8+lJUJWHkdD6XRaGU9N4Jyfq2NXqep7HvOxBjmkhn9bevT7Oex7GP0XMKEQwYRcGoYOxyuS7KQkk1j9M8jQgBJWVeLHbHs7auKMuyKr1zIQYE4TRN97e3AMRUqkTJoe+Oxz0l9Pb2dprGYZrGcSSECCHmWU/9gCGihCAABeOLqiiLHILY1tfT+XiqL5SRRAqKIYJwGjpj3f39PWPi+eUlAJAkmfNhmqcYQZ7lr7ud1rPzYbne4OzvbxaLhUqSvu+v12uapkVRhhCmaQoheO/HqacUvtlKeZ4XRZkkCYgo+CilMtr23SCEEEJO09i2zeGwB4gACPOiUEo5b0IIEMa3/2St0VpLKbIsm43uhoEJkWc5oyyEgDEx1nRd773TWud5vtvtumHgnFvrxnFECGVZlqZpiD7EoJSQks/z5D0oiyrPSynldnu73d4wxjHGCEJjdVXmGGPv3Rt/Y4xBCOu63mzWaZoihJIkIYQsFotxHC+X683NDYRQCBGChxCmScYYl1JkaVFVC2f96XSGEI3jtN/vy7JM0oQKjiA23oYIuBBKJQTjPM1AiJxRPevr5bLZrB4fH4a+m+Zpnqd5NsZoAJAQnBASQnh93SWJ8j4QQlarVYzRGLPdrvQ0W2PyothsNiHGYRiMseM49n0fQgjRY4wJJpQSJWUIIS9LhDGjzFo79P08z845pdTlctlsNkKIUc/39/e73e51/7pYLN7A19vZZlk2z7P3frVaKaWOx2PXdc65NyVZlmWWZSFEztk8a2Nmxvg0DcbY1WqBMcEYUsoWi1JKhRAQQhozG2uVEpRSY/TDu7thGNq22W43BBOEwBuTJATneeat3x/3MYAIQJ6KNFMgeO+doEwIEV2glI79OI4j50JJ5Zxtuu7aDcM4J0oJIcehD8ELznywjGKKISUYgIgwSKVilEzjEAFkgkUAZq2DDxDiCCGCyBgrpRBCYIwEo2kqKcPWO0RwVVUh2MP+VVCyWCycDxGCiMCXp+cIkEoUgDACCBHmnC7LUqUqQoQwwf/u//xv19vNfr8/nU7W2s1mgwk9HA593wMAQggxht/9mx9CdBBBIcQ8z7vd6zzrm5vb/f4QQjBGKyUZYyF4xqgHEUAMEQwx+uBj8AAAAjEjxMyaYiqkKotCKjUM4zTNXAiKCWeSMVpVVZZnlFIp1duKfz5fhJIPDw8Ek67rQgCEYExJhHGa5wiiSqTzPkSwWCx9iH0/Qoghwk3b9cOAMCIYH/av0zR576uqklJ67yll3nsIUVEUAEAppbWOEFLXNed8sVgBALMsx5gCACml3vsYQd8PwzDMsw4hFEXFuQghLhZLjJFKlFQywuiCl1ymScY5Px8O4zAE68Z+GPsuVclqsaSUDMMglUKIAADesDshNM+Ltu28DxjjsiwZY29bd1kW0Qdnbdf1dV3P2iqVrFar9Xr9+Ph4c3MzjpO15nq+hBD+8Pvfc84Rxj4EiKA2GhPChaiv1+fn57ZtP3786EH88uXLZrOJEEAI1+u1YEwKAQHgjBVlQSmhlG02m69fv3Zd13Vd3/cAwmqxWK5WWZ5P00gI9t5zTouieAP6GENjTJLIJEnyPMUYIwTSNDVmTvMEAJDnWYiuKsrL5WKMrspF3w/jOHobGGVZmhV5wQkHAG5uNkVV5FkKEbBah+DncTocDlVROee6foAQL1frJE3Gcb40Daai7foYo3PucjpFEIs8owSPXee9wwgpwdIkEZzO03g+n1wETEpKBYCIYIowBRBhTI6nc4TAOtsPvdYTJlgmQiVJuVjN2oxD33ddnqbv3t1paw7Hk0oShEiaZgARTKgL7nQ+O2sTJZy1bdcfjif8D//7f4wxPj09lWVZFMU8z5fLFSGEENrtdt77P/zhd+PUS8mUSpqmPZ3OznnOJee864Y0TSCEBJMQvfcuSdII4GKxhBj1Xd91nXfBe+eMBQDOs07TBGIyjqN1HkIEECKYzMM89P3xeAghEEoYY0qpt/MahiFJ0zzP52l2zkmpMEYvu5eyKhkjEMK3HXq/3x9PJwDQt6/PTdMOw/D6+jqOQ5aleZ4DHyjFACCl5DBMh8M+Rui98z5CCI7HM2OUc1mWhbV+tVo3ddc2nbO+vjZ1ffU+vBFSjPHnz59jhITQoZ8Y5ULIWU9d11JCMCHjNLZNZ72lkEYffvvDj5lKuqbFCH16/x5h1LV1VVVMqO32DiNS1/X5dP32/O10OscYkiSr6yshpCiKvu8Ph4P3Prigp4kSoo1xzhVlVRSF1vpNGiVJEmN8eHhUUkgpP336+OXp6cvTUwRACDEMg3euKAophJTy7u5uv9//+uWzMeaH3/xICIkxaq2rsszzHADgvWecaa3run6LbuR5zjkHAOR5LqWs63q32znnjNWUkPVmtV6v0ywhGPvg/vKXvxCKAQARhL7vZz1RStuuYYKOU1eWeds2CKBxHBnjhNDm2rRtH0JkjMeAhn5qrs21bharlY/eaj3r6c2CwgidjicAUZoVq8U6LXJMmLEWYVKulk3bNV1HCKEIdn0LY0iUMGb2ziAAsiRRSnZt/fLy4r29vb378vICERVSlsVCKDVrq61VUmFCpFJ5nhdFjggc59EHz6UcJ/316QsnVAoWfaCUgAB8jPvjcblcp1k+a5MkCQSo69uqyG836/u7u8Vydbxecfwu6bru7t298+54OvkQ2rZjjO0O+0t9/fT9d+M8CE5j9OM4f336Ns9aqcQYBwCw1gnB30Z/CN5aM01TmmfTNAuhiryQUlHCKKUIonGcuq5njAmZIIycC28L+vVSM0K22+16vUII7V53TdNACE+n01s0CVMCIcQIl2U5z3qaxizPueBSCmPm0+kEIVQq6fuBMSGFwphACLMskVJijITg6+WCC04J7/rucq6ttdOo53lu6k5rjSBBCCUqG8dxnoyz/uvXr9M0Oee6rivK/Pb2Vut5HEcIYYxRa/OmOdM0JYScz6fVYkEpGfphmuckSTlj3gUAwMeHx+A8jPHx4WFZVd57COL+cEqyfJrmP/7xT0olRVEe9oft9ub9h/evu8PNzQ0hVAiJMWnbLkag52lRFu8fH5umRQgtV+u7u7tvL7uuH0KMm+22LIqu64o8W61WT1++7F5fuZIPj491Xdd1/f133282G28dpbSu6+PxCCAEAAzjWFUVoRQhxBm7XE8Iw/P5VF+bpy9fVKIQgm8XLmWsLEvngtYGABhjQBimqSrKUkr+/Px8Oh3SLOv79sff/KZt67quq6oIIRwOr4yxPE8xDstF0TYNBLEqyiIr9KyHfhJCEULrSwcB1rP7/PmrNj4vS230bObovUokwXieZojxdrMJAVkX0jSPABpju65/3R+EVAChPE37tsUIFnnOKKmqMlOKIIQxVlJO08g5q6pqmkaECSAsLxYYkxBA1w8//fTXy7XebLa3d/fWu19/+fV0OpVVKZUMMcgkI4Q+Pz9fL5eyyPM0izE45/t+dM5RLrp+mLXZ7/eXy+Xd3W1R5N7oX3/5q7Hu43ff4d/+T/9NjNF533Xdm9kdQiSEGGcRQsvlsu/6+noCAEIIh34UQq7XGwig954xSgiBEHBB0zQFIBozOx/GcaqqBef8dDrtX/fO+URJKd+iVaBp27bpQgScixjiNI3BWQTh9XoZhgETzDmHELZta60FAECMzudzjKAoitPp/M///Oft7aYsc0LI5XI2xmy32zwvpmk8Hk+U0qIolJLW2mHsIIRKiO9++MFb1zRd13UxQqVUUVRpklLKMcLWeuecc2HohxBAmibPz89JKjebNRcMYxyjb9vWGF2W5TiOMQYpBRecc5akqsjyPE2+/Prr8XhaLZdluTDGGWM5ZYf9/s0sSaSy1pwvl2EYu777+rxzPo7jdHNzs9lsYgRSKu+DlDL4eDofEUJKKQghhNAa8+P3383zfDgcAgTjMCGCh2F0zkkpY4xd2/Z9P0/j8Xg8n04hhDTPQ4yMUsbYOIxN0+hpnqbp48ePTdMABMuyZJy3bXut6zzPLpej1jpNU2MMxgRjvFqvnXN13XRd94ZwQohvmrBtGwDix48fdruXw+Fwe3tjra3r63a7HcdBSkkIjjEiBKuq4pz99NNfpCQIQs4phgghlKTJPNl//defFtWqqfu26cpyKaXq+4EzuVwvGac++qHv8iJTUgzjCAAYhjmRiZSKEH6u61lriNA4T9qaPM/maZrGsSpzKcXUd3oau76pyvJw2I/DQAimmHZ9q7W5e3jkIp20fvm2m6apqpaMsdfX/U8//0wJcTQRfuAAACAASURBVM5GAFUq0zybra3rep4NpSx48PDu/rtP30Xn/vrXn5umXSxX1rkYYd20XT/AGG+2681m01wuwdlx6Lt+DADiv/nf/kkbY611zj08PKRp2g7DMI5aa6XUzc1NjKFclM5HiDATUiWZNqZpO5UmTHDrnXWOC66SBCDggkMIU8LKoqjKMlESQhCCx4SoJDlfLuM09X1vjOGMJUpRQmL0MfgiT9+c4qIsMMbW6nmenLPb7SbJsr7vIYCcc+cs51wKMQ4DRni1XHJO26Y+7g9DP5R5lahUSoEg8M5yRrfb9e3d7bdv346nc9v2hNHVelNUVYxw0poxYb3r+3GYxnGctTVcyHJRjWNbVcVqtaQUh+CstcMwzHosirKua2sNYwwAYK0hBBd5pudZay1VShkfxtk776z79u3bNE4Ek+C9dbZumq5rpZRcJcaFoqjGcfLeW+u6rjXGXC6X29ubN/DorB/G/nK5WGsZJV3fvb7stNZ5UTw/v1zra9f1LvhZ6y9PX56fv0GEuODWO0ro+uYmL4rD8RhDAAC8PL9orZMs1cZwKYSUZVnO86yNIYQ47521aaJQDFVZ6HkyzkIEsiw/nU4hBOcshIgxxqRkggcQtdUIwhiDMSbLMkrpWwe2bdv3fVVVb43aNI0xxnvf1OfVssQYFHkBAHh92VtjsyRnlA3jtNlsCWXGWErZZrNdrtb90FPJEELXy6WqCgTBbrdDAF8ul0/ffc+4uFzrn376qe/7JEuFFIyxPEuu11PXNUWaZklCCSrLcrtZY4zTNEUQns8n62yeF5wLAHDT9efz5Xq5UkLKvAzeW2MSpfKykEoCCJ13zvtpnqz1lLFxnPMswwjW12v0LsvyJM0JpX/95ZdZW4yIlNxbW+TF48MjhMHMc6LkME7GOXz7H3+Y5zmE8GZZxhi7fnDOvaUEyrKklGFMYozBw7pu5nl+C0xUVXk6Ha/Xy1sY1Fg9jqP3jhCcqeRyPg19l2QJhOD1dXe9XgCMSskkUVmWSiUQws7MXdt1TYNgWK/X3nuMUbWoYvQhBCnlZrNJ09S8MYc0s9YSQn744YeqKqdp7vtuHIfz5VTXNWN8u73JskxrPQz9PE8heKkE59QY/e7dQ/Dxer22beecM8b2fT/P2nsPInDODf1grVVSFUUhpXBWY4wwxgjBt3cDlJIYIyZoGHrrDKEYY4IQxJgQTP70xz8eDgeIMGUMYbLebvIsv16v59MZYTwMY9u1l+t1mrVIEkiwtT5Js77vm7aepglCUBQFpaTv+2matNYReACA95ZzsaiqrmvbrrPe3dzdQoQJo2/hbKVU0zRGz4vFYrVYIQRDjAiha10fDgeMcVEUSsqqqgghLy8v4zhKKdM07YY+hJBlWQQAQZjn2fV8RghZaxEhnPP1ajPreZ5niNEb3wcQQQhDCCHERVUwRglhaZoY46ZppJRrPd/fP1hr3pKcIYC6vgKA7u9u18vCzROMiFEWQ9DGKZne3t69vu5vbm5DiOM0csar5YJx+no8KM7yPG3bJk8T70NTX6ty0ff9oqis86fT+Xw+EYKzPEuSREm+XlQwek5RmipKcQgegAghjDGUZRlDeHN9y2XFKO/6PlWpmU1wTnBh9HzYv0IQHz88ZmlCGdNmGoZh1sY5ByDEhAz9xBlvrvX5dBJCJEr2w1Bfr4vFmlFaLRar5WocBme1oHS/21GEVpu1dUEbi5O/v/HehxAwxm3fG2tjBEmS/P83E6X0j3/8M0JUa/Pzz3+d5+nh4WGxWAjJ6uYKEVCJVEoAEEPwjAnFueCku16GcYAAGGeGoYcY5kWWZgkXXAoupZCMQxC8NlbP1tkkUcMwUEqXqyWlBGMsJFsuF3V9/fL0RAjebrcARGsNwihYXxaF4Ox0PEzD8P7h8f3jexCD5CJ4TwlRUkrBlGIx2NPxqJJMa9P3fYwxTdM3S1oI0ff9G6S21kIIl8tlmqbjOBxPJ21nACETHGJEGU/SDCLMhSSUYUK5kGmeS6V8AMaYIs2fn18CgB8+fMqqahiny+Xath3lIs9zSqlUinCOKCacjfM0zTrNEsYoAABCKKV4k3PWWm0mhGBRZHd3t1mWjOPYD916vZ7m+fX1kKbZYrEqynKapiTLEMaYkOVyud6spJQRQOvMOE0hxrevjeMopKgWFaOMEDJN0zAM1juMsZRy1toY8/DuXSLYYb+DEDBGy7xw3hFKhqHnXORFIYX0IAIAEUKYMCnFoix/85vf7F8Pu90uS/PL5dJ3w+9+97sP7z9+/fbtdDyXVbVZbwGE3oX1epFwGpzp20Gp5Mcffsyz4ng47A8nTGjfd8fzKcuzNEvO1/MwtZRiBKIUoqlrRrEUMlPq/u7WGXe9nK2xMYTlolqvlhAF7wzw1uiRU7xerdJEYQSD901dX84nQmnf93XTCinTLBvn2VovhFBUBGvNNNl5QjAmkqtEUoLHoRvGXpuZECqlBBFO49x1Y31px2GmBD88PORZ8uXzl9PxtNluKWbWuWADBJEg9Pju7ma1evn2ddaTVKrrh3Ge8fv//g+U0rcJRiiFEFrr3lj1G2guy2oc5rbtrHFpmmw2W4zRNA9ZlozjkOfJdrtN0zSEACEkhAbn5qFblPl2u+GCUYoXq2q1WUolYvR6nq3RnJIiS4s05ZRxTvI8ZZxP06QSsVwuCEUxhmEYnp+fp2nSxiqlOBdvWQRjjJn1m7GRZkpKxRh1zg/DQCkLwQvBCcEhujRVq9Uyy7JZG0r/a1OlaTqO4/Pz8/F4LIoiy7IkSQAAGOM8zyGEp/Op7ztKeKKSNMmGcWjbDkLYdf3d3f1bcyKECGbzpI/H8/l4BiEwxm7v7kWaXOumbhqIkErUZnuj0tRYgynBjHoIKGcuRMlZkqSU0hDcPE/GaO99iA4ikCTy4eHddrtWSk7zeDi8WmeddUIIxvhqs/YhjPN8reskSfb7vZRyu9lIqYyeY4yE4BCCMWa9XmOMx3H8r6wlhKqqpmmSUgII67qGCCmlvPeUEEZQ1zZSyiRJFotlfb324ziOo1JJmqUBwnEcrXUAAAAgITT6MPRj07QQoK7rT6cL5wJE2DTt6+vBWhcC8D5M49w0LQKRY7isKhDhNM2pShCix9PpdX/ACHHBrDOIIsoIwIELBkGchqHvmq5rKEJFnq4WC864s8ZpDRHy1hVlnqbJNPYxeEZxezkRBIssAzEiCBKVYoSFFOM0lWVJCIUYQQRjBJgQa8z5cCpUmijhjEkS9d33H29vt967aRrGcbDOpmmapRkmLEaAMZVCpVmaZqnkDAFIMC7LcrVcghjvbu/SJG27pm3qPFGMkr/+9WfGOUTocqlnZ/Ef/pf/ACGc51kIgQkhhHgf3lqLc045k1KVxfJ8rmOMDw8P798/+GBOpwMhqK6vmCBKyDgOl8vVWuucr6+XqW+Wi7KqKghBAJFLDiDoxx4i+FYEknNBKQjBOxdDWKyWCGMfrFIKYaz1bIw5n4/H40EpWZRlWRbTNE3TmGV5jPFmsz2dTn3fM06madrtXkLwNzfb3euu61vn7DD01+uZMbpaL6SQT1+fh2HY7V7q+kopIQRjghfLBYDAOQshwARHEN8yvn3f50VFCAMIEcqbpm27AUB8Pl8ZE23bd93gA3Ae7A+n0+kKEVosFh8+fSqr5e5w+Osvv16axtrgQ8SEdH1/PJ99BC76Qc+IEIAgRugN7yAEAYgQRSF4liWvrztCUFWVPriua/u+DcG/f/94OV8Wi+X9u4ebm5vD4WidI4RwKZx3QkohpLG26xpjrdHz5XI5nk5pkd/e3KxWK4Lx6XQ6HU/zPKdput1uMSGn00kptdlsmr57fd2NXR28lVJBAIqyGoYBEVIURV03AMKm7S6XizbWeT/PepqmeZz+9V9/4ly8e/ew3x+Msev15vPnL+fz5Q3odV3fdb21bhwnRmiZiixRGJOmbg/Ho3VBSCmk6vv+8f0j5bQbmgBCXmVJppr2asapb9qyyPMs5YzC6Ju6ydKEMwYBaOoLoYgz4p1RSkhOUyUxAIIz520MHkI4TSNldNbmw4cPhNFhGObJIEpVkk7DmBCyKsoizxhFGEHOqLVz19VVVY3TEANIkpRQ5qwnlBV5+fj4WBal1fbl69eh7+/v78o8//b8bb8/CCkwxhiiGEIMnmIMAaCUEsa0tgAh/P3/+G/HcazrWkp5Oh4Z51IqIcRqtaqqata6adr6en17W9X3/WK5+PHH3wIQd7udlEIqSSmZ5mmepjTNsiwP3q1WlVQiAGC88967YEOMEIAvn78AEBOlsiTBEHvnCMYqTS5NY5yNwRNK+6Ft2xbCOE3Tw8MDQghEkGaZmXTbdwTC6/n65qElieKM++AwJkxIH+IwjiHGVGWMUwBimqaMsqZpnj5/DT68PZV7d3fPKG3rZhwGiFHTNM45xlgIYTbaOudD2KxupnGumxpC4JzFGJd5MfTD09dvu91r2/SMCUJo3/UUk08fPgjBn56e/vTnP43jlBcFRIhgut3eHg5H5zyl7N27+/VmwwhRSSIoQzE6a/Ms2W7WRZ5hQgAIlFIhhNbz0HeH/WEcOhi9sybPCkp5201N18/a/fr5S1FVKkkvl3Oe51rreZpmPQbnGSPO2sPx+OnT9wQR78M4Tt+evu33ByHkzfZ2uVg5540zSZLc399753795Vc9TZyixbJK07zrBsZYXbcRgizJEUZZnkEQo495kRdFTgjCGHZ9zyV3xlBKiqKEECIAlcqKokyTTHCpzVwUxXa7RQhJybfLxeVST9oBgGbjuVRlWQKIAohSynGaAAKIwGnsjTPAexoxsP4P/+Y36+XCO9u23eVy+fTp0/XauBi6tpdJUlUlIYQwOusJRtj1PWWccUEZ11q/vr6OkxacB++v1ytnDMR4Ph45pzer9WqxvF4u1+sVM0Y5rfvu9Xg81fVyvWqbHiKU5QWAqG5bM88Y42mavn792lxOzlrvNCUEAtB2nVLJrPUwjDc3N8tFeT6fjq/7umuJklylECOMCF7/08eu6yRX0zh9+fxU5OXt9ibPMut827ZGG4RgWciqyhKpBOdm8k+fvx0PZ28DZ2y1XCAYvbWMMj1pMzul0tnMv3z+stpsVJI+PT8TQgRXTd0wyiihwXprHeNECH6pL//y878eTqfVdlPkOaIEQCCkTBPlnHPOYYwpJZzRLElj9ASjP/z+95IrPVsIAMJ4nk1EOMlyTCiAqB96QnmZFyAia1wMMQYwTfN+t8/SFMTIGVtUi/Pp5Kw7HY+//d3vhBBfn79FAFSSmOAhgAQRyak28+V8ylJ1d7fFEFKC67pVKhUqARB65yjB/x9lbxZ7z5adB+2patc8nvE3/cc79O2+7tvujk07smPj4JiARWxCItlCCHjgjSB4QEiJRJAQIJBIxGCJJGR4IwEpRk5CEmMZ2+2hbfd0u2933//4m89c87BnHs51u+M4cHs9naOzV9WuVXvX2bXX931rmobzSXJ/ezewwQ+85cnJcrFMolSM8ub69u72jlo0T3NoQFu3Y993dduWlY307eWrMAjiMOz7saqq/aHQ2uT5xKUOZ8yCKAkCC0ILAKPhvhxHabJsen1zm6Z5EARf+r0vGQCoZSEIlRbjOM6nE23U/er+E29/wrG9+7v7D77xgdGAUs8YOJlMLNv+0pe/Ytk0CsK2bjFGJ8ulBWHXN7PFfLFc/toXfkMZrQH88le+ZtvOcrmUQg5dJxifTrOTxRwBBY3I89iPnCD2LRtBYFxqh4Hvu95sNnNcqo2SRkktIIYAaQRMkiX9wD/49sswyfPZsmy7qmlXm+31zY2U6v33v2YRMpnk++2ejyzyAsH4+WKZJWEaJ9vNerPZzmZz2/c++PD5KDUTJssmeT5FmEilmBLEptpgZaA0sBvY7f19XTXUcbXRD84vyqLwqB24LjHm8cX5NImur68ub67dIEjTjCu1rdtd3dSMCQ2AwRCT07MH1KX3261DSZ4m1eGgjZbj6FL77GQxn021VsSyHj165Hq+F0ZK68NuP5tOGBsDz9/sDyNxN0XN+/FiscSPfuL7lFJGK8bGN998az6fQoTX6/Vqs0YIxXFCqbXd3kJotAZSKAgwAEgrjTBkbIwifzqdzWZTSp2yrPa7ijEutIIIQISGcaTU0cYUu71j0zRJjNJSSq31OA5FWQopwygaR0Ysa38oqqo84tx8z+dc7PcHpfR8On9w8dC27b4bpFRa6zcfv3F9c73ZbLQxGkAAIURIaaWNGUd2KA5CyNl0FkehGPnQDfPp4vGjR594+202jl3bQgC2m03dNJZtIYJd1/V8H2Fsu47rewCi7e0dIYRgiDB0XAtjxPuhH8b5dDFfLjGxDmWpJM/SeJmnge/Zjo0woo6DIOgHJhhnTFRlGSfpfD6fTXJqU6WE0cbGyHdo4Fi+504mk5GNddM4rkssyxgzn88JxtNJNp9P4sCbTyd5loyMPXj8RjuwcRwZY1LyfugwQm88fXJxcfHy1XPXdafTvG0a27aiKKqq+tmHzz/5iU89fvJUSqWkfvzo8Xy5fH155fsBY2Pb1JzzOAiobfdda1vEcR0NQBCGvh8hSCzLsm3qOA4hpGkaLblgY3k4YASSONRGSiO7vi2LQnLhUgdBxDkbGfvmB9/cbDeORwkhAOgkiY0W9/erh4+elnWrNNgd9je3d0IK1/Mm0+mTJ08AMFJKNjJgzNnp+cOLh5Hnsb4d+j4NA8/3McJK682hOJSVRR2MLMuiWsm6bvblfhiZhtChntRGaiOUwgjFSRKFAYRoPp91bR0H/mI+A0aLcbQwdByHa133Xd+Pdd0UfR9nmR+n6+1+ms/CICrL4u5+BTHECImhD3yfYEI9x7WpMkJJCRAwwHR97/jhdrdbbzbXNzeH/Z4J9s4n3pmdnlxt9t0wAsET38Xv/swPOg61LaK1iqKoaSouOCFYG40xGkd2v7ohCHuubwzsu2EcuZTCGIMJDKMAGDOycb8vVqtVcag9z3vy5GnT1bZtJ0nqeb7repyx7eaodjI57qBACDGCx0yA4/paG9t2+36UQiKILcv2HP8IjHIdTxtwc3v37NnzoWdxlHie//zF86IoPM8NwkBqJZUchmGzXWGC/MBTUhqtsiTBBHZdizA5PTuHCI+MXV3fcCGyPCeW7fu+NmYYRtdxbZtud7uiLIdh3KzXfdUEge/5FCCDENRGaqkggg8ePMS21bR1N7RR4M1nkzyOPN8xBgxsQBhpbcqqAhBSx+aCl3VhWRhjwMXIxYgwjEI/TUOMse+5ru8JITGx4iSybAtg6Dp0t9tQ246jUHJOMLZtqyorbUzblQSC2SR1bQKNyPMkCn3Bx2998IHr0DRJ9mUhpMTEqsoaGJAmKSZ4GIYjF8b3/XEcOR8ty6K23TRNU1d93wvOsyzfHfa77W4+mxtj+n4Iw3AYBs65ZEwwnk8yx6HF/mBZOAqjums2+51lWWEQeY6HIdba+H5wdnFWFqVlW/PlQghxOOx936e2VdfNZr/rhn6SZ7PZbDKZeJ7LGQPAOLYNjNFKay3DIMjz3MZoHEcEwHq1aqqqH4eu67gU1PfPzs9XqzWCGBgw9N1utzuUe6U1JsRzPKWUEEII5lJnOp1GQaC1DsPAsgiC4O7u7u7uLojCLM96xtb7Q9XUcRS7ob87FKMUSpu7u7s0ijGAbBi6vofA2JikfrCYLZ5fvrZdx3EdDRUm2HEcLsT9Zj0KWVSl47lhHHu+a1HbdZ3b1YozsZhky8mEEog//Wf/pTAMMEYG6DiKLy8vD8XBsoiBRmkJAJBK5GkaBJHWpmm6YRykEhACyyL90CmlXMdVUkuhEMJaG4QgwoRxNp3OMCbr9QZC6NjOMPbz+RxjbNuW7/tJEnue1/f9ZrXJ80WSZsenptaGM4YRklLt98XJySnG1s3NbV01hFhCqMNh3zQNdR3q0O1hfyiLPM/zaSaE8DzPcRwEIYDQ8xzPdbXSnItxZNfX17vdruu6Y7oPIZRPJ5vNRiqFLcKlKOpKKUUsCwDgEJKmseWQozYLIcSlbhiGCOPVZn0o9kEYnJzMqU2QMZ7n9sO4Lw6YEMeh/TAYY1zfgwhACFzXgVBzPkrJEAKWBREASRJJpUbGAMau746cbw/7tq1D31+t77uuMUAP/dD3ndISIXhzfek5NE+TxWJqYejYVpanu83W9dw0TbI09YOA2NZ2u1+vN67jPHn8tDiUh6I4biFyzkfGGGN1VSZJ4jp0u92OQx+GgW1ZlmV5jgcxDILAsiyCraOGlJDMaBWE/snJiee5Td1wzizLQsQCAM6X88V07rkeZ7xuKmOg53p13Tiu4wV+WR7qunIcJwz86XT26vXlMPRKqmHoEIJSieJwQAghCIPQC8PAtSkEYLfdXl9eHvYHKXjbtK7nzmYz1/dGxsqmKasaQmQRCwLA2cg5hxh4vucHLmMMAigl55zblhUlIcKYjQMEZhiGuqnXq1VVVUEQ2La1LwqNMJMijuIkTblSI2cGQGOMhfDQ9ZNJHgXh/f0d1OZ8sUQIr4o9prbRmrEBAWBTWyrVjYPgkkvRD702OoyCIAqN0owzxcUkTSKX1tUBP/3T71o2EZwBYLquk0pEURhFIcTQtq3jWMQQA4A4k79PrUOEYNd1r6+uDTBJkgEAHMc9OTkhBAshm7YFACKIb65vN5ttGIVpkiZxwjmrqkprned5En/E1XNd3/MiC1M2cKMNZ6LveqPhMAxt281nCyV1XTeu5xsAm6ZDCCVpAo+v3sBEcfTo0UM/CIqimEyyojh0bYMxCoNwNp8TAi+vLr/94QuEyHQ6cxx3GFlRlGVVcy6yLF8sTxzXHRmDEAd+6Adhlia+bSVpRCxiIHAc6rrUc1zPD66vr7uhNxiEUeDYdBx6I6XnuePIyrqijpNlmTKKM44wtCxrOstcl0KoIDKuR8PQp5Qoo4pD2Xbd/f2qHwbP97RWbd/2fe/6nus4WsmubWxMPNchBHuuS22SJZHn2BjormkwNKEfHAkvnu8zxpUyxHKKQ8mYXMyWEBglhef7WmutdRzHnPMXL15MJ7lSijNmjHn44OLJk8cIwqNwnQHw7u6eUieJgqHvfM/1PSeJojDwjdaccaVU1/VK6mw6HdigDGA9k1ISbBmp2rorq6rtGmIRqWXXdVHgQwDKw8EPPNfzIQTDONRtjRE0xrRNSwiybWIhjCGyCYYA1FWppZzkOWMjte0w8NM0dVxHQaAMGMYxzycWsY3WwGjbtv3Q83yfWKQ4lMTCRhvOOcHQsizBedd3EIKb6xuE4OOnT8Io2u/2bd/6URTmObHsvu3btg2iaH564gUhte2L07MoCE6XyyAM2DhQ257GCYDIj2MFTNc049gDbSAEGGPqOpzLLM+apum6LgwDCOH67j4I3LP5zAhmBPMoxec//hYhRHBOKX3+/Nnp6cnJySkAQBvjOA4hWGtTV03XDuM4ep6XZallWRDCowADhMi26Gq96vsuz3MIIcbo9m59cnKqlNlut9PpzPO84lAkSQIB3O93SukkSaRQd3e3xpgnj5/2PSvL+urqsm07qYSUCiHIuciyVEq5Wm2OsNdxZK7rv/nmm3VdtkMXRvHp+elRd7FuGimllKqqSoIxpVQrTSkFEJVVtdpsp7OpFwR1XQz96PkOwVbZlCenZ37oaQCGodMGIAwwsRxqU9sKfMeybWIRx6GEWBBChPD13V2aJWEcc86buhyHARuAMKmqqh9GTIjneZgQbRQhVhh5CEEh2dD3UjLbtqhDjFbD0Bdl7YfhvjiUdeUHke97ECEhxDiO88UCQ7zdbiEE+SSzbDoOwyTLjNYYIamU1gpjog3wPf/u9n6z2ZZlDQEe+tFAtFgsbWLd3t7WVen5vjGm6zrHcWxKLcuaTnIhhO95J6eLs9MTAEBVHlzX2+8PQqntdkepTTBqmsr3PcexKbWVkm3bGWNc12WMNU1ntFltNpwzJRUEAEGspBRCQoTiKAqCQCstlZzPZo7jdG0TxTG1LQ207/lRHEzySRB4R4gmgWgYBqNkGIZxGFqEWJbl+/75+ZnjulVVllXZDwOxreXp2eLkpG07KT5KpWKMbWoprbu+08pQSrVSUkpqWwghzkYhBMEIIpRPsizNlFJciiAMprP5zWqdJCk0cLvdSmOCOFLalEUxyyeOTcuiKKvK9z2LENEPNnUGKeq6FiMLAjeNE2rZCEJCSNePT588obZtEZLGEdD6+vXlfDI5Wc77uozj6PT0BL/xr33aGFOVFQAgCKIwjPb7/W63wxaxbdtxvNPT07ps67ruus4P3DAKGOPD0GOMKXUgRPP5QisthIAQXF9frtebNJt4nj/0TCo5n8+lFPd3d45DT06WGCPbto9M2/3uMAw95xIiq67b/X4PISQEAwCCwHccRwhe1zWltu97XCk/DCaT2chHTMjAemIRY8Dl5dX1zS2lzunpyWq1otRxPQ9AKKUaxn5kI8LIcf04jUc2llWJMMomWZzEmKC6ru/Xd0IKx6FMMAhBFEeOQ43krkMRwdpopQ0fueQSIYwwJrY1Mj6Oo9FKCiGPS6+6IRYVUnZdbwCEEAGkj1v/UkkphFISAGCMHoex67rAj5cnZyPjBsAwjJu+q+tGCH5cw2AIGRsZ567jep6vFGBs0MaEUVRXrW25cZyv1jvOpE1dTKgfRHGUtk0rhQr8YLPZIgjWqxV1bIxRWVZSSj8Izs/P+75DCGVp6vuelnK73W43a8uy88nMaPPg4tyl9HDYY4wIQQYoo/U4DhBBBI+vcxIo0A6dF/qu59vEOiZRxmEY2QAgotR2PdcLPK0EITgMgzAIZvO5EKIfu2NiXXKBEUAQUGo71IbGBJ6XxDG1CIJQClEcDtPlHEA49h2l1Lbtduh7xvb7wzgyIaXkQitpWZZFiQGAM5YkMSGY8RFAE0YhlNtQeAAAIABJREFUdRyjNcJYG01tW2lzOBQjH9Msi5OEC3V9fSOVosQWnG8Ph34YpFBVVfVNu12vr2+uyrKURvVd39b1UZCnaVvDpefQyPNt29JKCcYd6oZBUOwPTVVpzrM0cS362c++t7q7aerK932AIP7kn/ncMAw319ddNywWi8PhsF6vl8vle9//WYxJWZZxlHqOV1VVWR1s27Ztu6rKpmmPihdt22ZZprVSWnoeNUDlWb48OX/96nq73XLBGBsZ4xjBKIrbtrUsCyMyDD3BZDLJEcKr1SqMUmOAMSaKA9u2tZZpmiZJBCFEGMwXM63MarN68uTxG2+8cXl1xQUbhsGybMeh2gBKbYxxU7dhGPm+17btOI5pkkKIDoeCMZ7nWRxHQeh7vicFr+sKIhCGgYZ6vV5lk/Ti4rztWilFFIdKCqi17dgAgGEcu67r+h5qQD13MpmsNuvbu3ub0kmWC8HrfTGOzCI0zbNh4Ov1SioFIez7gfGRC6G0QhA5Do2iKM2SLE2TJPvWt55DaBVlHUdpnGabzYYxPpvNnj59oynL4/4QGzmAeDk/yaeT9XqbZGmezb754TOhzGy+fPb8xWa7qesmTlLX8RDCTdPsttuhHw/73fnpKUJwvlgctYPCMLQpHcau7zopuZSsqipgDLFQWZSHQ6GUef369ac+9W7bNi9ePj85mVuWRamNEZZSOo7b992zZy+VUov5AhMriKOma3abrdF6lk2DIBBCdEMnpYii8Oz8jHN+ROEILtqm8QMPYnR6epInKUYQYyy4YIwZpbXSruMQQoDRSZLMplNK6d3qvqrrqiyCMLQcWlZVN4xN00JCCCIWJrZFfN+PQt9xHGLhNE2P/9UQwjzLXNeFR7AYl5fXl6v12nGcLJ8ACOqyORSH5fL0w299u9jsLctq+wFjHKeZRYhDrPJQZFk6Xcy7oQMQpnHU98NkNpNStlXd1KXgHAIADJBKeY7Phdjtdowxydkkz/kw+J5jgOKCaQTrtsWPfuLdOEreevMtKbTn+QhixkWW5a9eXympIUQ3NzcYYsdx4jg6Pz+fz6d1XXHBnzx5ijFRSnmee35+DoDZ77eEYAjR+1//ZhjGZ+cns9lMKbXb7RAEaZqenZ1uNuvVauV5btd2dV2HYVhVtVEm8F3Xsa+vX0dR8Nnv/zQX43pzP4z9OA7t0PXD4LqO6zqrzfrbH35LKaWM8Xw/CIOLswdsHF++eDmdTBfzxevXr8dhnM8WNnWEVABAIbk2yg+8uiq/9KXfC6PQsi2MkBCc8XGxmCMItVHb/db3PSVFHAZd0yKILy+vnj17bhE7TTNoQD+MnAmA0BGHPp/OCCJQmvnspG27NM8Zl+vVWgOQJLHruQhBAICUYhxGISSEyLIsCKCS4OXL6yyfzGZzY8Dd/X2aZp/+9HsIoavXl67rLhcn/dCPjLmet9vvb27v19tdN47fevaMukGcZvfrzchZ07ZplgMAi+Kw2+4cStMkUVIgCLWWSZIM49A0TZomlkX2h13TNIHvh2GgpKjreuh7pWTgB2maXF3fxmmqjTFQx1HouhQhdHd/q7QWUhptfN+fTucY46puRsbasdMAPH70WAk1dB1CqCj2YRQ6DmV8LMui69oj1cChzlERxLYwta3buxujtee5q/t7x6FxFKZpjBFummZ/OFxeXd3e3jEhAIKO49iEDMPAhTDAjFJS1+NclIcSARiFgUudLE8taq/WK0ppWZZZli2XS6W167ramK9+7auu656dX2RZfnt7x4V0PHe/LyBEWZLtV5vYD6MoCoIon036YdytNxYmDx88cAMPIMi1ZJylabI8OS3Lyg98wZhS4vTkJM9zKaXSyhiojHZdV2v99ptvMsZCP+jGTgO12e+TLBsGjt/+qc++ePGCDfz8/Pz+/t4YYwBaLJZHfabjypAQlKSx4zjDMAjBXdcNghAT1Hd9XVeMMcaHtq0JwY5LORNBmCCMjvpOxhhKrdl0en5+3nUtANBxaOCHnHHOeZZleZ4fioPrOo5DAdBZlqZpUjd11zWe5zqu5bhuGPqYoM123Q3dg4uLkXNK6ZHnr5UCAB6V2w67/VFQKY7jPM8t226a5v7+jnNWFHtK7SgOT06WhODZdBLH0fmD8/lipo1SUtRVZVO7KA6r+zvf9buuK+vGcdzpdKGUqaoWQogtywANEPQ8j1Jv7Me6rIdunC2Wm822rKo8nyRp0vcDRODs7Hy332ZZbhGyXq/runZdX0tzd79+6+1Pci5tm8ZxAhHs+55zlkQhpXS93tRVqbWxLWoMaKpGKj1bzjs2lk2T5Rmx7OvbGyb4bDbbF3uIQegHWZYcYZWe5xCCxpFxzt/7zGeCILi6uorj2PXcZ8+e5Vlq27brOnEchUEAEUAQBFH0iU9+Ukn97Pm37+5u8yy9uLiAENRNlaYpxpjalNquZRGMief5aZYRh3LJeT9CAEI/sCystUYQKqMRxo7rHlc6WZpOskkU+m1bCylevHhxOBzYyNq2jaM4DMPHDx9FUbReb7e7XZokcRxrY2zHSdIYEjybTZenJ67rup5LPa8fxsOh8FyvqequbSb5RGnx8tWrsiqWy6WU8gipvb29vbu7syzr4cOHUqn5dGpZNib44sFDAOF+X5wuTzf3KxuTT7/z7slyyZXSEByhzJM8V1proLUxu2KPEDo7PdFSU9/DhLBhBMi4jjOMQ1EWUsrdoRBScs73u51FcN3UbGQD64M48KJQaziMHC9++I1Xr14LLpbLZVnWSZL6gT+fz4/bBpZlRVGEoKnr6phRsW1bSimElFIW5UFrgRDo+2YchygOwjDgnCkNjrw916WOQ7XWgnPOx7OzMynlZrPdbnf73aGua4Sw57kWQtNpNp9N8iyeLWZR7GsjbYoVUNP5VErZdW02ydIs4Zw3bVs3dRwnkyzvu26zuhecUdu2iLXbbCzLStMEE3w4HOq6tm37qFYtpcizjFJqE0twfoT8EkzKori/u8MEAwBcx2XDaNu27/rGGG2MH0RZmmNMgAbUcQ7FgTpuNskppXVVV0UBJEAA9cNQ140f+CcnJ37oE0IABG1XV3UdBAHGeBhGjHESZ9R2uDDDwG/uVkarzWZTlYVtWWVRKCE447vthhBiWdY48rpumrYlNpnMp47n9sPQ98PARkTwYrlIkng6m1q25Xm249rGSMe1HdfinNk2ZWz8xDuf7Lru+fPneZ5ThwIA2DhWVVUWB6UkwRhA47nubD4/FGWcxWmWuZ4LEWz7tqobpfUwMj8I4yiVSu32u7ZrXc9N8wlA8HAoV3erSZ6dnZ5iCCEAZXXgggNoMEEAGKMNIYTaFsb48urSc53D/pAmaRxGgvPZbCaE6Afmu37X9/0wRFEilW7azgu8Q1XsdjuCkDFmtVoJo6M4UdpgTCb5xHe9MPCnkwmx0MgYwrBuO8f1uJD3q7VWJs8nGJP9oWjbTht9f78Z+TiZzA/lYb3anp6dLPPpJElnk9lmvfnWs2dSqzTLF/PF7c3NdrvVRtmuU3WN7/vzyeR+tS6qqhv6/eHQDs2RgTYy1g798uw8y3NiW4ey8AMPW2Q+n02n+fNXL3fF/nAohZT4jT/9mTRN0yTt+76qyiDw66Yty/LDZ8+OJHmIjO85VX0AAGRZ7jiOEKqu6/V6DaGZTvMsjxkfuWBZlkZRpLUO49hxbaVF2zZt2zA2upTmeb5YLLbb7evXr4/vSEEQIoQJIVIwjI+ivHJkY9c1jI8Qgn4cbNvinEkjp9PJbDbtuu7Vq1dRHLuu61AqpWAjs6nlWFbbNIyx05PlcrGQkq83K87Z4mTx5ptvGqPjOHIdf7vb2IQ6LqW2WxQHo+Ht3c1hX56enliYNm3dtcPDhxdN1XiBjxDu+kEKSQiBAEolh3FQWgKEhBB937nUTaPEJpbUqq4rxjljQz8MYeifnC2/oxlojInCJPBDxkTfDRDhoRd3q3vXoW1bU0rn81lTl65LtVaYwNlsalsUQnCsMkEsLKQAEAzdR9KFURTFScg4G7ru5ua6bVqlxThy6nyURA7DCADouN52u42iKE3Toizee++9LE1c1wXAEELC0HMcBxijtC6ramSjMUYpNYwDpU6aZp7n3d7epWnmel55KIqiAAAQgvtx+PDZC2rZSRy/9eYbfGTPPvwwCL0sT4a+s2yCMZFKcSaOOMlhGJq6StI4iZIszYIgcBwHY1wURVlWXd+PnFnUJpSOgiujqevuDnsumEWwkKLtOmyRMIod12vbTjCRJWkchXVVG6A832+7xrLtKIqOZJxJnkdRtF6vX758eSwSsFpvGGMWoVVTj0xEYYi15uMohbq+uVltt9T3AEJN0xyZ7VIJZcwoGLVs17bXq00/MmxbwBiM4fnp2cNHDz3fGwW3iO14LoBgfzi4nquMpjZVRnLObq5v4iRZzE/xk598N00Tz3Ofv3h2dnZ6fnE2jGPXtWVdTqZ5ksa2TTAys9ksz7O+H9u2Pwoz3dxcPXr0YHkyo9SqqkJKkeeTIAiEkF3fKyWPQtO2bXmem0RRlqXf+MYHNzc3UurpdHZ2ekapwxgnBCnJtZT90Hdduzvsq6rEhFgWqZumrA5+GJ6cnIzjuNqspJJBGJ6dnXEumqa2bCvPs1meOdTu2gYjGIZHMUrjB36SxMQinLOmaQixhn5smuaNp295rqeFVlL27WC0trC9WC45l23dHIFFjA9RErmObwAUUnLGpJDG6E+9+w7X/FDs2rbGiER+CDU47A/nF+eHYkcIPj1bWhTXTTmMgzFaabXfH5q6tohNiD0MTEnlut5sPru6vvI9bzabnixnRovN+u7BxRm1raauOWNSCIfaURgpLTnjEJj13apruwcXD9IkLg6HoR+UVPv9oW27MIqzLIOIEEIQwm03sJEhhLVR4zg8fvzE9/3Lq8vJZFIc9rZtU2q7rpNnaZIkGCHGWVFXAxvCKHBcWtUNMNC26f5wGEeWppkBsKxKi9qn5yeIoJvbe8umxhjB+WSSY4ikEFmeSiWjKPJD36a2RTDGWGslhTTGYIxsy55Pppvdtq7rLMvatudcLJanl5dXddOGYYQQsakTxPFRuzIMfAwBxjjLMmLbRV1XTTP0Ix85AhAYzRm3bAwgrOoyjKKuHfpuiKOEOu7l5VXfD59+7zNRnCCEqeN5ntd3I+M8jlIDwPZ+VZUFH9jmsB+ljLNUGVPW1SROHUoPh31VVZjgJIonaeJ5fjcM1HE+WoqHoZSy73tl9NXVDYCQUqqUmuRZ27aH3f76+vKTb70lhFguT+Ikwyc/+rgfOgRBWRbGAN93t7vdOA5Ciul04roeACrwXdezjUFt01dVfdiXIxuCwH/0+MJ17bYrd/vNR7Egdtd1x4ohnDFCcJLEvh9opbqu2253Sqmzs/Msy5q6Xq1Wfd9HUeQ5tuNQAA1CSIgRQDid5p7nNX1NCAmjWCm12W0RQnEUA2COQC0lhWNbNkFcMM910jSyLBxFAUJASm6AYWJs2rptGiF023Z9NxBCHj18cnd39+rF67qqm6bLsgxCLLko9iWxLYRIFAUIQSE5xiQIA6X0Zrvp2obYOMtjLgUXI1cCGWi0tqAVx9HA+iDwTs9P5/Op7dhcjOv16sWL53GScMHHYeza/ognioLIsm0hhVDCdSgAxnVtx7W1Oi7waFEeMEaEWOM4tl2rtJzPZ4EbYgS1NBjBvh8EF2EQQoh8z4/CaDKZUtupyqqoai4VgqhteiVV23V1XUuplFJt1x0Oh0me+4GrpKrrqu/apmn2u93+sHcD17ZpmqaU0q7r264tDofLyytjQJKkjkNHNhhtPM+1LEsbvVictm3fdS0E0MY4zSLf98uqjOMIYayURgg5jgsAUFIdGdFG6SzL9ttd33VxmlRVrYGxLbrebqI4zmaTsm4GxjAhVVOdLBYIgrIqBON+FCKEiqpqu84idhzFbd10bbNcLF3PKQ+FBnochBDiuFhgjNV1TQjJ8/zy8pr/PplwtV63bReEIRsYAsZ33Wk+1cBojFzfP3LdgNKO4xyFaP3A9xzHgnDshp4xrVTkB3me9F33/MMP66pO01Rp4FDHtmwIwHI24+MoGRdsSKIojROtTVU1+L0/93mtle95aZpqrZIkHtiQpLHne2maUEqjOHAc1PfddnuQQgJDttstY+P5+RlEGkA1jj0XA7Uppa4QchzHNE8JQW3bllUpBEcQeq4TR0mSpACAk5NTx3H2u0PfD47jzmazvqttmxCCHMeRSgAIozhijDmeM5lMlDabzYZY1unpKUL4/v6esXE2mxKCMEZA665pqEWiMHAoDeMIANM0zaEsinIPEZhMJlCjru2V1FwIo8zrl6+KfdHUzYOLB5N8UpV1UZZVVVOb9l2vhFBGlFXBGDMAcCb7vodGWza+vr5kctBGWbYVh7GFceD6Tx4/2mzXURQwPt7eXbd9a9vE9d0kiaMoCsPItmzGuFLasmygQd00XPDFcgGhruvCtsl8Os3TWAlOLctznYcXF55L276TUnm+d7o86dsu9iObUNYPVVE5Fp1MFlLqru0ZF3XV78u67caRSaUhpY5NiG1Zu/1uHMe+78qyiJPIdZ0wCOu6OurOJnEUxzG1bddz00nOlfjw2Yc3d3dJmsVJIrgglmVZNsRQCs74KJVUWkJkXNctypoQ+9Gjh+MwXL56pY0khARh0DRN1/dVUwkhLcvmnPddr5QKPM8iBGOMCVHKDCPTWjPO67ohFpnMFgbA7W43MmYAaLsuikM+DgQjYltSyuPOh2VTKZTneIJxwZlFyMiGuq6llnGcRnFMiN33A+fC83ytzc3N7Xq9VUofBT+0NkJI1/W0UgiaLEsfPHjoBJ7SZpB8XxRd11FiudRJ4ijLcwiMkUr2w/NvPUvSzLbt2Auohfu65WwMg2CS5a7jcca7ph3aLo+TceihMq5tWQbMZ7O6bTnn+I/93I9ACAEExLI444jg3W6PCKmqar/f73ZbpZXnOp7n11W73++iKMryBCFjgKzqHSHIcehRt0MoM45caWCAPmpveJ7ruh6ltud6YRis19vnz58fqelSSdezqeMQYsaxD0PX9/04jhHEiKAwCLu+W8wW2MJ9N1CHLheLcRg2681Rcn0+m7Z1gwE4WZz4rssY2+22juMYrfth4JxjQohlBWG0mJ92HRsGDhHerNd1VUEATs/OEMaPHj8GEF5dX0spbds65nPCJPA8x6a2ZdkQQsel56cnF+dnaRojDAhGbdt6jndx/gBoc393dzjsz87O+r4ryoI6NrXs65vrsihPT07qpgIGIIQBPD4hgVZaak5dApBar+6A0dSymqZBAGGCm6YllDqety+KtumDKBRC3q/uD5t9W9WObT949BBBdL9ajWzURhsDpJIjGzzXOVkugsBXUhil4ijO8nx3OKRZlmbZbr+fTmfvvPMJLsTd3e396i6M/CdPn/pBUBz269322bMXjx8/idOUYDuIwvu71Xqzefr4jcePH61X61cvXhpj5rNFEIZcqGZgaTbZ7Q9a6NV6hTB54623mq59/uIFJFbXD1XVaG2o5bCRd3UnhTx/+IjY1nazcxy3bdurm+s0TaWSSZp5YdB1/c3trRAiz3PXdYQQ11e3/Tien54naX57e7vfHxCCfdNN8gmGcDmbBZ672d5LKZMsBlrnk2zsBwiA57sEIwzxbDp99Pgx5+JYhyFL4rPTU9uyHGp7rpvGIYKg64cPnz179vJV23cYk0me7w87wVkUBXESj2xMkujh2fkwsoFxz3GV1qvVqqqrKE5czy/KKgijuq7HkUMEz87P+cikkgYAADSltG5ahCH8yf/h544yQBDj1e3K8Z00zeu2ubu7S9P05ORk7LvDbndysnz27FnTNG+98ebZ+ck49l//+tfiJDo7OwMQNUX74W98WG8qy3KkEq5jW4RAaCCEcZwKLg5FmSTxyISbBwerdxz75GRRNxWl1mySDV0rWjZcdkMzOK7T9f16vT49PcEYEUIYG6u6nk6mQRDuDrvgPP7k5z/VNA3GuGs6Smjg+7vdjrUj2OuubHb7Qz6ZFFX16vLy7PwiCMLV/ZZxQTByHZsQGFwkycUEISSlHIbhKFD36NEDx6br9T01+OqLL7qutW0az5LkUzMLk9PT0yM0+VAWZVnatu15ftv0TdPYxHJt9/1f/pKjLQThyIfP/PTnHMc+0ljffPPNIAh+63d+d78trD0SjfB9z/Xoy1fPXepKqfM0Z5w3dUupo7V2XAcQOP3UmTcJ4jR99fpFFiflF28UE03T+GHI+AgQbLsuCIOj8M7Q90dC+uLR4tEPPHUcr5fq5m5TFKXWeuhZV1b2waR+qJTs2obzMc9zjFFd18caAOPIfD8Mkyh/ewly+3DYIQCSKA5db7fZHra7IIiqZ/tm30KC2cgIJgQTKYRlkyiKGONlXUAA26Y5ffP8U3/y08X+0BzKwPd3v3tvDMTUYkI4tmW0GocxCHxKaVGWCOO6aZI0q0z75g9/8jPvvffrX/hVCLDnJ4eqPJ3P6u2hf1E0u8qmVrE/zCZ527aB5wWBX1Zl07SOY1PqOA7FDokfJ5OLmQGoG1kcpxAhrQFrxs37t/v7re+6Ssm727ssT5VSXd8pqX0/sG06jKOUIsjDh597GEz9OI7uVvdt28ZRIoXAyFJKuX5wdXWV53nXdX3fv/fee9fX169ev/Y87+233wl89+XLl0bJi4sLzyZNuZnkWRwltm2T/a6wLccgPPTjdDEfx7HveyGE7/tHjsNqtXnr6RuYwIuLizgKMIYvXnzbwujxkwcYW0KI1196/eW//puiY+Bj2OQTp9OfesNxbEJJakdRHERBsP7q1W/+/P+jmPzulvfg1Xd/ffZdn1/+8W997t/7vO+ESql27C9fXa3ev7n8Bx+Kgf+h030A7v7Ibjz60bfe+nOfWZ4uuq4bOVNKIQTaoaqL4uv/8283d9WxWfoo/6FP/bjS4nA47Pf7u7u7Yz0kyeWm2dV1DRB0s/wb//DLr/7PrwMDAADEtf6Nv/AzWkspJYRGCDaOBNXgxc9/jdfjP9+T139U9yD64hs//d6Dn3iHUvree9/33/1Hf481f4TvH7JvAJA/nPyJ//QnQOgR28ryXGtw+/L59d/5kv5nY/vyX3yQd/7171/81JPLV68fX1w0Rf300ePbzvrH/8Xf5+3Hur/mXjz8wTeVBI7jPnr4+Ff/0j8e6+HjOO5+6fLkr0xci3y0W2PQy1/99vt/49cVVx+n2wAAbOHv+9nve+cnv28xm33jW8+Wy+W3f+Vbv/e//Joc5f+n3x/Yl6zf+pG/8GM/+Oc/7zh205iRM8EkhCIIAqVEEIY2pUoDTB1hALTsp2+9fX9//+L1q/l8Pp3NKKVS8te3K8iHcRxc15Wc4fkPP4iiME1ii2ApOHVoksQOtdk4jsPQNvVut10u5xbGRhsjZVUWw9BNsvz87Nwmdlf3v/Jf/SPR/eGR/S8ybxqd/MBT13Ut23IcGoZhu63+6V/+he+O4/+v1dclcQhz5WazcWy32dXf+Nu/q/jHjSMAoHy9D1I/f3M6jB0hJI6DLM+UVr/5V36pelV8p5mTuiefv1BKkSOklXHPdSFCWmvLpmEYhlH08he/8ewXvvodF0Ktz/7s58uqRBgywZkUSuh/+hd/kVUfa5x9ZAbsv7mKH8bJaQyA+dr//jsfMz5D2a++fR+9OwUAQACbdfnVv/p/6+8lttsP76UWn/j8O3mWru5XUMN/+J/9vY85uwAA/jw6/6FHAJi+7ahNv/kPvvYx7wurxs0Ht+/+qU+N/cDYeLhcvf8/fUFL/fF7brRZv7/+oZ/546dPztbbnaz4L//lX1Tie7h2o83lb706/9x5kIcI4jAIsyTL8hwAMAyD47hSqaZpEYSM849K6tl25AeB5wOjm6YRgudJksVh4LiORVnfk/l0dixGyDk/Zma1/OiyKKW+70/zrKmqRkutNUIIIzCbzMMw7tt+GNj6q3cff3Yd7VgugHMOkW6a5hv/6Pe+p9l1tOvfvMw/ewIhpp4r75j5Xu7E0S5/7Xn+A8vVZg0RzrIMQPPFv/arxbd2393mWOWEc04xNcZQSsMw7Bnb7/dSCItYX/mbv37zhRf/7IHNq8uXbV0VRfHoyWOEyNVvX45l/712DwCw/q2rpz/0RtfU35NX8XxHGHBTqqTZf+Vafy8j7GjV1zbzfz979fJlFAff/JWvfZw/z+8YBMBo7di0s8i+OABjPr7v7fs3qNWx72hArp83Rn0Pvkcz2vzG3/1Ci/vHjx/+6l/7Za2+51FhtPnqL37lx/7DH7dtm40jhsSyLIIwY2w6TQ6HQ9M0QRAwKeI4DoKgbduh6yGEYeAppaqqVmycJNEsz9qmbauSxGHw6vJys1pxzj/96U+vNuurq0sIoe/7URwlSUIIEUN/dfkqSZI33niDIGuz2WzXO8YGxkS9rr7TuR/8T/6VdJ4xKcui2O93T54+PT056bqOC6EN8Dzv5naFCcYYAwCFAlqDvh/bXXt0Rxj9xH/9Z1frDefjG2+/OYyd67onp8umLNbrtUNdBNHv/M0v3H3pGgAwFv1bb70FAOr7cSg+Gr4Qw3/z5/9dqcXQj/tDud8XeTZJkwQTkOdpW1dlcXj+Cx/c/u4VAGA4dEmS9OMgleacf+X/+OLLf/LNPxRuhNBsNhvHsT7URVEcKypNJhOt9W6z++LP/9r2/T+8BNXaWBgtFgvOuWO7BoJ6XX7n1x/7z//M6aPTpiy0VNN8cn19FcURtSkfh+JQfelv/VZxdfhO4+HQDWN3sjz7k//NTw/9kOe51ur+fqWUOtZifffddw+Hg+c5xpgv/1+/8/7f+t2jY7nad7AXXLab4vcjg/7V//7PC8XX61WaRlmetnUjpbRth0kRTSZFWb7/N36jfH8DABjL4cWzDx8+fjQ8B0NwAAAgAElEQVQq0e7+YHr/W//jv9P2lQSg05xJadv2dJJDANerdd/3aRSXZfnW229ih7BhjKIIY/yz/+t/YBGrrSplBIZm7Fol+IPzszAMLm+upTJn5xdf+eWv/dJ/+0+Op+j2zfwTc4QJ5h/NDUTQv/3Xf84AwPngut5sMSsOVd215+cXBoLL19f90P7LP/Ijf/FH/9JQDACAclV0XXdiWdXvhx1i+Cf+yz9ltFwulq5rd11XlvWTJ29ARHa7LTCIEAQh/Pv/8f/W7VsAQHlfKC4119Whkr5mTACglZBhGCqlyqqxLIsr6bou5/w4SJRSxzQ3G8aBoOv7FaG2jTDxfdI0TeB5URBYlGKMoyCklg0QPBbjE0IEvpsncZ7ns9kMAHBMMti2vd/vh5513R88mxcPT8Is2u/3E2+GXIIcsi63fd87jiOU7uphUMxClhACIWDbjmUjIdj86YkoBkKI1LpXQzxLEULItbJker+6zXTGoYimse8G2+0W2fg7p5NSx3FYN4M18U4/+1BIKY10Mv/m+rLruzBP0klCqXt3d5fnKXFJSEJC4Y1PP/KHkA9jkqR5nt985erbf/crfzCvLHx88DPGN5sNAKAsy91uRyntug5gbJj+0l/9td3zNfjnDCEYuB5C6Ac/98fKsm7bvqnb7/w6eTSzU4f3ZnPYTC7m4TJJsoTzsX5dffnv/PZ3zy4AACFESfPixQuESLpI58v53c2t7WAA8OnF3JgZJMpyoALMAEMj+zuO89nEO4s5l+gdiRnUWiOMstPsgw++Ec8iN3ChDT/12Xcty/ra176+ud1yFwsk/cQ/DkkI4Dtvv+1F4b4uMf6DgJMAnS3PFTDP7q8X2ZxaNhsGaMzy/P/l7M1jJcvO+7Cz3n2/tb+qt/R7vcyQMxzNkBQlUSK10JSsJTHsBEEEG8iuIMgGGIEBJcgfMQLEsbM48hInsIMkSAwHEhI5EmxFKykuIw2HMz3TnF7f67fUXnX3e8/dT/6o7tdtRpGG+v56qFfnnFvn3PPt3/cbBEGwXCxkRd4/2g/DMI0TRDAmhOhiXVfHr9366P4HgLfO0ImjMK4TUPOWclGTGqFVHPV6iaIqsjzt9QY7lE0AAITQGVpZmsKiPbxxkGRpiWtBE1lbcgRlRyUFunv/bsufCWpN127fvp1kmSSK1zOYfUuTJdM0kziee6tebyBYMktY0jBFUGoKi4xx+Exg7jQ1SqmiKI7jQAjDJNzVjhiGscNPY4ztsG8URTFNkxBSlbmu6/1uR9O0jbe+nC9sw7RMnYiUjEaHkiQpivK1r31N1lTHcVRVTZJkvV43NZQkG8AWU8Q5v7y83G78g4ODbm9QNzxJ0rB9oVMhDDBFVBSqjAmC4Pv+ZrOxbavf73tBOJ1ONc3CGO8assuqUlUVY+y1n35Lu2NURSmKKoRQN0xN0/Iq30kPzvkO+q0oCgghJuT6eqxWqzAMOSBHX7jz2s++FaeJ72+3vocpQQh1Oh3bMJ88Oi3zIo2z+XQx2etb/cG3r5UWzufzhaCoIIZf+xv/lLfPPh//8A0eN9P3zgEAdV0vp0tZlnc4GLZtI4QuPzr7yn/5G8niBWu3Dxy9q1+8c747zsjbFkUlU0FAGFQNr18oaXVRszT3/VCU1bwsqqYOwvDJuw++8z99u4y/W9PGmEiSGoZxr6eriiBLxNCkrn2jzPOh62KMz86eqJIkSGIDeNd1rwc2TUUJAC0++JHjoy/eapqGpdnVxSWGqNftDga9zXJ1fnquaVrP6d2+8+r7j+4Hm5A/DyZggt/6/s/+2q/9Wn88UhT5etosKyRZillmmqbjOnVV+dsNArA7HquKnMVxXdeLxZwxpihyXpZbz4OU5DkrqtILA1mgpm24/V7dlA3GTr+LMPXiMGUveHTRVA1Eoqzwl3RLUVbqum0hYkV5fn4pq5qu67PZDAvUNE3P3xiyQqlQgBIAUJbl1ls3NRdF4fqC6bpeVRUrC1lRJpPJ2cVlDXnoR3GSTfYmikAZY9frCaJIRCFOGaJEVOQdyg9CaLvdapqmKEpd15qslHkxGo08z/Mr3zAMyzRc162K/PTpGUDQj6I4SYu6Sw4PDzVN88PA9/3BYJDneRRFTdPs+uBCCDlvNMO9d+/Dumodx6mrNk3TtoWj0V6aplPhhWsnzTK5UhVF2W49Q7e43mRZJggCpZQKRNM0yzIQIhBCxgpMUVEUURzujyc3bpw8vP8AIZQx1rTBrngWY3hweJBl6brmrEpbkQ/6w6fqo+td0zQtTjJZk0REq6ZO03TXvPb4+DhL0n6nT7HwXhjuj8esKNI01VXDda26uo7aNzdv3g7T5OqrZ73PHgAEJVEChA+/ePTh3/367juUkF3va2UHqh1FyTz6nb/669dKKQBg8gNHN/75G5e/fnbN/wii3VFvtVhPJgeaWmnKCw6NAdQVlXN+cHCQZcl8tYzve4/+0d22eqYRCaqIBbybP0mSq+nyU5963dsukiTCgOcsG3TcZZZeXZ4zxlRVHvS7oixFcYzRi5tZFAxCiAko8lIUZcuyZFFq26bX684XU8c0ut3u1dWsqipRkDebTVWWd27dfv9318+4QNN86/27bq979/0Pq5dMuDhLnL6jO9ZmcWlxe8d3vNVaQHhvOHr99dcvzp6uF0ss0BsnxxeXV08vL4q2FgRh63u6pgCM/TixTK0BMA1jLFC3q1ZRC9ELIVnWzfjgYO0FKXtm+HHAvSAMw7Ao8tVq1e33MSYNb/f2J5vN5vzywtBVzgGh5PlvL87Oznrdgec9U4855/fu3RsOh4PBAIB2uVkPRkPbcRAWdas+uXVLFMXFfHYtM3fcPAxDURQRInEc74ATdu3+NUW9Bp5O01TXddd1y7I8PT2dTqeKJC4Wi4a34/EYtBxjQpIk2Ww2i8WCUmo5tmVZFxcX0+0l5xxCaDr25eVlmsavvvbJNMkFWRKk/PT09PDgWFYUWVFEWbrenT/4W79DJaGua95yRVHbttnVwF3IHwIIqqqeC2LNG/O4+8pPvdmitigKWZYfPXpkaMrJycnVo+nlr94nhD6q39shg3yDYsA5hLBpmqZuKKX+6fbZm0pxnufD4XC+WgMEPd83HXPxdPHol999jxBVURFCdVm3bTuFj5qmBRBc/er9tm3Wj57pdYIkCoIAUnD4o6+8orwVxFGappJARJHuwFMAAJyDXVPxjuuGYXj2zuNv/tLvldcBCQg+/Rd/6PW/8GaZhYH+7O1EEO3v7zNWjEZjQRD2J4fv4nevt+hqeiEY4s3bJ3Ecrzbry99+svzdc/Cceao97cd+8We/9rd+a3fBOIeYKHc/vN/v6LZl5ix3ne5iscAIlVV169atp0+fRlEi1ZXneUHwwhjebrcH9FjXlcePTkUqubbz8On9e//rO2VZUkLW+kVR7Jh9ocgqhzAIwyeC4D18rvEi+M5773/px38UIuFrb//2i/P9m7/3viypuhaG4fsYiaJYVxVG6DS/ixHGmEii2CLeeWXAOfCj8M6dO4PhXtu2l7NLRTeD7erLX/7yV7/yu7PZ1Q/94A9++733AKasqIIovl6CiPI2CPOizZ/zQd7wd3/9bs6yg4MJY8y//yhjmSRJHD47movlE8s08yS/5g6WZV1enYsivb5gWiAtZtPwO54oikmWqrrutVtV0SGE7z15Jwojb7u5PlaWs5ZzTMlitYxixkEzm804bzTNqOu6rsodFE6apv1+3/O8LEkFQciSdH88SZLIMsxbd16Jw2h+NZUQITv0Xtu2y7IsimLX63MymeyqvwBGCCFMSd20uy55YRJjgWYshSHSdaNuX3C44OyFuhiA9fXf3+UF29ybevfmP/CXf1JVVZbDOAy0/sB13at7l9M/fAo+HhFNWCzXkApZznaIcpIk8bwO720AANuPMYPqanme7Uqw8rLoD4fDYT+JgjiOIXymLEEIMcac8yRJ3v+n777zP3zt2u0rqOKn/60f1m5anufpiojwMw7KAWg44AAVZe129OVy9bIjDRPa8BYhggm6+r8eLL9+fv2v8RuHX/wrfzYps7p5tkTdtKpmtbzEBGu6WQoSoJRVNW/axWw2X6373Z6s6Yv1IklTROn1VP3+gDGm62a/318tNk3Tbmbry2/+M3HFP4aoKdq9zsXVzDFMTX0hfpOLMAHhFvwRlufLNH33/OLt08/9lS8pmt40TZZljtMxDKPMsvff/wBjur9/eHZ6rihaWdRPn15l8QsbNQzjy+lyNl0K7rN1ecvf+btfBwB8CN77o9f7LuLcsizDMIJ3n0uwhn/1v/7tP37QyySKIofAsqwdapyuW3VZMMY456DlcRyHYahoar/f//znP3/v3r0/+ObbEMK6Koqi2Olr8+miLEuWZpgD5HlB2wIqSnlZaZqRZbnvh54XrLf+xgvCIC7LMoqS1car22brexljnW4XUVQ3ZRD4OftewjvPyX+y/M4//lbbtqIo7oIBqq5JkvQnj3xO4bnnPVjXLectSNMsy7Ikiggif/LI57R6uFi8dznaGwyGHVWVdVUWKZRkenA4bvkL9y5CGGPy7f/zD9/+O1+5vl3W2P7Zv/4vFHYZhf5oNJotF8lzZw/n7dqLkrxIi+LJ+fm7dz/Iq+p6NixiKpInDx79xn/8K5dff+Hf3/uho9f/nR+UDC0MU/DcFkIQUklsW5DldcbKIEqXay9IcirriuVyKiFR8RIWZzUgclG9eOaiKBljgCNdN6umPr+4Yvn3cEzpRZg9DJqmIQhf85rvifzH66e/8cD3wkePnty//3C72oZeOBmNWZojAB3LnV3OIEdxmAx7Q1XWrgeKRIyDGCIy/vyxZCl/iqUxxnVdjwaDwx86kC35Tx7w/yEEkb/1BEHQdb3MizxjbVXfPrn52muvaZomCMJkMjFN8/Ly8rd+67eiKJIk6fj4eDAYrFar7WrteV5Rli0EVJE4RmQ6nQIAOARBEIzHY0LIDrsIY9zpdEzTxJTcvftenueGpu08DYN+P47jui6323X10tsj9zVMCOecc76D19r5oJqmrpuG8xYhnC6iXfQweLhCPwtFUUIILFfzpq3iNJMddSeOIARN0xKCEUK7OqXd3gEAknW006nixx78caTqmihLdV2JlAJdVbv6TrndgVnxtoUItS1HELa8bZsGQliE+W6Gx9942Pm+vbwoZFnM88wPMozhsN+7dnjssrM/+tX3P/zlF2oeFsnh50+8j9Y8rvw0+Nq938lytjpd7f7bVO37//hdjLE+sECXrn0Pty9dV4rDqf/uX/vdwn/+xkPw2X/lC+ZnBlfTmazoOStfyE+E8jxr2xohMWG5F0YQwjRjml5XLcirquDtxaNHk8lE1tQL8EIYlmWtKJrnBRiTk+Nbvu+v2Vzvm23btm3DOUcQIoTqpuYcUEKbptklTKabeLczD37zrnGsw6rZ4bPsSB/bLeB1UxOEJEkEHFR1jXZocRBWVcVbni4jXnMAQPBg8+mf/2JRFKwol8vl5fmFrb4iCWJbQ4qw4ziw5QTj4WgcPnihcBCMe8O+bjrT2eLzv/hT7/zS7wbnH0cdeUEY4/Pzc0PTnL7z5f/0J7/2S7+/frL+k4e9RFVdRWHoWG7HcZu8TtMUU1yW5cXFxYMHD8qqeeONN2zXQQh99NFHJycnZVnuzLbtdns4GQ+tvaXvc84xgIahkCCMZEXFGNdVs1itMcaTg8PdfimKAjHKspQQAbQt5EggIoRcEYWS4YIVIsHKSzbYZ/69L3VGvTRlm+WKCliSREFEGENCcAN4WZZ5Xtz9O9+MTj0AAGyBruuccwDa6WI+n88bjj/xH/xwXTX9fn//aP/q6qIomKrJaRz7vu847uHBjbZq/+Ev/D22SQEAbdkyxhDCFBNFlqoir2X+c//Nv9TpuGma+lFkmmZT88ePTy23AwAQKA68beCtH/2997N1CgAo42KxWCBMFEVp2lpRFFkUoii6zs3lnBcsf/r7j18+gKao3/uHf/j/dzxt1Xz4v70DAOi/uf/WL3wBU2H25MXwzd357//v79b5M65EJPrD/+FPWne6jBXHRydZwjDG7XMVEfCWZUGv19uuV3lGsjzvdDpNzauGp6xIs0z0g+Vme3Rys2kaXdevV0GY+kGyWpwaunX79iuO02mOmy/85z9jGcZieUUp7fe7cRKmado2ALawYPVkvK+bxv/yr/338TwEADRpoUricj7d9cPa0Y/+Z/9cVKZXV1eOpt2+efIcno8ghCBAG9+LouSDX/r95NQHAFRZaRt2URQgCg1NT5Lo4cOH/Z476HWSKO51unlZUEl++vQ0SV7YYDlj/V4HQVIkgWiKf/Ef/JvTB+erqwUhpCoYQkg1dIFKZV1ijAVRTtM0jmJVVb76X/xmEeUAAFEUTdMghPR6PYzxz/1Xf27+aLGab6goOk6nLOuL6YUgEFmRHNv1PC9Jso7jAs6/8Td+u0pKAACC0NL1pirMXse6dTKdTlvON5tN2bS2bVd1GwSBJEkHk31JEDHGH6XpLha1t7c3HA5ZXR/ZdpQmVV5opkF2Lsgd4O9isdjpbDszTpKkoiqDILAMsyzrKEwkKiAE6qbUNaVpS13Vtvr8endUVRcEqaqa8XhcN2XT1HWTc851Q1F0rSzLOErxtbeL87ZtOW8AAHt7e6vVKslKCOEOl6yua4RQ24LtxmdZIoqSqui+74de2D4XLxDCMIkFTBGApqE3ZcWbZjqdAsAppXEcV1Vl6JakyFXbRmEy7HfH+wcIoWujCBN8cHCoakYY+r7vq6qqaarvh/ylJURR/FNpSaAsC0PTCSFP2ItMiA//wdvXf0u28sP/0Zftg97Tp08LVh4cHaZpKgrCrnEdAABhSGirKkIAeV0WTVUB2BJCTNugIqmqarVambYRxkGeMSq8sMFyVjR+qMiaYVhXVzNRFC3LWW/mqqpOJhNCEMJgucqOj491zVwv1lGQpnFEMeLPUx+6rot5K8uirL7QsrbrtWTIfdcd93t1VV1eXBwcHnLON57XthxiZNn2tS+uLIqzs7PNZjubzahEbt469tersiwppR+8/57rupZjN02zXq9fNg00XV3OZ21VZ5GPNA22ud4RvRRIEhaA+sorr4ZJLAqyIIl1w2fLRVTl9s1ez3WoRHcXDCF0eHjYNE2SJISQq9m0FKrBJ0aqqpuW03AoTdQ8z0SKdc2MYExEOrw9khXxHemruwsmCeKwP/DW29gLHKeDOGB5btu26bhlWS6X67KqfN8Pw1BRlJ3v2nXdnKW6rquS6C+XJctZWbVlgWyLOE5HVfXVdiPLsiiiOI79IGrbluUloSJG1NAtUZSasvI2m67rAM4Dzx8NB02rlHnFX8pG4U2TxRkE0HYslqcQthCpec6qqvJ9P47jo8Nj+twWb9sWQo4QzrKs7zqSJC1WnizLdCDmeb5er+u61jStqiihSJZlRVHyPOecQ/TsfW+ahhBq6EYaxrIgCqrSRc5iMWNZJto2QvDy8lKSPdPqPD6d1hy0LbAMjXN8fcHaFsiS3rYgCJI4TOqqSoK4aRry3GNBCbFtG8KXXOAfnzhgCWvqkr4Uq70m/cB67d/4nDm2dVWzTWeRLDarbVEwzdCvfZgEY9tSmyq7cbDfVvV664O6YmmCYE/V5CzjuqESgkPfd207yJOX53fdrmU5pmFfXl4GYdjrdQ4Pbszml4oqZHklCKQoirIsMpYoirRebiqW91yHPnd2S4KwWcyHk/2tuLqeUxSwaxrA0B3TopReXc4QIkmaMZYDiCHBmqGBF3sF87xoqlZV1TRPAACdbleWKAAtQJyKpCzzom729vbS6sWTI4w9f+Oo2tF40DRNvN3kWeYYWrffy6tSlqW8KgkmdV0XZV0UVcYK04JJkjXPxX5ZlnVdz6aXLEm/763P5GURhpFmmqqqB0EQRAmhaNjvsjSTJanX7SpSpsgyfYmJIoRUWUwoKfLc22y9zbaG3LLtPM3u3f9osViNx2NN03Ye8jAMbctq6np6cXlyckI01Tat1dazNSNPYthyomgGFWWWlwDCnedXUSVMKcIAIJRnadO2rjsEoPU2aw5BWRRRFDiOXRZ1nCTpSzo6y1hWlZqm3b17t+X1ZDw8vHFACCxKxhhDCCVhdG3BY4xc180z9of/8+/9ztvnCCGAwE/+tX/54ODganq5Xq9VVc7zzDA1QlGe53VTmqZpqAYlZCcRMEKDbtcyzd/6P7759h+cQwgRQX/uv/t5AHgQBAAAx3EQwaIo5kU26I8Qgp7ndRybPI9W76KHV1czxtLJZA8hFEa+pqiS/CwJgFCq6eqP/eJPhUHoum4QhnEcm5YpySIlqKqqIAg7HffGjZNf+av/6PSrDwEASMA/8p/8dLfbn69nZZlLsuC69nf574af3f/xv/zTZVVFUdQ2gFJqGBokiLE2z9i1EAAAGJpUsCJjrS7rhiaXZcnrEjdtlrPFbDoej8M4bqrq1Vdf/f3vvHCU7cKYT5+ern7vYvq1J03TfIOgL/31P79czJ2OLUvCeDzmnG+33mLxnX5v2O93KaISJdfh3TzP79y6vY1D8JK/59U7dwiF6+XKWy0/+clPjgd9AeIsTTVZERU1Ywzx9sX1QrCqSiqS/c5ksDeYXp4RUWjqGgDw1ltvDYfDd779LhWJ0zHvfji9XuLq8uK1gzuTQX/U7603y/V6rYjYHHRst3N+cbGYTxVVlxVxvfEgIqPRCGEqyFLT1NcXjBIiUkGikrlnZjmzLKtsGs65QKW69sMw7HSdHaq9aZrj0V6WZYoosji6Tpts6xpxMBz0ICJZlrWgcbudoq6qqjEMqyzanJXT6bwoCoRQGASj0UCTJYSALAlpkqxmszRh+kDIyzJPYrINo4Gs9Id7nr95fHaqaQoRqaxKmi5XTZkzmrMyYgmrC0lTk7wocpam8f0Hjw8PD/0gDl9SoB/++nuKqe3MO0Lww2+tH6K7kiQiBJumwQTnLA8un9msVCDTy4s0jmELyl2mOQRf/x//n49sSxCFqioIwWVVtm3b7rTJ9hkIw3X5A0RAk4Wmyqs8f5ZNC8HX//7vFVXBObcdB0EYhiEVRLHhwaPHLE3LslzLSh4+YwqIoMDbjkfDJItns5miSoZhmJZ1zTUg4Joi9CYuVlCW5/a4gyMxCIL+0cixjLMnj62OKigoyjwioOd3khy+fvTee++9+eabCIC7771bty/8QAAALOCmab7yN3+jqZuyLKkgYISqsm7bFiJUlmX06Fm0Q5Cov9lKksQRZBUDsOZ1/tM//qNBEPhVdTwYc44jL8CEvP/Bh9lLiqhp6JRAw1QTUcz9Zztz/5ffUxT5ovYC3//I+EBVlc1mAyGouuX9+J4iK3VVJttnwqSoS0lVOqJ4xp9eT/vbf/PXiIiTOJZl+ek/ecwBTNK0rhtMKMSIA5AkcbZ8FpShIukMHN8LE5Z4m1XP7YiErFeLxWw+GPU/evgAYqDrqiwR8yUt9GA00GUpi8Jvvn26fRIEYZCkiW3ZoiSVdZUkKaGUA8SKnANU1U3GmKppHPCGPbtgCCPMQafTefqtiz/41rc4ABRThHFRVHlR8qZdwqeKKiGEHrLv1GWla5qmKLxpqrR6fuhtxTLDsYM4ggI8uHlQNQ3Lq6vZggMiyVqW5a7uuoe2JJI0iWxDl0S8N+onkS8IwuFoKHB0uL9//+xxVjIy3BtRivOS7U1GjKVB6MuaaDn6ar3wPA8AnmXs+Mbtsq5CPyjSylAVx3V52z69vIrSDJgvPOPzb/zxBTv/DIl9RZblrutu9p47eThYfePp6o8d9TIJHbFgKRZo52Z/9pWz3QzXCbsz8EeHfV72Se19Yt92zF3TEffV2xCCjOWWZSryMwdx0zZt28qyPNyTvSB6/PjJ3mTcH4wG/W5dMgghB6AuqzxLrw0nznnT1HuTPUHAZVHImqweiy8/QFM2q29Nwceg/p3hpz7xqbW/Xq19WZYFLBMADU1HLQ+8cDlfGE5HojISSF23Zf3CG5HnRVVVGEP7hv3sIw4e/9qH11+Yv7TKOfiuagAAALj5mdtZUXrbwDpwrj/8zq/f+ziPvSN1YrIiIwJWVDONQgxaZzCsbTtN4yiKKt5gjM8vng77A9C+eHJFlCfjcVNW59+++s2//5WPv9w16WO91+tDik/fPb/3Kx/8KWZwDyzP27SIJ3lWtk0DuK6blEDbNilRwyCLYxb6QRwGZcVMXUaQ50U67HcNw7g8vzp9/Pgzr72Rs7RgGcctIrgpirhpmGNrg35HFgXe1IG/Xc4XAqF3bt157ROf1DSt2+2aps55I8vywcHBaDRACLiu+8kfeWP81tH3+htEQ9774kmUpHUL9n/wljqxvucZbOnTf+EHhsMhAGDv0wfGofMnDvku0vrG7Z94RaK0LIsoCgHgALSev931fN59h7H84ePToqgAR0VR3jg6sUynqprzp5f3P3q03YaO0/nc5z6nqSoCL3lCWu7azi7TcjgcfvILbxx8/vh7/oGW3PvceLFYLRfbJC0yVkVJvlhtruaLMMkFWTFdd7FZF1XNiiovCll6IQdEUSSE2KY1+syhe6v3vS5tjqxP//nvl2Q9yopbP/T6yefvfK8zEI26PzhK44QS1O+4h0dHSZ5dLeZBFCZZCjBSVZVDMBqNKKXtS2Upqqo+vbx6/8GDdkwn3z/5XtfVhvqNH7mxWq+Xy6V5bO597zN0D9xXvnwrz/OqapqqZWmOOCAQYMh1VbZNVaSQII5Am0TB3rDfcW3OW4owQXg+u9puVt1uNy7YdL3O29pwbDz80YPNZsVYClH74P4DKiDXdTjngKPhYKTrxnYb+J4PIKjKyvf9nDEqYAjgDs9mOBx+8ic+nSZpMNt+nMI+SJB50/3sv/sT1JSzLM/zqm7r4Wf2UQOydfxxCsOIREdv7t/5+TcOTg6Xy+n2QiUAACAASURBVOXW80zLFI/UtmjKoPg45X1YIt1P9j/xl95Sba1pGohRUTJKieM4AIK6ai6/frqLBAi6+PrPvCWI0mw2T1Jm2s526yVJpqgKpUKWpaIoTvbGLIq/85V73rkPAMAU939gL4rjLEuTJNolx/TeGBJC43l47aD/YwgJuPf6+LO/8IW0yRbzJaGiYVqSohGMPD8sq/rp+XmUphyRlOW6aUiyXDd1topm33i6m6H/mXEj8eFwhBDsf2bCizZeRh9nZ4hM9z598Jl/+/NBFuVlHcZx3TTOa33e8Gwdf5zSYCySg+8//sy//wWqEd62vK6JQG6cHF9cnUPOBZm2gHd7Hc3QGcuiIFIUudwUD37nwW74/ucOKrGpIeiPhq/9mU+lYRLPo7r4OE9OOp/qv/Wvf3awP8jL4mo2TXN28P2HGJBwGnyc90pQhDtfvP2v/rd/iUoUIWw5dl4UaZI6pi1SXBUFaDgmOIlTBOGg35NE+uabr7dtXZcMIVCWeRiGBJNur1vVzdr387oyHQv+2b/9L65WK9d1FUWezeb7+/uSJMVxCgGWZbWqqoRlcRwbhgYhDEM/zzJZli3DFASy3foHBwcA4jAMl5utruuT8f50Ol2uFuPxCAAAEO/3+4yxx48fR1F0+/YrLeBhGCZxRqmAECrLum2rw6ORbiioRWEYlhmTRLnb7brd3unpacqYrCpV1VxcXNR17ZoGQmgymVxdXcmyPJ/P9w8Pj4+P3377bQghEWiv1zNN8969e6vVajwel2U5m80sy9rf30cIxUlIEAYAtFUtSZLruo8fPxJ33cgAd12XMbZcLkfDSZaky/ncNPXbt28HQfTo0SNEBCpKfhAghF3HphhtVguM+J2T44FpEAzLiteQe2F6PruCGAyHQwj5xcVFmrNuv3d044QV1UcPHhR5tT88vLq4LMrcNPVu153s7zVN8+jhE1O3OOdFUbVtLQti3ZR1Xdpu9527dyVJGfQ6BMFBr392dkYEajluXpb9/pAIeDa9XC/mokA7linLcl7Wy+XyzquvtG278dadTidOWZpmacooETGECAFVkSBs26bSDWux9MIkLlPmuNbA7bRtG6VJlmVV0xR5FUThaNi3DMMwtXF/SGT6f//GPyGS6LrdpuGr5RohIstyniWiKBAMh71uzlhbN7Zht3UjqHLe1h989J0b+weGqlxdXZmWrqrqxvMMTRMIblhVJJmmqrpmFk3VcA4QLOqiKIoyzzqdDoTg9PQUIzAZH2CM67bJMmZbblmWT56cEVGQNXWyv+etNixJb90+gRA+vTzHGDdN27ZtFqYIIdPtFHXjRSEh5NXjm5dPzznio/EQYxjHcdvUBAHHsg1VyzPWNo1uGLPZbLVaHd04KEtWlmVVtYKoRmHcADgejssyb9ua5dkOGL5tGts2EcAPHj4eHx5dzWYJS13Xxnd+7o08ZwcH+7quTyZjRVE8L0jiDELs+0EcZV23CxAAgIsitSxLVZS2bdumIoTYtiOKoh+EnPOyKKMkJpikWWJZxng8jtNolyayc2rduHEjL0tV0duGV1WNEElixsrS7boY8aJgOcuiMM6SVJEVx+kIghT4McJ012J+s9lomjLo9QEAhJA0TTnnbdvajlPX9fn5uWEYpmWKolhV1WKx2AXKAQCKogiCJAgiABAC3FR1GESSKN28ecv3g3feebdq6k6n09RNxliapmmaJQm7/+ABxsixnSAIIcaD4V7D2+OTm6PRnmVZcRw3TT0Y9PdGo8neqIjjV+/ckSV163vb0M9S5rrOjeMblmXWda3KSrfXQ4SEcQgA6jidOGR1VQuCoBuaYegIwzAMPG/r2E4cJ4aht20bR1Gv2zdM4/JqVtdtmjGBUEmRdVOfLeZxkmZ5btpOVZeEEEWWNFka9LuGqgS+NxkfsLyI4mi1WsVJTCnNi2o2m3nbUJZlSkgcR5qqDAZDBCHnnLF8tVgB0PY6nYLlRckMXYuT1DRMWZV1Tb1z5w6CsCnLIs9YkaV5npcVAMixXUlSfN/ndTPZH7umVZVMJLhIM5GSUa/fVlVV1lSVN56nSCKHgLFEUZ510r15clIWZZ6xtuG9bt/p9Iq6bgEghC4Xi5zlkigpilpVZVEUVscdjfcePXmMCXW6nThNwzhCFGu6VpelKBBet5qu2La98b2UpYdHh5TQzXLVlvVkPDYtO2Vp3XJN00DdCJQeHR9JsnJ2dpZkiWWZnIP5fJakKYZol0xTtw1EqNtxfW+jyCLnQKBEECUEoCAQztvHTx4xxmzb6vW6cRyHYUAFkeVF1bY1bwkhgkDxwY+9wrJUU9WmbqIwWq/WaZKLgowgCf048KMwinRTS5KwYIwSQhCsnncjoJRQSgLfb3hT5EWRM8tx2rZN08Q0dVVRNVWzLQtwvlqvZ7OZLCllWdVVAzhqGt62QJVV2zJ1Qy7LnGJBVTXYoqKok5jNF8skSeM44QDUddU0zXA4GPT6VVVxznkLIURRGC9X6zhOVFUbjyfL1frqarpYLNuW27ZTVXWeFycnNyeTA001iqzIUtbWbcHKtgGiKL//3vtJku6PD9xOD0FCsCAIkm25AIC2bfcnY8M0oyR0nc7+/kFRFvPFkpVFWVXr1aqpK01Vi5wVLBMRxAg+OXt6dnm+3fp5kZuWpchyVZZplimKJEryZrXxNluRSpTQi6fTTqfTH3RVVarqYr1ehaEvisJ6tfK8jWVasixhDDVN9X3/7Om5KMt1WUmShDBUFDnNmWZolm2laTqfzxGApqYIBHVMUyDg4vycFbUky1fTqzAMTcuglBJEMEJhEJVFoaoqxohgpGlamiar1UqUJVmRdE1xHINlyXw+q+uqBc1g0BdFKc9zSRKm04siT5umrKpSEGUEEYGk47i6qntrr62qWycnBEDe1oNOBza1SMj+eGLren840CwjZikCsK1qglB/0BdEsaoqfxtwDlzb5RxuPH+6WG7D0HZcQ1UlUTg6PDJNI4yiLGVUlLr93mw+v5rPqCjIigwRUDVVkkVJFCxd365WZVF0XIcDvvU9iKCu62mSNmV1MBmPx3tZzqI0prJICK7yyttsVuuV5/tlWQiUsCy7vLzkDceIOJaTZcwLAkQoRLht2yDYOo7dNBwAKEnSrjF9UZUt54RSIhDbsYs8v5rOEMau21lttrbrmJouEIxf+dk3VVV3O44sSxDCPC8BgGVZRVEiipJpWmWZ9bqdvGBt01BKKSGCINi2PRgMkiTp9Xp5XqRJEsUJxrjb78dxWFVVGAbL+Xy5WuVZhgnBCKdZlkSZoioUi1fTqyhI7rxyZzyanJ6dZixZLZeyoOzt7auSXlU1Y3kUpYzlYRQTSmRFEgTiuJYsipvN+uLiknOg67okSZiS8Xjc7Xbn83lZlbtEyrZtbdveBdoFYdfkNF8ulr4faKpiWVaeF/P5fD5fvP76p958862qrJardZaxKE6qqv7Sl37C97dpkna6jm3bQeifPX269X1NU/0gDMMgSVNdlSxLRwA4pn7rxvHl5cW33n+vbhrVMGRZdlx3Bya4Wi6zLKWEAM41XadUuDy/SpNMFIUsS31/27Y1xtC09Ju3TqZXVwIVDEO3bPPo4IDzdjqd2Y5tmFan4x4dHSmqIshiHMeCKBJCWJZmadKxbdA09z/4IPQ3uqa2vH1y9vT1T31f0zaKouxPJltvu1gu0ySVZXk6nbmuu7c32nW3LssiTkLOoeNY3nYrCPTWzeO2bcqyGI6GiqLIslzXle2YLGO2rRNMkjipGy4JEm9a0HIMsL/dFHnR73byPKcI7o2Gge9dXV6WRc5ShgXy4YMHvudJVGBZtl2vsyzzfT+Oom6nFwaB54eb9bpsOCCoalrV0NabFedAt42N5z29eIoEIslSXpaeH+zvT2zbzvN8bzjq93qb9SaLoldu3mqrWpEkznnKsr39Sa/Xe/LkycMHDx3Teu0Tn0AIPXz8uKgr07GKokSAQwgwJYoiIYS87abIWK/T7dpOv9cbDUee513OZojgtChm8zmCsNPpMsaqupEkOUrjNMkAgoqsuK4b+CFjrN/rD4cDQRDmq4Uiy+PRiAAQhz7+xM98OvT9uiotw8xZNhoOXNt5evZku9mOhgNVkYsqH476u0Z/giAosqSqasdxAt8nGPd7vSTNGGOSrHQ6HYEI37n3Ycd1T45vYIgYy/rdnq5rLMsopePhuNvr3X33/aZpPvHqa5IkUUzbts0LZtsd07AIFigW8rz0vShjuaKoqq42bSPL4mDQ9wNvdnnpOLbn+YZuVlVVluV4MjFN8+Li4vz8HECoqmqn09mJIFEUIYScgziKN5ttr9sriiIMfEJI4PmA85snJ5IoFmWRpinEKI7jzXaj6+rp6eNXXr0FIT87O93Bo0znV1VVIoSCMKzriuWJJNLDg30Em0cP72/WS800Xn/jDSKIG8/v9Huapp2dnV1dnBu6enRw2NY1AlDXjDzLESIYkaIq1uul45qSRL/vzdcoJdPp1WuffHU4HDRNPb2arpZLALjjOK5jty0wDUMUKKV4tVqcPT0Lw6DTcQ1VrYuiyLK6KPpdp21Kx7F9zzedzmy+HA2HRzcONptNmiSdbm80HAEAdV3TVb3Ic8e2fM/DBJVVwRFRdTVLU4ThYrmABHh+oOoawjhjWVGWVV0VRZGxxHGcuqkRgMP+qGlalrH5bHHr5i1N1Z6cPrpxfHj6+HGSJuPJuKyrxWKBCGJluVyvEYSHk/2DvUm/14Ut98PAME3A4WI+J5i+/qlPNZwvVkvJNMI0jpJYNdW8KqeLuW5ZTqeb5TkmWFWUzWrjb7eaKBMA8jhuWF4kmUAohDwMfJYzw7JZka9XG0M3Dvb3HcvmTVOWZVNXQRJmeWaapm3aeZ7nRaHrmqkbiHNdVU+OjgxFMzTd9/zNdlM1bV5XRd1wAGRZVWVVkpSEsTyv3E5X1fRt4EMIy6qigsBY7vthCzgHEHFuaKouS6vl3NQ0PPz8SdvWVVUsllNKqSxLVVVYljmZjJu2iZOQCDhLU8PUd7n6LEt93w98/+zs7Orqqm3bummLoqirmgqCKEqCIIaBbxq6ZVmyJAmCoKmqYzuOY2dptlqsirIYj8ZhHC1mC13X6qoqqwJh0lRtEMSzy+lisayqRlEVCGFe5LZrdjpumiZVVWiKVFfNeDxZrzZ5nu/v74uS9PjxY8/zJpOJbuh1XadpWhRFp9Pp9Xp1XTdNHUVR27ZpEhuG3nEdRZE7rss513Rls1kXZUEIlmRJliVREhzHIhQWBdM0BWOwXq8t2zy+cVRVtR/4VCTD4dDUVNPQXdeqy7xg6Xg0NEyjbnnTNnana5rmrtEiJYhSClpeFoUoSJw329W2aRtBlHr9nqqJiiKXFYMQBIEHITh9ckapIAhiksZJHEEIRJFihKdXU0PXtpv147NHRCCD4cA0DUWUBUrLvABNQzDsdlyEgGkaZVULklrVNcIAcL6zRUVJStOkaZqyrKIwaJomioK6KZMkyosiSZkoyaIkTMZjTVMxoZvtJs3yo6Oji+mMAyDK8tXlhaIoJzdP4ii6eXyzKsrp9MoyLMs0WMFWq+XeZMx5KyrCYDCo2vrRw4eL9YqIAiECFcW6rpui3K43JWOmZY1He3defeWDux9MJhPLNBVFNUyj5qABrSCKLIt5W1uWqZsmwriqq5a3vW5PEgWCCa/aLE2KlLVV7VrWrZs3kzhEACIAW87zokyytG05pTSOoixN26qmlAqiyDGs2iYvckJpp+MqisyyRCR42O9rkhz5QZYkZ6envW53cnAQJLGiaZbrPnpyamjGzVu3Hjx6HASRKIlnF+dlVcmyvN5uwjgKPL/fH5iGkaXMtq2e6z6+/5GpaZIgyIKArbcGlm1gDKbTq6OjQ9e1oyi0bbM/6Pr+FoDGsk3G2HC4p6lKkRcsyUALBIFCCE+Ob2UZa2teNY1AJUM3RUk+Pr4hClQR5aaqoiAMg6AFnHMehaFt2U3dIoxMy/Q229l0iiCIkmgHQChQQRRk0IK25YQgQRRc107S2LItjMHZ0yeU0qOD/aZuEYJhGEIEDENP0mSzWWua2u125ot5XVeKIquqoqpKUeSz2TTL0igILcsAkI/HI1mmRcmOj480XQGAb7cbWRF0Q+WwpRRTijECEIHJ/p5AaRIGGCFCSVHkGGOAoGkY/W5PECklWKA4CoI4DNqmqatqsdokWSorWhhHi+VcoHQ0HIiiyHmDMRkOR4TSMIgty9YMQ1bkomAIAVmWFEVO04QxJkuKrhtlWcVxjCDsdt1Ox23aput00iSJk0iSJV3XCYF1VbKMDftDTVZURREJcVw7jkOAAKK0LJuqqOq2ruuSQ25ZpmmaCGFv6yEEg8AfDgd1VR3dOGzK0u11JVXL69oLgiRNN94WAqSomt3pKpr+5MlZGEYQoqKqTNsSRfGj79yXRJFl7Go6K4uKI8ghmM3nmOKMpaquyKoSp3GaM8O2+qO9Z1APNScAKpI07Pcty7qaXr37zrdUSTo6OBAFmsZJEAdpzqqmDsPgztGhgCEGIPD87WbN0qStWk1Rz88vRIFKsmwYmm4YbcuznHHQ8LZGO2AdSSiKAiJsO46mabP5PIyiPM0IpbKmUEKKqsxYJkliU1dZlhZ5zpumZKwpK0Wgh5MxxShKkiRLqSTldXUxna433snx7W5n8O333ocIUVE4v7g0LQsi9Pprb4iilESJaRmSKMZhWBVF4HkKobqiCITWVYm7nxsfHIxd16mbyjRNRZGDIBBFsW3b7XajqkrdNoIoYUySOImiEEMkyzIlAhVIkqTr9brfH3RcFxPqed6jx48BgAIR4ig8PT3b+FvXcQzTjKJotVrpuqEZWhgGWcY0XZMVkRBCBSpKct00ecbynDVlqWrSYNDvdO2W11ESE4rznC2XC03Tuk43iqJer6eqmqqqoigGYZgkCYRwvV6znGGMLctSFEUQhB3QhiRJGCHHsXVdowLKkgRC0HEdURSm0yuWp/v7+7qup3GsGXqv11M1OWPMsS34LI1DYlm6XW+btqZUrOqqbuo8Y5Io2IYGOKcEF3lOCWlaABHkAGSMcd5ats1yBgFgLMsLZplO3dTLxVpUZIhRGIec7/BKiKoqlApxnECAIcRFUWC869yD2rZerVa9bn+5XFm2uX9wkLE0jKK6rBazRRJGbd0QiJIkRQRdzaZ5VRiOncYpAECSRUJI3dScc1GUdtgovV4fAvDqq68URXZ4uH9+dkoEoWp4EEW8qhGCdVUCzpuGx2lCBQljTKkgioLr2BijzXIZhZEsC23bYow1y4AAmpaZZGldlxvfK8rSD/w4jTVD73YHAMIgihEkoigSTBDgsiSLAs0Z83xfFMUkifKUJVF4cXGuqMqtWzfbMlcw1kUhi5L55ZWha3ujsSSJlmnJsizLShD6nudz3qQ5C8KwLstevwdhq8gKxTjNGIIAE+qHASFkVxxIKKGUIgIxwaIo5BmDHEiiaJmGRGiaRE1dWYapaxrn3A+jJEs5ggnLGs5v3DimSJrNFovFSjc0TIjrOrdu3coZMw2LQCTL8na9zpJYU+S6LAgCk71RmiRVU4qSiA//zCuD4ch2HUEUPT/cbLdl1TgdN4oTL/AUVU3TTFGM5XJ5cXGR54Vt2RCC+Wy2WW+mV3PTMF959ZN5Xjx+cjqfz8Mw1g1tPptRkWY5UzX9+958Q1aV2XwGIHA7btXUcRpDjBRNESRJkiVBoKquIQxlkVKK27rAGMqyhDAIwi0HLRXoDtTDNK26rJbL5Q7zsihy27ZkVW7aWpYlDlpVV6u6rKqyritNUy3LlGWp1+/KkogxcixzMZt7m61h6GmWlmWhKLIoint7e6zIZvOprqmGZeyKSh8+fCCL4nhvL4oiiFCv10/S1LIcwAEEqKpKURRkSairShFF17I0RVU1HWNcVLUoCIZpYoy3242kiBDAJGdUlPOqXKw2AKO8LMIw3NvbMwzd94KclYZhZVn+9OxSoGKv2z8+PkEQLhbzosiTJL7/0SPbsvuDflaknu9zABDEVVkqgiQLsihKRVUaprXyvawsVV2DEBGMdMNwHKvlredt4zhuqgZBJIoCY1mn09lu1pZlPrh/TxRFQVKbutYkSaRUorSuiqZp4jDs93qGaYwGI1WS67yoq1LCZDjo9Tqd1Wph287+4cF2u2V5EYQhAFwzdEkSRVFQZFVTVN4A3/NXmy2HUFYVgnGZ53EYZVkqCoJlaP1uFwGAABAFWlelQKmuaSyOIEsn3Y4kUFkQP/Xa65ZhzGcLSsn+wQHC2A88PwzKqizrumoqCIGuSFkct1XFG85b8P/S9B7PliRZfp7r8NDixpVPZmZlluqaRvcoMyxA7ggjzTjkkkv+jTRyRywIIwcYTGPQolRWVubLp66+N7RwycWz2cXKV+ER7r9zzvc5nAul19vNfLV0Pc91OSHEaKOtdigL/ODDT++zJEmiCAGDMCQYN1X9cH/3tF7/9P79arWcL1d//sv3x/Pp6uaKUY4ALYradXnbtcaom5trYE3bNg93d0Pfvbq62jw9t3W5mOZj37x7+1aM42a7IQ6dLRf4m3/4a8aY0VYIRQh5eHji3EuT9Hwuh2GM43QxX7iuv9sdtpu1MWa5WHie39QVYyyK4tvbW8qcX3/9dbc/pGmapJnRthu612/eeH7AuZPl2Xa/3223q8vLMIo+ffrked7qcnU+nfpxSJJIGT2KwXWdm+uL+SIHVgOgHIdAZH3f9UMPEfSCpAv8yGprLTgc9ovFYhzHuq6V1lprIcSHDx8IJdZaSuk4jlJKKWXTNAghJaW19mJ1eTjs18/P1tiqqn3Pv7y86od+GIb7z/dPT2vmUCnNZrv2PE+NUo4CY+R5HsHYAhjGiUMdh/MoiigmDGMtVVOVDiEXi4XLHAjxKIQ2xvU8hFFRnCilQeAz7oxSQERGJY9FCSCIoriqqiiKALBaa6UMY856vWWEQ4iNAdNpbrSq6yoMA2NMXXW3r15ZBNu+JYzudoeqLL/7+jdvv/gSQUwI1cBOV/NeynrsrYUOJXIUmKIkSRhlTduUZdV17X6/L8uqbVshhnHsoyhom/r29S1nLtAKWjPUZeh5nJKLxfLq4iIIgvtPn6zWYuj2m+c0Ci7mc6tVFPpVU2VpNvT9H/7lvzLHGfrhsN9dXV1EQbhaLtIkGbpx6AUlzOUeYQ6ESEsdR1EchdZopVRdlW1T+9yFUk/i5ObqCiMIjJmmsY9xEgSUUu5yz/d+/Pnnf/ov/2QAHEYhhAgCP40Tz3N9z4v8gFIym2ScMUaZQ6nvh34QKG3rvuWeCzBCEAgh+r4Z+85oDYxmmACj27o2ShOE+76tqlJZM58vvMCfzeeTfOKHYZqkQRAQTLfbcxQmrsc/ffrgOHQ6m6yf157DXYf3TedyDq1dLaZJHB52myxNpDajkmGaEofir//hr9t2OJ2L07kIw6Sq6+l0PgyiKGvmeMbAxfLyRaoNAWLUWS7mWZYhiJfLlVJKSnn/8MA5v7m9DcO46/sffvjh6voyTGIh5TAOUsn98SDkMFvMNtv1dr8N4zCIgq5vHc6jKJRaUIYhsr7nWKubqqQULVeLfJZaoA2wL1tISWMMwAADAD9++vj69avT6bTb7ZjjvKTJQgipVBAESZK8AHzGcTydTn3fI0CU0ghgz/MwIlIqx+GOw4WQHz582O32VVlBhNIkJYxRQo3U1zdXxfm03e7m+axpuk93n4MwLIuqf5lJAyDwPYKRGAffdakBnusKqcU4up5vIej6njHKHGcYe22MNFoa2/Z91XaE0dAP+r4fx6Gum/l8gRDWCvSdmOaLrhseHx+FEG1dKyWm03wYhtev3w3D0IkhjGOtzfPzMyX07Zt3XSN++vn9bn84FKXr+/U4dGKECPnUsVppJZWVL4p3pTVCGCFsrUmTuKqqwHUhsKMYVsvl50+fCLSJ7/ucfvXmDSPI524YeENTP91/RkYhaxiGl8u5S0lXl17gWQh9Pzidjof98Tff/MZ1mAU2SxMlJQW4b7r9ek8RTqNUCDW7vGj69nQ8JnGUpSlBKI7jNIk5IfNJHnpuEkVWqfXzY9/3GNrJJCrr86hEr+SpKo/nYpDCD0KjrRTC45xCLJo2DcJXl1eTJHE4yScTj3GtFABoFKJsGmG0F/hSqb7r2q7VUiIIrLVayGmWIwCBBX7gep5rIIij+O27N1VVWWA/f37YbDZxnFhr18/rrh8/frj3PF/KUchhkiV5nnGHEYwC1xfD8Hh3N5tkb1/fiKFnBDqcjdrwIHDD8GHzjN/9j7+rqqYoyqqqm6YlhN3e3G7W22EQYRh/vrsXozwe94yRSTZxOM3S1HGc0/kMIJjm+dP6+cOHX69vby8vL0/ngjHmhd7F1YUxqu87jDFjtB/bc1GcTicAwHQ69TyvrmvOeRQGZVHtttuub4e+83w3jiKELGXUAnA4HA/n8+l0AhBhTMqiapq26/vDfv/dd9/MZtPNZpskyWw+f3p6kkJf31ytlivuOGIc26bJ0vTq8pJgDCyY57Pj/vTTTz+9fv3qm2++Y8zx/eD+6YkxutnuIEJhFCdJ7Hk+wSiJYyGEVhoAoKU4nU5D3wulHh/XWTZp2rZvW6t06PsYoOPxKIW4u/vke37Tt0XTYIr3x/3xsJ/PZsvFomla5DA/ijh3EWWE4mk++/T5s8McBGFdVlfLVVs3GIKriwslpO+6COMwDNq+NRbc3twiRDBGP7z/kVHCHefT3cckSb/75ttTcQbAfPr0qZdj0zWE0qquRiEpxsv51HGYkOJcnKqykUoTQhhnlFKM4Wq5Kk/HySQdRa+UStP0dDyHYRj6nlbqYjGry0oqTSj5+PHjfD57+8UXaRotp1PXYV3bLC5W/Sg+PXzu+tHzgsCLZtNZ3/VvX7/5+t07Mfbj0Nd11Q/tVcaJXAAAIABJREFUfDb3ff/j54+H06HtGoLgPJ80Vf3TTz+OY89dJ59OlRZhGLo+f//hfVGcL68vHU4Xq0XZNMwPIMZS2cXqYjqbjUJShLSSSRR5jHZt6zqO5/PT6fDnP/3JWNC03fZw6EfRS6URSCZZnGdKybqqxNhzlyVJ4nIHQ/CH//xP1xdXq8vlMI5Cq8k0T7JUW5BmWd028+VyOp89Pj0KMcZRfDqcCHMdlyMAri5XDiMOwdMs++Mf/sUolU+yu48fp9MJhvCHH76/vLz0guDD5zs/CqnLfv30CYvXfLW64q4XhNHl9SVE6OPd3eXVdZLk//yHf2nakVBWnPdxEsxms/X2uetaTPCpKLJ8EkfJ/ngKo8gPg7KqejFILaUSs1mmRO97vB87rVWaJNoYa22SJBBChBAjlDsOgkiKEQI7ny/7frDAbrbbquzCMNEaQEjuPj923ZjEqRhlnueXlxf7w467NEqC4/kYxXE6mTRlczwcEcCr5bJv2/PpuJxN//5v/zrynNN+g4EOXX+eL97/8mHo2yAJRiGKuqy62mCQz+ZV20Zx8tvf/TYOQ9fli3zy8PlutVg+3j8QBGfT/LA/PD4+A0Rc399sNlpJzgjF+O/+5vdSKm3RqFTfd9TnvzzcLW8vkjTebtZXqxUB+Jf3H4qqDpPszz/+xDgfxxEb8Pr25qePH69f3X54//PtxdWXr97Ipp5nWRqESo6n4nQ8nwlzhlF+/PQwDubVq9dibFarnBFCMZxOp+X5dH9/Fyfhj+9/zOYp5fT29fXz89Of/tufLucX16sL7rKma1zPgwhJZcZxKJqaMjaKMc8nnDlGSa2Uy3nTttv90RJ2rhsIIHthgyPc9qOFtB8HgODT0z3njCB0d3c3Kq0s/LReF33X96qsWi0N526eT8+HAwT69e3Nw9N9WZcWmNXNCjKgrMgmMWdYDm3f1Kf9jlJyeXOtgHk+bkng7MvDn9//iB1y+8VriODpfMbMkdZW3fC42a5ubk9FYTWIglCM46ura4LgZrs2WlJODFDM4a4XBmE6atNJpQkW0EqrAYJFWVRVMZ1OrNFd23quC6yBFsRB1HbNKDV2nFHK7f6wPRyarn9cr3shAAZBHA5ikOM4zxMI4Gy5FEL88P2fQ8/DwG6eHiPPt1o3RYkhePPmtTbmw8fPFpEgzngYco9KNVRV5boOfvU/fCeE7Lru8mq13W67roMQUkq3211dt/P5Ioqii9XspT2iOJf7/QEA6Lpu343//Ic/DMMQJTGldL3bbrcbxvmr1zfFcf9Sli2r6mVBhNELrY4xhgBU0mihhn4Y+1EJBSEcxhEAqJQOwjjNJl0vyqoZBhEE0Wq1klI1Tf0iLnv1+rY4H8IwUNI8PDw0VZfnU9/z9rvd/ee7q6vVxXJ+Ou6fHh4BMBDYw/5QnEtrTJanBONDcTTARGnseX5Zl0EYIQSHvm/rsirPRkuKcdv2QgjfdT2XQwSDIFysVvPlUgiRJMl333wzdM0PP/zQNO18tdrtD/dPD1+8extNkm7o67aJgtClzo8//hSF6WS6ODV1Op1O5/Nf3/+6yqcQIaXh83rz5uY2cL3/8p/+M3ed5WL2z//8T57Hf/nlvevySZ5pYybTPMmS7e7Z42Q+yx1CqqJQUlKMlRRFVXz59bswDoa+79uuOJ6naf53v/sbitF//Mf/N01jl/NhGOMwGkZxOB2ur68BAPlkwgjp29ZlFAJQVhX3/CCZCKkIxhgC7nBEadm0nRDpJOOOA6yaZGkUBUqoQYi6bYXRVzevQj88n85KG891xThWTdU2FUS2G9rV5SqIfUJRUZZ9V6c+v5rPmtNZj+Lbr769urgU41BWlTYqyRJEkDLK9zyHsLHrhm48l2XZNNoCbaHv+9vtVksdBsHm6ZkQ5DDKKJFqPJenUYkojh4fd+eiarqBeg73PAOBUtpA29WNUoIQYrRmjIVBgBEO/GA1X7iuiyjVwI5KDsPQNl1d1b7nTbJsFLLrWowQAIZT5gf+3d29MoYiFPqeQ1CaJKvlgiL4r0lS5nhuP46DUIx7rucOfc0Zk2IEBuAv/+e/meSZBYZznue56zqOw7quf7h/tBZMJnnXtV1bF0XRNC2EaLfZK2VWy4v1em2MMcZ0fQ8ASLMsigLqMMdhfTMYA6XRbdsZY5nLXn5cYRgihIZB9sNYlu25qMSghFDUYb7nOczRSnmuzx1eV03bNNxxrLEE43EYXmpNdVW/uMMxRuMo+753vWA2XzJKzuWZEnxzewsR+vT54/l8ppRx7gZhCCw01vhB4PkeZ8xxnLqq7j59+vH7Hy+XSwKRkcJxnLZttBpn0znnHoRwHHqlZJqlaTYR1hxOJ0zI8XR0uRMEAUTIWIAYO55Oi+WFAYBxrrXu2wFoIAcBISbY4b5fVpWQcuiH+8+fCQBN2bTtSABNs+zz42PZ1TzwH9ZPxuov3rzCCPzmmy9dTgbV+RF7Pj1tds8+wb7DtVRDN4ZumGe553oMEc5YHER90wFjJ0m2mMzn+QxAsN1vg9CzSmulL5erKIrqpgLWDn3vUMYJRcaGgc8Y09bMZwsLsRSCAquUNForrau2NRZsdpu2a5UafdfljqOEUlINo0jiZOiHpm5ms/livnx6ft4d9jevrxzuWGibtk7TWA2iLquubmdxMouTlPuqHWIvfHv9OvJ8aKxLmRnFajZzEDajDByXGiS7kTtOGIZxElOMpZSz6TxLEoTR8XCoyzKJoyQOuUOBNUpJgrDneS7zy7IdB8Eo1doMQ/8ChH7BXFNCEYCcOVrqrusppqOQzdAfy0Io6Tpe5IdZEIXMnSWTN7e3Xds2dZXPppwxIaUfhpT7aZau5nOMgcPobDYdx2G72757+7btaiEkQFBK1Q993/diHMA4ho6rlQYG4uhvVldXVxjj5+dnQpDWWkopxOhwZzKZYEyapvE933F4341BEI2DVFqtVhe73fZl4sPzfUox40xrCSDMsgwAZJRpu8EYEyVJGIZDP263GwDAOMiyrIVQfTv0veCMM4dFcbhcLhzHaZpGSmWMEUIihF50nRACQshLq+Q4jq7LPd89nc5a2cV8FYZR23ZiGHwvcBiTShwOewjgdDZ3uTuZ5L///e/bpv98/9loNV9MJ5MMQlAUpZLS5TyOkvJ8ZJRcXV1Aq6uq7LuWUE4IUS9xfxhQ163bvqzrq6srYO2vv7xfb9aBHzRd97TZ+kGQZtn33/9gAXK5hzH2HBcDcnNzuz+eBjEmk/zjx09NXb++vbVC52nW9/1sljdd04v+zZdvy7b++OnXr775mhHsu14ch/v9LoxDFrg///p+sZjPs4kaZVO3GGPH4W3X1U1NCHG4O53mVd1giPN8etgdHx4fAQTz5bztagoxhggYm2UZ46wqq6au+7aLXd+hTEuJMHYY45736e4BQTifTjzPhcAobdp+QBiezmfOnUkaZ0lMMIYAEuL4rosx/vThQ9s0b794O83zp/WTUOLVm1eMs0EO5fnkOs7Y9UYpZOD1comVOe/2k3Ty9vXboR+enp6FEAgihmkSJ1rKoesRoEYbDGk+m7q+q7Ss68ZoRRkdhSyKc1PXANjlYu57fBg6TFCSJIyRtukwYk3TWGMBtE3dtF3z0tDz0gpnjYEGYASbpumblhDSjoM0uihLrbVDHEZIyD2HUN91wyA8nc5t383nM8/z+6YR0pyKojidGSXD2OXT/N27N8PYGW1uX9/UTUOZwz3XGCu1QpjM8twj1GEOQrhtO4y/jl+AIYfDYb/fEYKkFFqbxWJJCdvvDwihq4sr7vL3738xxsZRghFO0rhtG0qJ4zijGEbRY4IhshYASomWth/GqqohhFEcep6rjC7KahTSWDP0I+cuQQwAlE9nYRSFvhsGbtu0x8Nh7EeKicc9BOFxf2CE+p5LCQHWWGPSJHr31Zen06EfBoe7lDmH/WG73SltmMP6vmOMYoJczw/C0FqojWUON8YeDoc4jj3Oq7Ks6pIg/PbN25vL6+N+/+GXD1mSvH516zhEKVHVzTioxWJ5sbrAGJ+LYrPbDkKGUfLx46eLywsl1fF8ggBaBM9FhTCVyjZNG2eTpmq0MperVVt3D/dPzGEAEcp4U1dayWmaiWHgDr26XrZdqaz48uuvDLTn4rxcrcZRDP1YlY1Q6nA8U8+XUt893F8uLzzHO53O56q0ECsLznXVDSNhhAd+2w+7/b4dhn4UTT9YjCFGGmiMwDyfSiH327XSyvW8aZ5TQseun2YJwWiz2UAAXdft+uHDx4+Owy7mi8j3KSUWwqbrtDGTPPd9niYRZ8woI4UYulEKCY3xHDef5ELIp/WGuTzLJ8ficCyOQ98Da+fTPHLdaZLoYeQYD23bdV0QJUEc1123Puye1tvtYRcmkTam6/tRKQOQ0BoQwn3faFmVxSCGJEmLsvjw64d+6L788l3ftVkWI4iGrkUQMkqt0Vrq07ninE+n0ySNfd8LgoA7jrF6Nploqbq2BVYDAKzSnDme7zVt7zi8aVoAIIKoq1sKMYGIYHI6nw7H49B1DqO+643tUJwKLwj7sXe5Mww9BFBJ8f0P35+Ls9LqeDolaUIpKcuy7zvG2M31jeewcRjdIKibDn/9D387jqPW2hiV59l8PjfG7Pc7AMCLaeXiYsUdDqC9v7+P4/ibr7/m3BFirOsKACDk0PWNMcb1eRRFlBEp1flcWGPHcYQYYowQwq7nU8o8zw/DyBoQRwlGZBj6MIwgNNyhdVNut7sXkGgYhmEYFUWRpqnjOFKKvu+Vlgghz3ODKCzORTbJ4yjbbve/fvj04qfpurapq+Vy6Xn+09Pjer2GkECEd9uDsVYoOV8spBirqvI9H0EIASzORds0YRC8ffsWY/S0WVtoojgpzzXnbhSGFtrdbrc7nBSwhPO6aYZxiKPwm2+/oYxx11fWNu3gB5FRVmm93+2MUr7rVUV5OB65FwRh8PD08PrVa87ZeX+Ifc9YhSlox1YJ6Qdu27QIovl0sX5e100nlJ6vLil3Hx+e7+7ujbSrxep8OnVDJ5RW1iBCwjhOssz1g8PpcP/woLQmhA1SLFcXq8vL7X7LOVsuZq7D67KklGhrurZbXV7kaQaszbPMaFMXZZwmSZooYwahCCEI6OJ0bJoGWDOOo4UwTeOyOENjMIQYIUqYkNIam8Xxcj6fzqaH4/HDr79CitzAO56PUkmX08B3J2HsEJwEUXkstBRBEARxtDsdfvn4yU+TKEuPZQkwHpXcH/bKWM8PFbCj0sKYpmvDwE/iEEIilDyXRZqlvh9ABD2Pc4cjaCkhEKK+7YAF2WQyjGI2n/uBB4HlLnc5J5REoW+M7fpmHHrGmFUaIZBmmTGmrmrO3aZtOOeE0rqsHM4934+T5FyUSittrFHawViOY9d2vRDSaNdxrLXW6rbv+q6f5JP7+4fNdk0w7fpBKuV5waikMWZ/3O2O+3y+QJTgf/e//3vPdcXYM0InWcodR0mx2+6MVlEQcsfJJ5kxxnEo587l5XI+z9u22u93w9Afj8csS1+9vg2CYH/cd10XhGEUhefjOYoCzDDnDoRQasUY08r6XvDy5eCuq7Uqq8L3XG2UMeJ8PgkhkyQhhHLOXZc/Pj4kSfyyAkLo5WEch6IsPc/XxiCEtTZdPxBKwyCw1nR9J7Vs++50Lsqq5q4XhIm1YLfft22bZlk/DJjQy6vrvu03m+1ut1suLm5fv5nk+Wa3+9Nf/tj1fRDG283hfDohAFzPHcdRGROlSRDFv/3tbz99+lhV5XK13G63EGPKnReQUdf35+MBQpDGMbTAdfjV1VXXD5TRruvevXtDCXE5m8/yNE/Xhy13XWTA5nHjMTcJ08PuRJn78fNTks94ECltq7JpzuUim3315l3dNY7LHce1CEFEuOsijIZxGMaBOU4Ux3GSBlEMINrs96fz6d27L4QcqvLcD10Sxdxzh2FAAAKrHUIcx+nalnEnydJBDIMUbhB4vudz1nXN0HXGmH4cEUBpHJ9PR89hURhwxyGMGQD9wMfQYggBRJAQgFA/DEqpKPbjKEzCkBMCjGqr2iWsq5s4DMM0BgQdivP9ZoNd7kRBJ4UXhWXTPK2fCePZfD5q1RszWrDd7z1KGcanomqGYRDi+vaVkPL+4eHm5goToqSSUmCEAIQQIcKYhYA4bLvb7g47CEHT1GVV+L7btm3XNRCAIPBHMTKHTvL8fDpyysIgbNouTBPXDQ7nM3W44/sW2m4cvNAnGBOMGMR2GH0vkMaEcfxCbkcQa6O456aTiVQaQDjJ8rrrpNJxko2jGOV4Kk/nrvLTWEOIv/1f/p5S2jS167rjOEgpKKVCjI7D83xSV/XHj78+Pz9W9RlCq43abTcPDw/D2KZZ4gceQuhFzWSACcMQQHB3dzfJkkmeMudFI4RHIZQ0+/3BGDOO4263IwQbI4ehy/OEMVJXxTAMcZxcXFwIIZVSjLH7+/vtdjufz1+9ejVfTDHGfd8boykmnu///P7ncVA3Nzecu6fTyWidZenFxWq9eZZSXV5eep5fnKuqavphjNIUYjSdztumKcoSWLDZ7suqhhYnk0nTtFVTj+NYtTWmJIyTvukRhLc3N6vVcn84HE7nII7z6ezPf/nL4XRQQmCMNtvtYnXBHOdYlJzx5XJJMPI4z+IYQQAgkFpNJpNRjLNp3vXd8+P9dJL9+ukDQujy+qYqq4v5RVs2ctTTZLrbnVzP74bx4vrqp59/3mzWr65vXEqRUmkcjeMgpLAWYISNtmIch74f+95odX11ZbTGGL26fX33+e77H376zXe/YQ7+8Yfvx3GgmLR957puEARSyqfHB9f3jNLF+RxFEYDgp1/e707HMErm8/k3X73Ls4wirJUqz9XQD5N8Up+LOAopI6fzebfbb3Y7pdTpcCAESWUwwfP5nDFHqDEMfAwh/VcdQd+2gesZpVcXq37oN4d9mCTM9zen4+F4LMqq7TrXdZ+fN2EQzBeLfpRSW4DJYb8PGNust+0wfP31t5ixbuiatrl9dQsAxBhWRb0/7BEicZJKpdfbrReFmOKyqijDV5dXUouqqtM0Wa83XddS5kRxKIXww3A2nx92ey0swfhYFFk+ibK0bps4TSZ5/l//9C9CSi/wKSGu41CEzSgWy1XRNF4U1nUthGCUEUx9L4AA1XUzmUxfvX7z/LT+4fsfm6YZhiFKotlqLo3SxhyOBzz9t7cQwp9++lEIkWUpACBJEkqxELLve2DhF29fL5dT5uDJJMnzlBKUpvHt7c1iMR/H4Ycfvu/6Pk3TPJ8BCx8eHq3Vb95cAyCttV3fhUEIAfx0d88Yl1J5nluXlec5SRQK0XmBE4Re4Pmn02k6zbVWx9Nxt99eXFwWRSGEmM1mb9+9wRg/PT35vpvn+dPTkx8EYhyhRQRjgqnLueNQjDFCMAj86XyWT3NjwHQ23x9OhNJ+GBGmj4+PFkII8fF4DIKIcxdjtt5sXc/fHQ+UOzevXh3PRZpmRum3b76IwvA//If/u2nbb7/77lgUT89rjDEmKPT9MAwuLy/rpr1/eNgfDghAh5KL1SwNgqo87/c7a80LL0BI8fz8/MMPf86SeLmaM0YIoT//+JERV4+2rQYlzee7h+PpfPPq1Xa/ffv2TeDzqjxdX8xkX39xc3l7fTH0fdc0L7egb7/6pjydm7L8zbuvLufzf/yP/091PL26vq2KpizKSZIKNQ5ikGqcTaffffubF0328bQv26ooiuJcOJS6nnt5ddl0DaKkG4Zm7PN88vR4//6H77G1oReEQZSmCWcOY8T3eD90WmuAkDBmkud5nricK2OrumGcU0bkKJbLRRpG//SP/xi4LkY4cP26qpN0cjgdPY8brQkhZVmfzyV3vCzL5/l8bNu//v3vr6+uHh8ehJCOw7e7PUXI447R6uL6mjpss9+fi4I5vCjKMAjFOEqhIQDc9bJs4vuBthZRGkRxVbeYkDCINLBK28/3934Q3dzeGgsp4xDg7f44jLJt+75tgzCAlGwP++3h4Pk+hPCPf/zjcrXkrtuPwySb9G3b1s1vf/MtZc7zfn88n8Zh7Lt+sViu15vD6TgKUdV1EIajEGVVDePoet5ivoDAGi2pg6224zDid//Tv+n77nw+T/L0+voKIcC586LhgBBBCMIw0Ea8fn3rea4xeppPALBlWbguf3p6fvXq1XyxWK/X291OKQURXixnGFsh+7ZpivNJjHIcR6X0bDbzPFcpZa05HLbGyNXFAmOLLGjqrut6pRQAYLFYIoSkVJ8/f764uEjT9Icfvv/ll18gtC+2LsZY17ajEGVRjqMIglApUZalMeqbb79SSm13Wyk0xtRx3PvPD0LIMIrKpnl6fOqGHgCIMXG9QGuQTiZCSubwfhiLqoAQur6Xpdnj46OWinNHKslcTig+l1UYxQBCMQ5KCmgtBMAYbS10GB+GfrN+bM8Fo9ih2GGYMqa1et48Ka08z42iYDrNjFHb/VZJef/xsS4aLU1RFKfiDAmdLWaXV6vFcv7Lzz+qsbdK3P3yC9Dqd//mrz5+/HW7381nizTJfv34UUmFEPAcTjCUfee77iRNx3E47I/GWovA8XwMY2+SZ4vpDCL0UlA2Vu/2+5ura6PNMPSH/YFxB2IcJBGixAuCw/GwfX7imEzixCFsOZ//3d/8XXE+A2CjOOSuI6Q8lWU7ijhNCILDMFgIhZTb3f7zpztt9G+++ebHH37smxYBWJxPy8UiySYQIaWEw1kQBF4QNV1HMcsmue/6cRQNfQcA2Dw9SyWzdDKMoioLY8xXb94+Pj+tN9tByLbrm7ZxXXe1Wo3D8PLWtl2vtCGMAYSksaei3Gx3p+PJ84Ku7//yl++32x0AKM+nGJMoiqqqOhwLZWxZ1dbCxWL+vFn3UiwuVm3Xb7fbNIqX80VdnDFEjBCEkRSjVFKKsaiKduzz6fRitXQ9f7VaQQgp5QDAN2++aJq2rhrX9ebz2XQ6jcLIdZ3jbuMSaoUmEGL/38yMMZ7nzeczz3PrupJqxBi5LkcQCSGNURAa3/fKstjtdkpJKYUU0nGcPJ/GcVxV7flcYEKLolxvdp7r+B6B0DiUWQAo5RZaKVQcxdvNRin55tW11iLwnG+++rJty/1+X9eN0eZwOAghVqsLhJBS0hh9eXWhtPzjH/9ICMnzyTAMEILtdrvb7cIgABZIMTqUiWEchyFN4t1hV1XlYX8QoxxGQSkbh3E+X/pB4Hsu55xRNo6i7wdKHc/3fvr5fd20lDl+6I+jsNYGnlvX9dD1LnfSLDZAA2ClNVXdUIeGcYggIBBwh3LuOIwz6jicQautUdcXy+vVoqnKsjwTjAEChFDmOoHnxXEcRWHbt+vdFhgTUI6tdQPXUqCxmV3MlpcL6pD90xMnOOY8C8Obq0sAwLk6746HYRDGWOZ5iODbV7dK6916s1k/U4yWi1kcR23XGwTzxSxOU8odRNH+uD8fj2M/VOX5eDhIJcMg8DgPgiBL06ZuRiHarnMDHxNMGEUQeBRDqzEALudDP36+f0AY7w/7tmmHcWzatu5awvh0NvM953w+j0IOo2jbXilltIbAIgCzSUYJ6fphuVpJrZ7WW4QxxUgbXVbN/cPzKCWhtCyrqqomk4xzPsqBc3e73Wx3u+ksl1JQwnoxMted5JMoiSEESkkIgJKSM4cSZq01xg5C7E7HzWZ/PJ21tQjRYZTbzR4hcjG/cCjfb0/FqXK9cP28q+redYP1805IRTnpxDCZ5nmeH/Z7NY7XiyU2tq1qh1A/8PthQBRxzymq0mBojfZ9HwK72WwoYwAAhEnbtlLqcRS+74VhqKRo6noYBivlUJXTKETaOpji6b+9vb29/fqbL9M04ZwdT/v1+qnrWggRY/RFQdv1zePjQ1lWUqrj4TgOI0LkeDw9Pz+v19vdfu953u2rN7PZPJtky8UUAgOMpYRCgLjDCaFGK89zlRJh6KdpVFVl29STSZalKaP06vp2Op0Nw0uDriiKQikFIZxOp7vdrm3b3/3udy9JaJomd3d3Vtskjn0vwAQTihmjDmeEoLoqued6nu+5flGWvhcSwowxfddTgsMgdLijlBJCQIQwIXXTcO63XSOlsNYSjKb5lDFaVlUURZ7HjqdD2/XUoUKpru8n+YRg7Lk09j3P9QhCShujlFbC5ezbL9+tFrO2qigmi4slD1zKXUrp0PVa6yDwCaeYkjiKplGchhH1HEiRF/tu6LZN8/hwzyn5/V/9FccUWnh5dXM6n5+3+7/67e92u/32cGj7/nA+QYT2x50YhzD0J5M08AOttbLa9T1AUDP0yuooieqi0FJ53MUAWGuTOLlYXTw/P0dBcLm6eBG4DUJAgo+nkxwFRWiWZZyQwPNXy1XT9T+//4VyZ7vfVnWltUIYudznnmet9X3eD4My5nQqRynz2ZRx51yUkzRFGEGEIIIY481mtz8clhcXEILH9dP5XNVNCyxyA18MoigLCAFl2PP9fJofDvssSf/7f/fvttvd/niczRfc4/vDrqoqaK0SoiyKPE4ZZUbJfhiU0aOSVd3WXZNlU0Ko4zh93/fd8Prm1ZdffuU4fOyFtbBruqfntVZmNp/PF4vLq4vTae9whzEmhDjs9laqPE6BNhRizh3P9/anPcbQDf3z6ex7vhh6RrFW6v7+vu/7/eE4jH1dN0VxDsMgy7J+aDfrzTgOjDFkbezy5WTKHUeMEn/3v/59FIa+55ZFsV4/KykC31utFlEYAgsQermy2uJcAYAmk6nnBcMgiqIsihJCdHV5c3F5ZS0oq8r3/SSNz8fTJIm6vu/7oW17ACx1GEQgCFxrVZpGYzc4jFgNpJB5mpdVc3v7GmA0jCPC+HA6WGjDKBZSYkLariMMv/nijZDyXBTT2dRhzPc9l7EkjhzH0UpGYeC57m6/y/M8ivw4SSb5pGuHy4srl7t3nz48gl0XAAAb1ElEQVSVRXnY7+qqNtZ4vu/5fJSybts4TpcXSzGOGKPbm+so8KzVwBo/8F2PIwyEGiljk+kkDCOHu2IcETAEAYYRQshao4QaR5kkIYEgcj0CADR2sZxTx3n/6wfKXeawtu3HvgcYK6O1scaaJAgurlaQQEBAmqfaquJ8UnL84tVrJWTkR74f/vTLh+OpDuI0SrO6qZer+ZfffD3IUVvNuPPmiy+++vJdU1dt1x6Oh37oIae9FJvj8XA+YASzJFpOZ5xS3+HXV1eTLGvrRorxZUCjbVo/cLnPqcO2ux0w9vC8IdC4jPheQJlTti12qIKAcRZFYRgFHnejKHKoc9jts0nm+V42ycuqXq83o1AAQMZomqVt1ymtpdLb7baq6q7vCaFV13y8+8QcHsUxxMT3I8dxlFbr3QZieDgfCaOu5/qeCyH4L//5nyDB8+WSc6ftGkbwi5vquNu+vro2Sm43m+PxCCFyfc+Poul0+sUXb7bbjZIyDkNOGWOUYmyNPmx309lUCMk9l1IipMhnuRJiNsuQ1c/PT33bQm3rsgy4+8XrV01TY0IIo+fyjBAklJbnk8ud5WKeREE+mTBGs0mmjOLcpZTESUQZkUoMQ+8wdnWxXMxnDiOhy5MoCcOoblr8t//bf/f8/Lzf77bb7Xa7SdNodbGczWZa6dPpOAxD07SUckpZUw8QoVk+b9u+qpqbm1dJkiEEu77r+76oSiEG7vJx6CdpJgfhUM4YdTknGDRV2Q+d41DOWV2VeT71Pf98KsUoP376fDqfPt3dnc/nOI6HYbi4uJjPF03T1HUdRZHnu57ncc7rum6aOoljo3USxVdX1wjCz3d3Xd97vquUOBUnSinF1OH88eEZWAghqus6CXwEgOe5GENMEESo6wdrbds2zKHjMAJjXt1eB577+PmuqWvisO1+ezodhqHv+66um7btu35ACBEICQRAawgsxZRSh1LCHcYo8TAem65tagPserf9w7/8saxrh7lGawSRBbCq61aIUQglVJpknRBaG5d7XdtBABezuct4cS66caza9k/f/zhKBQCmBLsOPZ+PhDEhhBjHp8fHvq6NGLMogkZrKZRRhDEv8DWEVV1TjLUQBCJOGCOEUcooxRgjCBGAHuen47GsyrZtoyTGGDOLQs9fTCZKCoQwdd3d8diOA/f9MIlchxut6qqmiGZpZrT581/+VFYVpg6m1PMD1/cdl19cXiljejEYY/qhPx7Py9XKYbyuK2kkguj65lUSp9BC1+EIQQvMdDF98/ZNUZy0VtcXF0Pbn/b7PM8JdaSSxqo0jhbzWei7VkrRd9MkBca8GH/iNPWCAGHkeNxq3bdtGPgUIYxhnqVGqd12Y7S+ubmilMZx1NTV5/s7QnBdFRf5ZJpm4zgapdIkS5IkTRLH4c/rtYXGYogJ4pxzRgPXy+KYQvPzzz+9//nn/fE4neaUUKX1drebTDKtFWM0TaI4CDCGUox91wAAEcLc83ohSRiGWmsAYBB688UkjsPz+bzdbvtusNbOZgtrcNMKBDmwrCx6As99J6Mwu7q6QQg9Pt5/+PAhjuM0jeu6vr+/R8AeHVcImU8znyEL5CB6pUc5jhfLd1IqBO1xf8CAaGH3myIJs8+PjxBDrXUOc0Sw43ILgQEWINgNfZrF/Ti4Ls/y7P7+HgDALHQos9q0bfti6xNCZFn2Inqsq1op3TTNZv1n1/UX09l8khXlGVM6ysFAiDCkFDtOYIwpy6Jvu8N+5zno1c01ssD1XS9wiTt1MILQjuNIqUMZb/pB9ANECCMMjbbGQAsIAgaTu48f59MJ5p4x1mjdVrW19vb29v3Hz2Fwppjkaea5QS9GTInnBQ+fnjrxWbS97/Gx0dW5AhicxzOeUxLxj3f32+2+KM+zybTvqldXf/3Fq6v/8//6P07rrdTawZhowBFJ/fDL2zen477xw6przn0Ppc6jyIgxCLzqdB7HMfNCYOxxfxgDP4qivu04Y5M0a6r67v7TsSziLI08H1GQhsEsz56eHhzPYZxqCLwkakWvOmWkhEK0TYMtmk+mLnOWyyX718N2nCZSmc+fH47FmTJsrX4ZlUjSyevXXwztIOU4jO1kkjrY2T5vIs9P08nuuIu9oGjL9f3jeX84n4/t4egQBxuwur4JI/j9h5/7tkvT2HNI4DiB672+vkJGR0FA8DwRkvtB3Q/n8kwb2ndVEsfTWXLc7THSkzQYupES+5u/+S3ECCFzOJ8sGJPUczm5Xl0dn57D68tlMqkYJ67juBwD8unpQWGDgFFdG4a+lkr2w83ywqWYULDfelpLZWwUBgDjUKhxHJu2iuM4z1JjVHUuhBy0lHVd5/l0MOYshqEX+It//1dlWYZhEIURpZRS3DQ1pTSf5mmaUcoen9cIEjHqJElc7u12+1GKbJJZYHf7fTpJm6bWWs4Wcz/0jNFd39dlU5QNwkRK2Q/i5cSfJMlms5VSXl/eYswc6iJEP39+CpNMajWZ5BCCKIr6vk/TlHOHUsYY+/DhQ+CHUqq6qefzOSF4HMYsS4xW9w8Pz8/rIErmiyVj3Fj79u3bMIx//PEnhEgUZ+MohkF+8eaLsiruPn3aHbbD2OXTdLlaGKOANXEUdW2zWiwJglEYLJezw37bjd390wN3Hdd1ur7ruz5KEtePjoezGAXFhGKiDdDaKm26QdR1XdeV77kudx2Hcs/DjoMdHiXxfLGYZJkeVRzH3HMPp1MnhDXA4WFdNk3TpklKEZZCAKvvHx7LslDW+Ek8nc2NNfl0iiGeptl2/di11cXlpTEWE5amyeVqhSHwPe/x6UEKiSk5l5XUejqbTWezzWadxUkWxUPXn08nLeRxf/jTf/ujhbAf5GQ6Q4QiwoTRPPDbtr5arfbrTVGcu3HU2r7/9eP7Dx+++ubrp/V67Adr7CTLXeoAa43WH+8+hUkUZ1nTtD///DMAcDafMsqSJHlePwFjMIKzdIKhdRmrq2I2nx2rYjqff/r08f/7T/8pjZI8n+y2W6nEuy/fFkXpBR7GhGH63XffvSSlAprj6RiE0SSfvAzmOYyqUUZxEsaJxVQaYACsurbtOs6doW+tUXEQUMqwBeM49t04m82f18+fH+7TLHU9b5pl8zw/7rbYWGLs48N9WdVZPhlHuVlvtdZKqThKEIZN2zBCjvttcTwupzOt5OfHpyiZfPubv6LcO52Ln37+ua3bbuimeT6bTjEA9/efiuK8nM/TLG67lnK3E2K92xd1g9nXGfe8tu6ElA6lURBkaTIOHXMYIeR5/ey6HqVOFMcQgWNxCCLfD93n9XPT1gDZjx/eG6PTLI7iSBnR9u3rN18Ipbjvl3W7O5y7XigNx1Gfzv9/SfexLEmSWGfYRXh46IjMSC3urVuya7obMwDHCJtZkDAjFzRyjwUXfE8SL4DBAD0CrGJ3l7widYZW7uEiuOj3OP93yjzNA38EEVIKLJcb03T3h8vlkpiW47neKBpVZUUMFIUhRuh6vSTX1KKO5wbEMHePu+V8gRBMswsE8pKcu77v5eB5keeN87yuW37/9fH+ace4yPKKmpZSQ1k0YTSqu2aymCIDbG7Ws3l8Ou6kYFHoX07nqih9z3v27MYPvaqpmWLUodubZdOVA9Cu70MAudCsE03TXpPkV2+/dYPo/nGHqYWp9bDbQwNPJ+OqLk/n83yz7qT4sntyPDfPMt4133/7TZKcm7p2fDdJM6DBOBrXRcm6Noy8F6/uprP4D3/858DzxlHIGaOmbdsuNWkwiqUCCJGiLCDoe8mhgY7n66f7R9NxJBgaxi5pIiHIqsqwLT8Ms7JKsqrIczCoaRxXefnw+QEC6Npu3wsu9GK1ZQrsjmnTa0UIMK1OMmKSkecgNMyXm8Vi/fB02O8P29vNfDY1oVFl9bdvf33Yn9u283yX2Ij6dqfkx89fLMt68/q1EJxzvl6tHMcus+LFs9s3dzc3yxkQ/cPXT+MwsBx7nyU5a8LxaL5aHk7Hx8f7eBbfPb87no6Mc4gw68Vis8XE/Mu7/0cDPxiFDevC8VgNoO0Etey2ZS3vITbsIPrrT5/e/fSpaDrG5XQ622y359PZdlxK7dPxhCGBwHj//sM5KaSCAGHLsRbzOZDistuv4+l//Lu/e/b87g8//NC03f3D4+3ts9Vi+U//+/88f3b35tXr0A8j3y/zrOf8Zrs1MLzf7//tL+8P11ICIxxN/uVf//Ts5tl6vZK9MAzYNtWrly8ch4JBp2kSBF6a5ZbtAoiyopyvV/i3//MfMMan86kua0LJfrfTWjDW5UURjcaT2dJA5uV8baqaWhRihAmaL+aWTZu2NQnBBl7OF37gCSmrpmrblljWKArni0UvBO/7OJ5pPRR56di2Talh4GEYqEldx398fPr08XM0HtvUllpqrbSWSgkAtVaDUmq/OzDGo2gUBMHj4wNjnZRiuZz3khNqxtMZpW4vdF6U1zQDAK036zTLiqK0LCsMgzRNy7K4u7vdHw8DHHzfpRbpeVvXpQHherXyXT9NroxzAIBUggs2AD2KQ6V71ncIYSlVUdRSKos6GGOlhl5IxmXLeoARQLhlHYSAGvjh/utkvqgYY1IvVpvT8dg0LTGMYQA//vgj48wPAqE0NsggZZak2AB5me+Pe6F623W+fftGSfXL5DfJc857oXXHGO85gnqzmjDWFGXFhJyv1tFonJelkJKJ3rSIVlrBoWX9JcsZ423XurYlRE+wgQFCelgsFrPZjAvuhyNEzFOSPRxOeVWdrteOs9Vqnl+OSipsWHXXVVXj+d5qOXcc59//+q4q24eve8tyAi942j1ubxdMcC+M665rqgrBQUr1+PiQ5+VkMkmuyXG3821Li16JPvC9LEmveYE9V2idZZlFKQSw7VrXdeumOV+veVnsTyfXCym1HnfHquvqpu26pus5xObT7rjfHSzHdhwHIAAAvmZF3fWr7c14OtWDNjDqGdve3BZ50TatTW3X9Q2TDoAIqaFhfPz8aT6LP3z4MU/S7795k5+Tvu+BgW3fw5gQQsIgJCYxsMk5y7LMtm2MoRJCSXG9Xqq6mi+W17x586vv07w87A+jKHrx8pWScjweFVnGGdNaX85XpSWEkFp2WdYIwu+++xvbDY7HM/7NP/4961maZa7rBFHAe2ZSkwuhlA7DCCLKO/7hp0/DMAgpBghubreO41zPZ4ta4zAs87xtmmtyKcrSNKlBTDhopWTTVD1jlBqmaWjdI6SohW2LBIHrurZhYIzR8XgoiuLNN28eHr6WVUEtsr1ZrdZzSknbtWVZcS60HjzP9Tz3er0aBCIE43hs23bTtJzJqqybtvtF4DBNjDAMAi+OI89zFovZdDpWSjDe+kFwPB4IRqZpLGaz7WbTtp2UOgwipXQURsQ0IQQGIUoqpWXXdYMCNnUQwG3dSaHggKRQBiL7pz3rOgQhAsDAGENITdMyEQA6jKLj+Xo8XSAyyrrtpZrNVhjhqm79KAyjMUTQpLRpm6LIX75+OZrEXAo1KErpfDnvGKO2dbickjwbMIIIMN4p2RtooAQOg5RKG8QcxRPe90VRxONxVZW2ZaIB2I7tON4AIUJYyj4eR5KL1Ww1Ho217Bfz6SgOHnf3j08Plu3oQVu2vV5vIBiS63WQAg3awAY2TM5E1bRdzyGCgwan0zkIR13L67oeT+Ig8hbz6eN+/+7Hn2/Wd6MoFL2wTYuYpu3469VNkmSH3W69XEEAHNdbb7YPT4em41XVaqlY2VqUmth0HGe13gCMVjdb23GOp4thkq7jvJffvv3WdiytQRCOonAilbapvd1sKDGul7NJjGuSKD3Yrl3VFWOt59pgUIEffP365XI5LxcLx3aEkGEYCSFfvn6V5RmhOL1eAs//m++/47zvOk4oIYaR5cWLFy9c3ztdzsvlEmE4gAFhUDdN3/NRFI5GkYmxUCoIxwgBJXuMQFEUGA4AaM45Y3wAQ9O2WZ47XmBa9oCIUoNN7SIr/+WP/9a2DH//j79lgkuppvOpQfB8NsUEVVUdRtGg8ceP93XZpkly3D+ZJp3NJqZp9oKLXhBCmroaBrBaLibxNIrCOJ5IKdMsWSznh+NuNptub7Zpdh2AjuMwSS5K9uM4opaZpmldNU3TDgPYbDfbmy0mGABFiIENBCGQUnVdG0URQgiAwTAwIcbz53dKybqpbNvpe2EYZte1TdMSgolJbMe+Xs9h6MeTkZTCsswwCsoqP50O1ySp6+abN69N02ibuu/56XQKw6jIS0qtKBpVZdmyNh6PiWl0bbtarjzf8xwfAKyENgi1qAUhGoUjxvmgtFQ9AnAAuufcNDEEYr1a1YyN46lJ7axsPT+8//oIBtByhgwjCKKWtUVR9EKmaToaRaZlZUUutPJcxyAG69rD8SiVallHXTueTHzf8z03jsKR50jeGgam1LYdDxMqlSDEHI+ieDyyTNq0jWlSatNeCIyxQYhWmrWMEqKlZF0zncTjSdh2jWnScBTyXneM+aE/jmPLMoHWknc9F2BA1LY1gHXVQDjMFvPb2+cA4MVydTmfF8vF7e3mdNz1Ujw8nlerjQHh9ZoqoQxiMaaSLDseTnAYTGK0beM6LgDw/nE3QIQh8W1vs1zzrsvznFq2ELJXYgBAgcEgJhhQ27I4jsej0f3X+xcvX3WM50XVC+m5Xhj6BoJSitAPonHkB2HL2mt6hUD7nm2aJMuypq6bsppOJwii6zWxbFfq4Vfffes49tPT/WQyvtlu8yI3IBFS5HWVZHlZluNJ3HFWVNVkNlaD0oPmguVpmpeZ53l3d88ooV++3FNqlWUVheH2Zo3A0Lat57nr9RohFM9mekBMSNvxul6mWQkhOB+PGEElVBBE+Lf/6/fYMDgXAAIppWEaWg9N3WBkSjkcj2nP+3HoPT7ev3rzerlefPz00aJ0s1qdjoe2buaz2avXLzHGeV50jDPOKCUWJWmS+H5g29b5eNJKuZ7Tde1sMSOUgGFo2w5ASAiFCHmup7UkBnYdaiCkVY8hGJTums6xHCl6rWTge45txeNRUaRAD2lWjkfx27dvKaVFmQGgLUp9353PZwAAhKHWSkjOWCMVm8+nZV5b1H7+/JnSSvYSYdRUzWw6DcNISVU3zcPDQ5ZnlkWVEqxjUoiqaoqsStNC9tL3gzia+L5fl6VpEi1l3ZSe43i+iwBYLKa3mzWE4Gl/gogY1IaITCYzTMxeKmSQ8Wg8jscAAELMURSYxCAY+77XsU70vO5aMADf9W9ubhGGpmlSkyrJ2qZCg0RKlGmy3a6klANAhkmU0pZNfdfLi9SiZts0aXKFEEoli7JyHHe+WCCIbGLVVX3Y7TjrqEUA0BqoeDYhtiXVkBV5WTXj8TgKgyJPLdPE2JBCY0J9PwQISKmxSaPx5N37HxmXWg8Gwf/+f//8+eunxXK5WNyejpf9fgfUoPXAhWRc5HnBGH/27HlyTRjr5stV07GW9ZblerbX1u2rF6+6ti2r2iD409cvJrWk1o+7vesFWZGXRTmbzVjXV1U5aH05n/texnHcM/7ju/dPDw+yZ+Px2HYdTAzec4igELzIEyWla7txHHPGDANjhKuqhhADiBhvsQGzPHVc23PdDz//9PC0HyBouo6L3vXcp/3ucD4sN0uIht1+9/nLp8k0BmBo6poYRlM3aZL4QYAM8uz2hrOuLqubm5vDYff+/XtCSNeLMIwYF1IPABmsF3XL4jg2gPoPf/u3y+WqqCr8/H+8tX2X96JpOy/wq7L2PG8YQJbmFnUcN5S9XMwnv/n193E8OhwOlJqO515OJ6WE63ie73DOv3z5khcFwQbCKJ7GTdO6rgcAqOsGAogQxMiYTCbL5fJwOLC2RwgPA9QaMMYZ7/705x+oZS4WM8s2+55rrbQeGOsYZ30vTNOM4/EvCmKaJbc3d1lWSql+OSipqtJ1Hc93HccOgtCyLNt2sjyrmyoIXNuhCCGLerZtS6nqugw8z3Hspm5M01wslvf3X9M0RQi7vmsYBusYIcbxcFFCK6W10hgbJjGlEk1dcc5s20IY9pyFYRiGHoDDOPQDz3l8egqDUZLl16RAGF/S/O7Fi+vl0rZtzzvGurqphRA9Y1mavn71arlYcsaarhO9jIIIDdAkRjyOe86rqkqulzJPfYv6ltWzxvd8qSSEeIDwdD6XVY0wTK9JnmcGxpZjjcZjCGGRZ3oYMDIIoZN4gsAgpYhGoWHCJEuKqkjynDFhUEvKoaxKQgyE4OV8DoPAsd2iaqq6Ho1j2/OuSfr4+JQmuZSqqmrP9znr/vTnH75583o8jg+HS1u3cTSyLJrnpW17k+m06wUmZLNZn447pfVmvR0QUgPUGgae9/Tw6PketUzTthDBRVGs1usBgM+fPhFMeMeUFJ7jSSmWy+XxeNRK+2G0XCzSNH3/7p1rW7/59fcIwfPlkhelSel0MgFQ95wtF4swiFzHb5taiN73fGrZA8LUMj98+MB7dnOzaepKKYUN8vOHD47r3b14VZa1PwrLqtQATGeT6/UCgE7T5FffvAUAmIQ8v7vb7w77w/F3v/v949Mur8rr+XI4HMIw9DwXY/z5/qvWg0ntvKqElJyLXsi6ZeNR9PJm3bM2TVMpJZ78541lex0Xbdu5rguGIfA9IUXbMcf1KXUMhCdj/9mz7TW5Pu2fXrx4Dofh06ePN7cbjJDv2EoIocSzu9vZbFrVNQLIsdxpPHNsd9DAwMQwTAMTy7LTtLj/+mgQqxfq8X7ftp3o1eV8nU5Go1FACEmT5LDfS9k7tuXarpLCdRyTGCYxy7IUQjR1u1iuEDY/f/16Sc4d6wCSjmcbhoEw/vzlq5BK6eHh4aEoi9liprT++OnL+ZjM5wutddc1g1K7p31ZlFE0enx8/Pz5M7Ws7XYTTyeUUsMgi8Uy9IKb7c1sMqXEhAPQSnVt2zXNfDoFg/Rcx7aISbCBUVvXVVmkl3PbtIvlwnJdQi0h9cPjA2PtdDoxCbaoaVHTtiyLWkoo0Ytff/9dnmb//Ic/NnUzHU+3m+3Hnz789Ye/bFabIs+h1rZputTcLpdvX77YrjdP+/0vPhQyDN6LNEnAMPySk8+XC9txCSbDoDnnvZDXa5JlOUAQImzZ9mw2cT2nFz0XAmDSdP01Kc7XtGkapZRpkkk8bpuGmLSsG6n1bLaECF+uSdt2HWOUOtFo5LoWMQzXtX/3+78nhPz08+f5bPH87tmg1PlycVzPC4I0z4UQTduAQXPWDhCYlF6zLMmyb16+JoRkeS4H1bEuyZIgCLQWTw8PvOssky7ms8D3es5Fz1nXjqIQwCFNs65tmrpyLPpf/+E//ff/8t8uyfl0OhGTBtHIsmzXc6IgXC6WTdVdr1cDI4yxQQxq0bppldIdY1qLeDISsmeMh2FADBMgY7pY7s4XCCBC2HVtCEFR5LPJbL1amoZR5pXreLPZvO+lHtAonrh+UDftdDoDCAglbdedTGfv3r1/+eK17diX61Vr3TStkPJ0vijJA5t8+fwzJmS9Xv5/xF9kFEAZhPAAAAAASUVORK5CYIIJCQoKCg=="> is not clickable at point (595, 633). Other element would receive the click: <iframe id="aswift_4" name="aswift_4" browsingtopics="true" style="width: 1005px !important; height: 124px !important; display: block; margin: 0px auto;" sandbox="allow-forms allow-popups allow-popups-to-escape-sandbox allow-same-origin allow-scripts allow-top-navigation-by-user-activation" width="1005" height="124" frameborder="0" marginwidth="0" marginheight="0" vspace="0" hspace="0" allowtransparency="true" scrolling="no" allow="attribution-reporting" src="https://googleads.g.doubleclick.net/pagead/html/r20240724/r20110914/zrt_lookup_fy2021.html#RS-1-&amp;adk=1812271801&amp;client=ca-pub-9752183866255290&amp;fa=1&amp;ifi=5&amp;uci=a!5&amp;btvi=2" data-google-container-id="a!5" tabindex="0" title="Advertisement" aria-label="Advertisement" data-google-query-id="COTig_fJzIcDFVZbnQkdjNoVBw" data-load-complete="true"></iframe>
  (Session info: chrome=127.0.6533.72)
Build info: version: '4.8.3', revision: 'e5e76298c3'
System info: os.name: 'Windows 10', os.arch: 'amd64', os.version: '10.0', java.version: '17.0.1'
Driver info: org.openqa.selenium.chrome.ChromeDriver
Command: [96fd4348cf6985fdd144b08560c4f4b2, clickElement {id=f.1D380D97F0BE1FE31600AF6B2BB1B3D5.d.BC97C8F3B481557BEE7B0D1EB58DF8C0.e.43}]
Capabilities {acceptInsecureCerts: false, browserName: chrome, browserVersion: 127.0.6533.72, chrome: {chromedriverVersion: 126.0.6478.126 (d36ace6122e..., userDataDir: C:\Users\uppad\AppData\Loca...}, fedcm:accounts: true, goog:chromeOptions: {debuggerAddress: localhost:51050}, networkConnectionEnabled: false, pageLoadStrategy: normal, platformName: WINDOWS, proxy: Proxy(), se:cdp: ws://localhost:51050/devtoo..., se:cdpVersion: 127.0.6533.72, setWindowRect: true, strictFileInteractability: false, timeouts: {implicit: 0, pageLoad: 300000, script: 30000}, unhandledPromptBehavior: dismiss and notify, webauthn:extension:credBlob: true, webauthn:extension:largeBlob: true, webauthn:extension:minPinLength: true, webauthn:extension:prf: true, webauthn:virtualAuthenticators: true}
Element: [[ChromeDriver: chrome on WINDOWS (96fd4348cf6985fdd144b08560c4f4b2)] -> xpath: //fieldset[@class='firststep-14928']//img[@id='output']]
Session ID: 96fd4348cf6985fdd144b08560c4f4b2
at java.base/jdk.internal.reflect.NativeConstructorAccessorImpl.newInstance0(Native Method)
at java.base/jdk.internal.reflect.NativeConstructorAccessorImpl.newInstance(NativeConstructorAccessorImpl.java:77)
at java.base/jdk.internal.reflect.DelegatingConstructorAccessorImpl.newInstance(DelegatingConstructorAccessorImpl.java:45)
at java.base/java.lang.reflect.Constructor.newInstanceWithCaller(Constructor.java:499)
at java.base/java.lang.reflect.Constructor.newInstance(Constructor.java:480)
at org.openqa.selenium.remote.codec.w3c.W3CHttpResponseCodec.createException(W3CHttpResponseCodec.java:200)
at org.openqa.selenium.remote.codec.w3c.W3CHttpResponseCodec.decode(W3CHttpResponseCodec.java:133)
at org.openqa.selenium.remote.codec.w3c.W3CHttpResponseCodec.decode(W3CHttpResponseCodec.java:53)
at org.openqa.selenium.remote.HttpCommandExecutor.execute(HttpCommandExecutor.java:193)
at org.openqa.selenium.remote.service.DriverCommandExecutor.invokeExecute(DriverCommandExecutor.java:183)
at org.openqa.selenium.remote.service.DriverCommandExecutor.execute(DriverCommandExecutor.java:158)
at org.openqa.selenium.remote.RemoteWebDriver.execute(RemoteWebDriver.java:543)
at org.openqa.selenium.remote.RemoteWebElement.execute(RemoteWebElement.java:257)
at org.openqa.selenium.remote.RemoteWebElement.click(RemoteWebElement.java:78)
at com.google.www.captcha.captcha2(captcha.java:17)
at java.base/jdk.internal.reflect.NativeMethodAccessorImpl.invoke0(Native Method)
at java.base/jdk.internal.reflect.NativeMethodAccessorImpl.invoke(NativeMethodAccessorImpl.java:77)
at java.base/jdk.internal.reflect.DelegatingMethodAccessorImpl.invoke(DelegatingMethodAccessorImpl.java:43)
at java.base/java.lang.reflect.Method.invoke(Method.java:568)
at org.testng.internal.invokers.MethodInvocationHelper.invokeMethod(MethodInvocationHelper.java:139)
at org.testng.internal.invokers.TestInvoker.invokeMethod(TestInvoker.java:677)
at org.testng.internal.invokers.TestInvoker.invokeTestMethod(TestInvoker.java:221)
at org.testng.internal.invokers.MethodRunner.runInSequence(MethodRunner.java:50)
at org.testng.internal.invokers.TestInvoker$MethodInvocationAgent.invoke(TestInvoker.java:962)
at org.testng.internal.invokers.TestInvoker.invokeTestMethods(TestInvoker.java:194)
at org.testng.internal.invokers.TestMethodWorker.invokeTestMethods(TestMethodWorker.java:148)
at org.testng.internal.invokers.TestMethodWorker.run(TestMethodWorker.java:128)
at java.base/java.util.ArrayList.forEach(ArrayList.java:1511)
at org.testng.TestRunner.privateRun(TestRunner.java:806)
at org.testng.TestRunner.run(TestRunner.java:601)
at org.testng.SuiteRunner.runTest(SuiteRunner.java:433)
at org.testng.SuiteRunner.runSequentially(SuiteRunner.java:427)
at org.testng.SuiteRunner.privateRun(SuiteRunner.java:387)
at org.testng.SuiteRunner.run(SuiteRunner.java:330)
at org.testng.SuiteRunnerWorker.runSuite(SuiteRunnerWorker.java:52)
at org.testng.SuiteRunnerWorker.run(SuiteRunnerWorker.java:95)
at org.testng.TestNG.runSuitesSequentially(TestNG.java:1256)
at org.testng.TestNG.runSuitesLocally(TestNG.java:1176)
at org.testng.TestNG.runSuites(TestNG.java:1099)
at org.testng.TestNG.run(TestNG.java:1067)
at org.testng.remote.AbstractRemoteTestNG.run(AbstractRemoteTestNG.java:115)
at org.testng.remote.RemoteTestNG.initAndRun(RemoteTestNG.java:251)
at org.testng.remote.RemoteTestNG.main(RemoteTestNG.java:77)
]]>
    </error>
  </testcase> <!-- captcha2 -->
  <system-out/>
</testsuite> <!-- com.google.www.captcha -->
