<?xml version="1.0" encoding="UTF-8"?>
<!-- Generated by org.testng.reporters.JUnitReportReporter -->
<testsuite hostname="LAPTOP-DUJVT34T" failures="0" tests="4" name="com.google.www.dummy" time="173.028" errors="0" timestamp="2024-07-20T17:05:45 IST" skipped="0">
  <testcase classname="com.google.www.dummy" name="PositiveFlow" time="47.674"/>
  <system-out/>
  <testcase classname="com.google.www.dummy" name="PositiveFlow" time="39.257"/>
  <system-out/>
  <testcase classname="com.google.www.dummy" name="PositiveFlow" time="44.713"/>
  <system-out/>
  <testcase classname="com.google.www.dummy" name="PositiveFlow" time="41.384"/>
  <system-out/>
</testsuite> <!-- com.google.www.dummy -->
