<?xml version="1.0" encoding="UTF-8"?>
<!-- Generated by org.testng.reporters.JUnitReportReporter -->
<testsuite hostname="LAPTOP-N9VAP4GL" failures="0" tests="1" name="com.google.www.TruTime" time="7.155" errors="0" timestamp="2023-08-16T13:49:31 IST" skipped="0">
  <testcase classname="com.google.www.TruTime" name="scenario1" time="7.155"/>
  <system-out/>
</testsuite> <!-- com.google.www.TruTime -->
