<?xml version="1.0" encoding="UTF-8"?>
<!-- Generated by org.testng.reporters.JUnitReportReporter -->
<testsuite hostname="LAPTOP-N9VAP4GL" failures="0" tests="1" name="Table.webtable" time="28.705" errors="0" timestamp="2023-06-02T15:15:10 IST" skipped="0">
  <testcase classname="Table.webtable" name="test" time="28.705"/>
  <system-out/>
</testsuite> <!-- Table.webtable -->
