<?xml version="1.0" encoding="UTF-8"?>
<!-- Generated by org.testng.reporters.JUnitReportReporter -->
<testsuite hostname="PL-IN-PF4652RY" failures="0" tests="1" name="flipkart.tests.landingPageTest" time="18.496" errors="0" timestamp="2025-06-22T20:06:56 IST" skipped="0">
  <testcase classname="flipkart.tests.landingPageTest" name="signup" time="18.496"/>
  <system-out/>
</testsuite> <!-- flipkart.tests.landingPageTest -->
