<?xml version="1.0" encoding="UTF-8"?>
<!-- Generated by org.testng.reporters.JUnitReportReporter -->
<testsuite hostname="LAPTOP-N9VAP4GL" failures="0" tests="1" name="com.google.www.Demowebshop" time="36.872" errors="0" timestamp="2023-08-30T17:15:00 IST" skipped="0">
  <testcase classname="com.google.www.Demowebshop" name="scenario11" time="36.872"/>
  <system-out/>
</testsuite> <!-- com.google.www.Demowebshop -->
