<?xml version="1.0" encoding="UTF-8"?>
<!-- Generated by org.testng.reporters.JUnitReportReporter -->
<testsuite hostname="LAPTOP-N9VAP4GL" failures="0" tests="1" name="com.herokuapp.theinternet.PositiveTests" time="18.935" errors="0" timestamp="2022-09-12T08:21:48 IST" skipped="0">
  <testcase classname="com.herokuapp.theinternet.PositiveTests" name="loginTest" time="18.935"/>
  <system-out/>
</testsuite> <!-- com.herokuapp.theinternet.PositiveTests -->
