<?xml version="1.0" encoding="UTF-8"?>
<!-- Generated by org.testng.reporters.JUnitReportReporter -->
<testsuite hostname="LAPTOP-DUJVT34T" failures="0" tests="1" name="com.google.www.E2Escenario" time="68.049" errors="0" timestamp="2024-07-22T23:00:03 IST" skipped="0">
  <testcase classname="com.google.www.E2Escenario" name="PositiveFlow" time="68.049"/>
  <system-out/>
</testsuite> <!-- com.google.www.E2Escenario -->
