<?xml version="1.0" encoding="UTF-8"?>
<!-- Generated by org.testng.reporters.JUnitReportReporter -->
<testsuite hostname="LAPTOP-N9VAP4GL" failures="0" tests="2" name="com.herokuapp.theinternet.NegativeTests" time="18.457" errors="0" timestamp="2022-09-13T12:20:31 IST" skipped="0">
  <testcase classname="com.herokuapp.theinternet.NegativeTests" name="negativelogintest" time="9.974"/>
  <system-out/>
  <testcase classname="com.herokuapp.theinternet.NegativeTests" name="negativelogintest" time="8.483"/>
  <system-out/>
</testsuite> <!-- com.herokuapp.theinternet.NegativeTests -->
