<?xml version="1.0" encoding="UTF-8"?>
<!-- Generated by org.testng.reporters.JUnitReportReporter -->
<testsuite hostname="LAPTOP-N9VAP4GL" failures="0" tests="1" name="com.google.www.scenario2" time="5.638" errors="0" timestamp="2023-04-08T09:54:34 IST" skipped="0">
  <testcase classname="com.google.www.scenario2" name="scenario2" time="5.638"/>
  <system-out/>
</testsuite> <!-- com.google.www.scenario2 -->
