<?xml version="1.0" encoding="UTF-8"?>
<!-- Generated by org.testng.reporters.JUnitReportReporter -->
<testsuite hostname="LAPTOP-N9VAP4GL" failures="0" tests="1" name="com.google.www.Registerdetails" time="10.858" errors="0" timestamp="2024-07-13T20:00:08 IST" skipped="0">
  <testcase classname="com.google.www.Registerdetails" name="registerpage" time="10.858"/>
  <system-out/>
</testsuite> <!-- com.google.www.Registerdetails -->
