<?xml version="1.0" encoding="UTF-8"?>
<!-- Generated by org.testng.reporters.JUnitReportReporter -->
<testsuite hostname="LAPTOP-N9VAP4GL" failures="0" tests="1" name="bookmyshow.Scenario1" time="44.820" errors="0" timestamp="2023-06-02T14:48:05 IST" skipped="0">
  <testcase classname="bookmyshow.Scenario1" name="getticket" time="44.820"/>
  <system-out/>
</testsuite> <!-- bookmyshow.Scenario1 -->
